09:09:10.515 [main                     ] DEBUG Logger               - Configured Logger
09:09:10.559 [main                     ] DEBUG GameApplication      - Logging settings
Title: Star Wars Game
Version: 1.0
Width: 800
Height: 600
Fullscreen: false
Intro: false
Profiling: false
Single step:false
App Mode: DEVELOPER
Menu Key: ESCAPE
Stage Style: DECORATED
Scene Factory: class com.almasb.fxgl.app.scene.SceneFactory

09:09:11.111 [JavaFX Application Thread] DEBUG FXGLApplication      - Initializing FXGL
09:09:11.116 [JavaFX Application Thread] INFO  Engine               - FXGL-17.1 (24.03.2022 17.34) on WINDOWS (J:21.0.2 FX:18)
09:09:11.117 [JavaFX Application Thread] DEBUG Engine               - JRE Vendor Name: Oracle Corporation
09:09:11.117 [JavaFX Application Thread] DEBUG Engine               - Running on OS: Windows 11 version 10.0
09:09:11.117 [JavaFX Application Thread] DEBUG Engine               - Architecture: amd64
09:09:11.118 [JavaFX Application Thread] INFO  Engine               - Source code and latest versions at: https://github.com/AlmasB/FXGL
09:09:11.118 [JavaFX Application Thread] INFO  Engine               -       Ask questions and discuss at: https://github.com/AlmasB/FXGL/discussions
09:09:11.118 [JavaFX Application Thread] INFO  Engine               -              Join the FXGL chat at: https://gitter.im/AlmasB/FXGL
09:09:11.262 [JavaFX Application Thread] DEBUG PrimaryStageWindow   - Creating a JavaFX scene
09:09:11.327 [JavaFX Application Thread] DEBUG PrimaryStageWindow   - Target settings size: 800.0 x 600.0
09:09:11.328 [JavaFX Application Thread] DEBUG PrimaryStageWindow   - Scaled scene size:    800.0 x 600.0
09:09:11.328 [JavaFX Application Thread] DEBUG PrimaryStageWindow   - Scaled ratio: (1.0, 1.0)
09:09:11.330 [JavaFX Application Thread] DEBUG PrimaryStageWindow   - Set initial scene to FXGLStartupScene
09:09:11.341 [JavaFX Application Thread] DEBUG PrimaryStageWindow   - Opening main window
09:09:11.510 [JavaFX Application Thread] DEBUG PrimaryStageWindow   - Window border size: (13.0, 35.5)
09:09:11.511 [JavaFX Application Thread] DEBUG PrimaryStageWindow   - Scaled size: 800.0 x 600.0
09:09:11.511 [JavaFX Application Thread] DEBUG PrimaryStageWindow   - Scaled ratio: (1.0, 1.0)
09:09:11.512 [JavaFX Application Thread] DEBUG PrimaryStageWindow   - Scene size: 800.0 x 600.0
09:09:11.512 [JavaFX Application Thread] DEBUG PrimaryStageWindow   - Stage size: 813.0 x 635.5
09:09:11.523 [FXGL Background Thread 1 ] DEBUG Engine               - Initializing environment variables
09:09:11.591 [FXGL Background Thread 1 ] DEBUG FXGLAssetLoaderServi - User app class for loading assets: class org.StarWarsFinalProject.GameApp
09:09:11.591 [FXGL Background Thread 1 ] DEBUG GameApplicationServi - Applying CSS: fxgl_dark.css
09:09:11.592 [FXGL Background Thread 1 ] DEBUG FXGLAssetLoaderServi - Loading from file system: jar:file:/C:/Users/Martin/.gradle/caches/modules-2/files-2.1/com.github.almasb/fxgl/17.1/2a9509aedf54954c9b13849c18c6f495a81c542d/fxgl-17.1.jar!/fxglassets/ui/css/fxgl_dark.css
09:09:11.641 [FXGL Background Thread 1 ] DEBUG GameApplicationServi - Initializing application scenes
09:09:11.737 [FXGL Background Thread 1 ] DEBUG GameWorld            - Game world initialized
09:09:11.864 [FXGL Background Thread 1 ] DEBUG PhysicsWorld         - Physics world initialized: appHeight=600, physics.ppm=50.0
09:09:11.865 [FXGL Background Thread 1 ] DEBUG PhysicsWorld         - Using strategy: BRUTE_FORCE
09:09:11.870 [FXGL Background Thread 1 ] DEBUG GameScene            - Game scene initialized: 800x600
09:09:11.887 [FXGL Background Thread 1 ] DEBUG FXGL.DefaultMenu     - createMenuBodyGameMenu()
09:09:11.910 [FXGL Background Thread 1 ] DEBUG FXGL.DefaultMenu     - createOptionsMenu()
09:09:11.926 [FXGL Background Thread 1 ] DEBUG FXGLAssetLoaderServi - Loading from file system: jar:file:/C:/Users/Martin/.gradle/caches/modules-2/files-2.1/com.github.almasb/fxgl/17.1/2a9509aedf54954c9b13849c18c6f495a81c542d/fxgl-17.1.jar!/fxglassets/textures/particles/smoke.png
09:09:12.068 [FXGL Background Thread 1 ] DEBUG FXGLAssetLoaderServi - Loading from file system: jar:file:/C:/Users/Martin/.gradle/caches/modules-2/files-2.1/com.github.almasb/fxgl/17.1/2a9509aedf54954c9b13849c18c6f495a81c542d/fxgl-17.1.jar!/fxglassets/textures/particles/trace_horizontal.png
09:09:12.096 [FXGL Background Thread 1 ] DEBUG GameApplicationServi - Application scenes initialized
09:09:12.116 [FXGL Background Thread 1 ] DEBUG SystemBundleService  - Loading FXGL system data
09:09:12.122 [FXGL Background Thread 1 ] DEBUG FileSystemAccess     - Reading from: C:\Users\Martin\csci205_final_project\system\fxgl.bundle
09:09:12.133 [FXGL Background Thread 1 ] DEBUG SystemBundleService  - Bundle FXGL: {}
09:09:12.134 [FXGL Background Thread 1 ] DEBUG UpdaterService       - Checking for updates
09:09:12.138 [FXGL Background Thread 4 ] DEBUG FXGLApplication      - Loading fonts
09:09:12.139 [FXGL Background Thread 4 ] DEBUG FXGLAssetLoaderServi - Loading from file system: jar:file:/C:/Users/Martin/.gradle/caches/modules-2/files-2.1/com.github.almasb/fxgl/17.1/2a9509aedf54954c9b13849c18c6f495a81c542d/fxgl-17.1.jar!/fxglassets/ui/fonts/VarelaRound-Regular.ttf
09:09:12.139 [FXGL Background Thread 1 ] DEBUG FXGLApplication      - Loading default localization
09:09:12.140 [FXGL Background Thread 1 ] DEBUG FXGLAssetLoaderServi - Loading from file system: jar:file:/C:/Users/Martin/.gradle/caches/modules-2/files-2.1/com.github.almasb/fxgl/17.1/2a9509aedf54954c9b13849c18c6f495a81c542d/fxgl-17.1.jar!/fxglassets/languages/english.lang
09:09:12.197 [FXGL Background Thread 4 ] DEBUG FXGLAssetLoaderServi - Loading from file system: jar:file:/C:/Users/Martin/.gradle/caches/modules-2/files-2.1/com.github.almasb/fxgl/17.1/2a9509aedf54954c9b13849c18c6f495a81c542d/fxgl-17.1.jar!/fxglassets/ui/fonts/Abel-Regular.ttf
09:09:12.203 [FXGL Background Thread 4 ] DEBUG FXGLAssetLoaderServi - Loading from file system: jar:file:/C:/Users/Martin/.gradle/caches/modules-2/files-2.1/com.github.almasb/fxgl/17.1/2a9509aedf54954c9b13849c18c6f495a81c542d/fxgl-17.1.jar!/fxglassets/ui/fonts/TerminalLandMono-Regular.otf
09:09:12.204 [FXGL Background Thread 1 ] INFO  FXGLApplication      - FXGL initialization took: 0.682 sec
09:09:12.205 [JavaFX Application Thread] DEBUG FXGLAssetLoaderServi - Loading from file system: jar:file:/C:/Users/Martin/.gradle/caches/modules-2/files-2.1/com.github.almasb/fxgl/17.1/2a9509aedf54954c9b13849c18c6f495a81c542d/fxgl-17.1.jar!/fxglassets/textures/fxgl_icon.png
09:09:12.210 [FXGL Background Thread 4 ] DEBUG FXGLAssetLoaderServi - Loading from file system: jar:file:/C:/Users/Martin/.gradle/caches/modules-2/files-2.1/com.github.almasb/fxgl/17.1/2a9509aedf54954c9b13849c18c6f495a81c542d/fxgl-17.1.jar!/fxglassets/ui/fonts/Courier-Prime.ttf
09:09:12.232 [JavaFX Application Thread] DEBUG FXGLAssetLoaderServi - Loading from file system: jar:file:/C:/Users/Martin/.gradle/caches/modules-2/files-2.1/com.github.almasb/fxgl/17.1/2a9509aedf54954c9b13849c18c6f495a81c542d/fxgl-17.1.jar!/fxglassets/textures/fxgl_default_cursor.png
09:09:12.263 [JavaFX Application Thread] DEBUG Input                - Registered new binding: Screenshot - CTRL+8
09:09:12.264 [JavaFX Application Thread] DEBUG Input                - Registered new binding: System info dump - CTRL+9
09:09:12.264 [JavaFX Application Thread] DEBUG Input                - Registered new binding: Restart - CTRL+R
09:09:12.265 [JavaFX Application Thread] DEBUG Input                - Registered new binding: Toggle Debug Camera - CTRL+7
09:09:12.268 [JavaFX Application Thread] DEBUG LoopRunner           - Starting loop
09:09:12.268 [JavaFX Application Thread] DEBUG LoopRunner           - Initializing JavaFX AnimationTimerLoop
09:09:12.271 [JavaFX Application Thread] DEBUG GameApplicationServi - Starting new game
09:09:12.271 [JavaFX Application Thread] DEBUG Input                - Clearing active input actions
09:09:12.292 [JavaFX Application Thread] DEBUG GameApplicationServi - Removing overlay from FXGLStartupScene and adding to FXGLLoadingScene
09:09:12.293 [JavaFX Application Thread] DEBUG PrimaryStageWindow   - FXGLStartupScene -> FXGLLoadingScene
09:09:12.293 [JavaFX Application Thread] DEBUG GameApplicationServi - Clearing previous game
09:09:12.294 [JavaFX Application Thread] DEBUG GameScene            - Clearing game scene
09:09:12.294 [JavaFX Application Thread] DEBUG GameWorld            - Clearing game world
09:09:12.294 [JavaFX Application Thread] DEBUG PhysicsWorld         - Clearing physics world
09:09:12.296 [FXGL Background Thread 4 ] DEBUG FXGLApplication      - Initializing game
09:09:12.296 [JavaFX Application Thread] DEBUG FXGLApplication      - Registering font factories with UI factory
09:09:12.376 [FXGL Background Thread 4 ] DEBUG Input                - Registered new binding: Move Player Right - D
09:09:12.376 [FXGL Background Thread 4 ] DEBUG Input                - Registered new binding: Move Player Left - A
09:09:12.376 [FXGL Background Thread 4 ] DEBUG Input                - Registered new binding: Move Player Up - W
09:09:12.377 [FXGL Background Thread 4 ] DEBUG Input                - Registered new binding: Move Player Down - S
09:09:12.377 [FXGL Background Thread 4 ] DEBUG Input                - Registered new binding: Shoot Blaster - Space
09:09:12.378 [FXGL Background Thread 4 ] INFO  FXGLApplication      - Game initialization took: 0.081 sec
09:09:12.382 [JavaFX Application Thread] DEBUG Input                - Clearing active input actions
09:09:12.395 [JavaFX Application Thread] DEBUG GameApplicationServi - Removing overlay from FXGLLoadingScene and adding to GameScene
09:09:12.395 [JavaFX Application Thread] DEBUG PrimaryStageWindow   - FXGLLoadingScene -> GameScene
09:09:13.256 [FXGL Background Thread 2 ] INFO  UpdaterService       - Your current version:  17.1
09:09:13.258 [FXGL Background Thread 2 ] INFO  UpdaterService       - Latest stable version: 21.1
09:09:15.137 [FXGL Background Thread 3 ] DEBUG Engine               - Logging environment variables
09:09:15.138 [FXGL Background Thread 3 ] DEBUG Engine               - achievements: []
09:09:15.138 [FXGL Background Thread 3 ] DEBUG Engine               - actualHeight: 600.0
09:09:15.139 [FXGL Background Thread 3 ] DEBUG Engine               - actualHeightProperty: ReadOnlyDoubleProperty [value: 600.0]
09:09:15.139 [FXGL Background Thread 3 ] DEBUG Engine               - actualWidth: 800.0
09:09:15.139 [FXGL Background Thread 3 ] DEBUG Engine               - actualWidthProperty: ReadOnlyDoubleProperty [value: 800.0]
09:09:15.139 [FXGL Background Thread 3 ] DEBUG Engine               - appIcon: fxgl_icon.png
09:09:15.139 [FXGL Background Thread 3 ] DEBUG Engine               - applicationMode: DEVELOPER
09:09:15.140 [FXGL Background Thread 3 ] DEBUG Engine               - cSSList: [fxgl_dark.css]
09:09:15.140 [FXGL Background Thread 3 ] DEBUG Engine               - collisionDetectionStrategy: BRUTE_FORCE
09:09:15.140 [FXGL Background Thread 3 ] DEBUG Engine               - configClass: Optional.empty
09:09:15.140 [FXGL Background Thread 3 ] DEBUG Engine               - credits: []
09:09:15.140 [FXGL Background Thread 3 ] DEBUG Engine               - defaultCursor: CursorInfo(imageName=fxgl_default_cursor.png, hotspotX=7.0, hotspotY=6.0)
09:09:15.141 [FXGL Background Thread 3 ] DEBUG Engine               - devBBoxColorProperty: ObjectProperty [value: 0xff0000ff]
09:09:15.141 [FXGL Background Thread 3 ] DEBUG Engine               - devEnableDebugCameraProperty: BooleanProperty [value: false]
09:09:15.141 [FXGL Background Thread 3 ] DEBUG Engine               - devSensorColorProperty: ObjectProperty [value: 0xffff00ff]
09:09:15.141 [FXGL Background Thread 3 ] DEBUG Engine               - devShowBBoxProperty: BooleanProperty [value: false]
09:09:15.141 [FXGL Background Thread 3 ] DEBUG Engine               - devShowPositionProperty: BooleanProperty [value: false]
09:09:15.141 [FXGL Background Thread 3 ] DEBUG Engine               - enabledMenuItems: []
09:09:15.142 [FXGL Background Thread 3 ] DEBUG Engine               - engineServices: [class com.almasb.fxgl.app.services.FXGLAssetLoaderService, class com.almasb.fxgl.app.FXGLApplication$GameApplicationService, class com.almasb.fxgl.app.services.FXGLDialogService, class com.almasb.fxgl.app.services.IOTaskExecutorService, class com.almasb.fxgl.io.FileSystemService, class com.almasb.fxgl.localization.LocalizationService, class com.almasb.fxgl.app.services.SystemBundleService, class com.almasb.fxgl.profile.SaveLoadService, class com.almasb.fxgl.ui.FXGLUIFactoryServiceProvider, class com.almasb.fxgl.ui.FXGLDialogFactoryServiceProvider, class com.almasb.fxgl.audio.AudioPlayer, class com.almasb.fxgl.notification.impl.NotificationServiceProvider, class com.almasb.fxgl.achievement.AchievementService, class com.almasb.fxgl.cutscene.CutsceneService, class com.almasb.fxgl.minigames.MiniGameService, class com.almasb.fxgl.net.NetService, class com.almasb.fxgl.app.services.UpdaterService, class com.almasb.fxgl.dev.DevService]
09:09:15.142 [FXGL Background Thread 3 ] DEBUG Engine               - fontGame: Abel-Regular.ttf
09:09:15.142 [FXGL Background Thread 3 ] DEBUG Engine               - fontMono: TerminalLandMono-Regular.otf
09:09:15.142 [FXGL Background Thread 3 ] DEBUG Engine               - fontText: Courier-Prime.ttf
09:09:15.142 [FXGL Background Thread 3 ] DEBUG Engine               - fontUI: VarelaRound-Regular.ttf
09:09:15.142 [FXGL Background Thread 3 ] DEBUG Engine               - fullScreen: BooleanProperty [value: false]
09:09:15.142 [FXGL Background Thread 3 ] DEBUG Engine               - gameDifficulty: MEDIUM
09:09:15.142 [FXGL Background Thread 3 ] DEBUG Engine               - gameDifficultyProperty: ObjectProperty [value: MEDIUM]
09:09:15.142 [FXGL Background Thread 3 ] DEBUG Engine               - globalMusicVolume: 0.5
09:09:15.142 [FXGL Background Thread 3 ] DEBUG Engine               - globalMusicVolumeProperty: DoubleProperty [value: 0.5]
09:09:15.142 [FXGL Background Thread 3 ] DEBUG Engine               - globalSoundVolume: 0.5
09:09:15.142 [FXGL Background Thread 3 ] DEBUG Engine               - globalSoundVolumeProperty: DoubleProperty [value: 0.5]
09:09:15.142 [FXGL Background Thread 3 ] DEBUG Engine               - height: 600
09:09:15.142 [FXGL Background Thread 3 ] DEBUG Engine               - is3D: false
09:09:15.142 [FXGL Background Thread 3 ] DEBUG Engine               - isAndroid: false
09:09:15.142 [FXGL Background Thread 3 ] DEBUG Engine               - isBrowser: false
09:09:15.142 [FXGL Background Thread 3 ] DEBUG Engine               - isClickFeedbackEnabled: false
09:09:15.142 [FXGL Background Thread 3 ] DEBUG Engine               - isCloseConfirmation: false
09:09:15.142 [FXGL Background Thread 3 ] DEBUG Engine               - isDesktop: true
09:09:15.143 [FXGL Background Thread 3 ] DEBUG Engine               - isDeveloperMenuEnabled: false
09:09:15.143 [FXGL Background Thread 3 ] DEBUG Engine               - isEmbedded: false
09:09:15.143 [FXGL Background Thread 3 ] DEBUG Engine               - isEntityPreloadEnabled: true
09:09:15.143 [FXGL Background Thread 3 ] DEBUG Engine               - isExperimentalTiledLargeMap: false
09:09:15.143 [FXGL Background Thread 3 ] DEBUG Engine               - isFileSystemWriteAllowed: true
09:09:15.143 [FXGL Background Thread 3 ] DEBUG Engine               - isFullScreenAllowed: false
09:09:15.143 [FXGL Background Thread 3 ] DEBUG Engine               - isFullScreenFromStart: false
09:09:15.143 [FXGL Background Thread 3 ] DEBUG Engine               - isGameMenuEnabled: true
09:09:15.143 [FXGL Background Thread 3 ] DEBUG Engine               - isIOS: false
09:09:15.143 [FXGL Background Thread 3 ] DEBUG Engine               - isIntroEnabled: false
09:09:15.143 [FXGL Background Thread 3 ] DEBUG Engine               - isLinux: false
09:09:15.144 [FXGL Background Thread 3 ] DEBUG Engine               - isMac: false
09:09:15.144 [FXGL Background Thread 3 ] DEBUG Engine               - isMainMenuEnabled: false
09:09:15.144 [FXGL Background Thread 3 ] DEBUG Engine               - isManualResizeEnabled: false
09:09:15.145 [FXGL Background Thread 3 ] DEBUG Engine               - isMobile: false
09:09:15.145 [FXGL Background Thread 3 ] DEBUG Engine               - isNative: false
09:09:15.145 [FXGL Background Thread 3 ] DEBUG Engine               - isPauseMusicWhenMinimized: true
09:09:15.145 [FXGL Background Thread 3 ] DEBUG Engine               - isPreserveResizeRatio: false
09:09:15.146 [FXGL Background Thread 3 ] DEBUG Engine               - isProfilingEnabled: false
09:09:15.146 [FXGL Background Thread 3 ] DEBUG Engine               - isScaleAffectedOnResize: true
09:09:15.146 [FXGL Background Thread 3 ] DEBUG Engine               - isSingleStep: false
09:09:15.146 [FXGL Background Thread 3 ] DEBUG Engine               - isUserProfileEnabled: false
09:09:15.146 [FXGL Background Thread 3 ] DEBUG Engine               - isWindows: true
09:09:15.146 [FXGL Background Thread 3 ] DEBUG Engine               - language: ObjectProperty [value: ENGLISH]
09:09:15.146 [FXGL Background Thread 3 ] DEBUG Engine               - menuKey: ESCAPE
09:09:15.146 [FXGL Background Thread 3 ] DEBUG Engine               - mouseSensitivity: 0.2
09:09:15.146 [FXGL Background Thread 3 ] DEBUG Engine               - notificationViewClass: class com.almasb.fxgl.notification.view.XboxNotificationView
09:09:15.146 [FXGL Background Thread 3 ] DEBUG Engine               - pixelsPerMeter: 50.0
09:09:15.147 [FXGL Background Thread 3 ] DEBUG Engine               - platform: WINDOWS
09:09:15.147 [FXGL Background Thread 3 ] DEBUG Engine               - prefHeightProperty: ReadOnlyDoubleProperty [value: 600.0]
09:09:15.147 [FXGL Background Thread 3 ] DEBUG Engine               - prefWidthProperty: ReadOnlyDoubleProperty [value: 800.0]
09:09:15.147 [FXGL Background Thread 3 ] DEBUG Engine               - profileDir: profiles/
09:09:15.148 [FXGL Background Thread 3 ] DEBUG Engine               - profileName: StringProperty [value: DEFAULT]
09:09:15.148 [FXGL Background Thread 3 ] DEBUG Engine               - randomSeed: -1
09:09:15.148 [FXGL Background Thread 3 ] DEBUG Engine               - runtimeInfo: RuntimeInfo(platform=WINDOWS, version=17.1, build=24.03.2022 17.34)
09:09:15.148 [FXGL Background Thread 3 ] DEBUG Engine               - saveFileExt: sav
09:09:15.148 [FXGL Background Thread 3 ] DEBUG Engine               - scaledHeightProp$fxgl: DoubleProperty [bound, value: 600.0]
09:09:15.148 [FXGL Background Thread 3 ] DEBUG Engine               - scaledWidthProp$fxgl: DoubleProperty [bound, value: 800.0]
09:09:15.148 [FXGL Background Thread 3 ] DEBUG Engine               - sceneFactory: com.almasb.fxgl.app.scene.SceneFactory@4853cd4c
09:09:15.148 [FXGL Background Thread 3 ] DEBUG Engine               - secondsIn24h: 60
09:09:15.148 [FXGL Background Thread 3 ] DEBUG Engine               - soundMenuBack: menu/back.wav
09:09:15.148 [FXGL Background Thread 3 ] DEBUG Engine               - soundMenuPress: menu/press.wav
09:09:15.149 [FXGL Background Thread 3 ] DEBUG Engine               - soundMenuSelect: menu/select.wav
09:09:15.149 [FXGL Background Thread 3 ] DEBUG Engine               - soundNotification: core/notification.wav
09:09:15.149 [FXGL Background Thread 3 ] DEBUG Engine               - stageStyle: DECORATED
09:09:15.149 [FXGL Background Thread 3 ] DEBUG Engine               - supportedLanguages: [ENGLISH, FRENCH, GERMAN, HUNGARIAN, RUSSIAN]
09:09:15.149 [FXGL Background Thread 3 ] DEBUG Engine               - ticksPerSecond: -1
09:09:15.149 [FXGL Background Thread 3 ] DEBUG Engine               - title: Star Wars Game
09:09:15.149 [FXGL Background Thread 3 ] DEBUG Engine               - urlGithub: https://github.com/AlmasB/FXGL
09:09:15.149 [FXGL Background Thread 3 ] DEBUG Engine               - urlLeaderboard: http://fxgl-top.herokuapp.com/
09:09:15.149 [FXGL Background Thread 3 ] DEBUG Engine               - urlPOM: https://raw.githubusercontent.com/AlmasB/FXGL/release/README.md
09:09:15.149 [FXGL Background Thread 3 ] DEBUG Engine               - userAppClass: class org.StarWarsFinalProject.GameApp
09:09:15.149 [FXGL Background Thread 3 ] DEBUG Engine               - version: 1.0
09:09:15.149 [FXGL Background Thread 3 ] DEBUG Engine               - versionCheckDays: 7
09:09:15.149 [FXGL Background Thread 3 ] DEBUG Engine               - width: 800
09:09:15.149 [FXGL Background Thread 3 ] DEBUG Engine               - Logging services
09:09:15.149 [FXGL Background Thread 3 ] DEBUG Engine               - class com.almasb.fxgl.app.services.FXGLAssetLoaderService
09:09:15.149 [FXGL Background Thread 3 ] DEBUG Engine               - class com.almasb.fxgl.app.FXGLApplication$GameApplicationService
09:09:15.150 [FXGL Background Thread 3 ] DEBUG Engine               - class com.almasb.fxgl.app.services.FXGLDialogService
09:09:15.150 [FXGL Background Thread 3 ] DEBUG Engine               - class com.almasb.fxgl.app.services.IOTaskExecutorService
09:09:15.150 [FXGL Background Thread 3 ] DEBUG Engine               - class com.almasb.fxgl.io.FileSystemService
09:09:15.150 [FXGL Background Thread 3 ] DEBUG Engine               - class com.almasb.fxgl.localization.LocalizationService
09:09:15.150 [FXGL Background Thread 3 ] DEBUG Engine               - class com.almasb.fxgl.app.services.SystemBundleService
09:09:15.150 [FXGL Background Thread 3 ] DEBUG Engine               - class com.almasb.fxgl.profile.SaveLoadService
09:09:15.150 [FXGL Background Thread 3 ] DEBUG Engine               - class com.almasb.fxgl.ui.FXGLUIFactoryServiceProvider
09:09:15.150 [FXGL Background Thread 3 ] DEBUG Engine               - class com.almasb.fxgl.ui.FXGLDialogFactoryServiceProvider
09:09:15.150 [FXGL Background Thread 3 ] DEBUG Engine               - class com.almasb.fxgl.audio.AudioPlayer
09:09:15.150 [FXGL Background Thread 3 ] DEBUG Engine               - class com.almasb.fxgl.notification.impl.NotificationServiceProvider
09:09:15.150 [FXGL Background Thread 3 ] DEBUG Engine               - class com.almasb.fxgl.achievement.AchievementService
09:09:15.150 [FXGL Background Thread 3 ] DEBUG Engine               - class com.almasb.fxgl.cutscene.CutsceneService
09:09:15.150 [FXGL Background Thread 3 ] DEBUG Engine               - class com.almasb.fxgl.minigames.MiniGameService
09:09:15.150 [FXGL Background Thread 3 ] DEBUG Engine               - class com.almasb.fxgl.net.NetService
09:09:15.150 [FXGL Background Thread 3 ] DEBUG Engine               - class com.almasb.fxgl.app.services.UpdaterService
09:09:15.150 [FXGL Background Thread 3 ] DEBUG Engine               - class com.almasb.fxgl.dev.DevService
09:09:18.859 [JavaFX Application Thread] WARN  FXGLAssetLoaderServi - Asset "/assets/sounds/blaster.wav" was not found!
09:09:18.860 [JavaFX Application Thread] WARN  FXGLAssetLoaderServi - Failed to load SOUND
09:09:19.007 [JavaFX Application Thread] WARN  FXGLAssetLoaderServi - Asset "/assets/sounds/blaster.wav" was not found!
09:09:19.007 [JavaFX Application Thread] WARN  FXGLAssetLoaderServi - Failed to load SOUND
09:09:19.149 [JavaFX Application Thread] WARN  FXGLAssetLoaderServi - Asset "/assets/sounds/blaster.wav" was not found!
09:09:19.150 [JavaFX Application Thread] WARN  FXGLAssetLoaderServi - Failed to load SOUND
09:09:19.295 [JavaFX Application Thread] WARN  FXGLAssetLoaderServi - Asset "/assets/sounds/blaster.wav" was not found!
09:09:19.296 [JavaFX Application Thread] WARN  FXGLAssetLoaderServi - Failed to load SOUND
09:09:19.421 [JavaFX Application Thread] WARN  FXGLAssetLoaderServi - Asset "/assets/sounds/blaster.wav" was not found!
09:09:19.421 [JavaFX Application Thread] WARN  FXGLAssetLoaderServi - Failed to load SOUND
09:09:19.973 [JavaFX Application Thread] WARN  FXGLAssetLoaderServi - Asset "/assets/sounds/blaster.wav" was not found!
09:09:19.973 [JavaFX Application Thread] WARN  FXGLAssetLoaderServi - Failed to load SOUND
09:09:20.183 [JavaFX Application Thread] WARN  FXGLAssetLoaderServi - Asset "/assets/sounds/blaster.wav" was not found!
09:09:20.184 [JavaFX Application Thread] WARN  FXGLAssetLoaderServi - Failed to load SOUND
09:09:20.374 [JavaFX Application Thread] WARN  FXGLAssetLoaderServi - Asset "/assets/sounds/blaster.wav" was not found!
09:09:20.374 [JavaFX Application Thread] WARN  FXGLAssetLoaderServi - Failed to load SOUND
09:09:20.559 [JavaFX Application Thread] WARN  FXGLAssetLoaderServi - Asset "/assets/sounds/blaster.wav" was not found!
09:09:20.559 [JavaFX Application Thread] WARN  FXGLAssetLoaderServi - Failed to load SOUND
09:09:20.737 [JavaFX Application Thread] WARN  FXGLAssetLoaderServi - Asset "/assets/sounds/blaster.wav" was not found!
09:09:20.737 [JavaFX Application Thread] WARN  FXGLAssetLoaderServi - Failed to load SOUND
09:09:20.933 [JavaFX Application Thread] WARN  FXGLAssetLoaderServi - Asset "/assets/sounds/blaster.wav" was not found!
09:09:20.933 [JavaFX Application Thread] WARN  FXGLAssetLoaderServi - Failed to load SOUND
09:09:21.136 [JavaFX Application Thread] WARN  FXGLAssetLoaderServi - Asset "/assets/sounds/blaster.wav" was not found!
09:09:21.137 [JavaFX Application Thread] WARN  FXGLAssetLoaderServi - Failed to load SOUND
09:09:21.326 [JavaFX Application Thread] WARN  FXGLAssetLoaderServi - Asset "/assets/sounds/blaster.wav" was not found!
09:09:21.326 [JavaFX Application Thread] WARN  FXGLAssetLoaderServi - Failed to load SOUND
09:09:21.519 [JavaFX Application Thread] WARN  FXGLAssetLoaderServi - Asset "/assets/sounds/blaster.wav" was not found!
09:09:21.519 [JavaFX Application Thread] WARN  FXGLAssetLoaderServi - Failed to load SOUND
09:09:22.111 [JavaFX Application Thread] WARN  FXGLAssetLoaderServi - Asset "/assets/sounds/blaster.wav" was not found!
09:09:22.111 [JavaFX Application Thread] WARN  FXGLAssetLoaderServi - Failed to load SOUND
09:09:23.191 [JavaFX Application Thread] WARN  FXGLAssetLoaderServi - Asset "/assets/sounds/blaster.wav" was not found!
09:09:23.191 [JavaFX Application Thread] WARN  FXGLAssetLoaderServi - Failed to load SOUND
09:09:24.095 [JavaFX Application Thread] WARN  FXGLAssetLoaderServi - Asset "/assets/sounds/explosion.wav" was not found!
09:09:24.096 [JavaFX Application Thread] WARN  FXGLAssetLoaderServi - Failed to load SOUND
09:09:33.958 [JavaFX Application Thread] WARN  FXGLAssetLoaderServi - Asset "/assets/sounds/blaster.wav" was not found!
09:09:33.959 [JavaFX Application Thread] WARN  FXGLAssetLoaderServi - Failed to load SOUND
09:09:34.109 [JavaFX Application Thread] WARN  FXGLAssetLoaderServi - Asset "/assets/sounds/blaster.wav" was not found!
09:09:34.110 [JavaFX Application Thread] WARN  FXGLAssetLoaderServi - Failed to load SOUND
09:09:34.253 [JavaFX Application Thread] WARN  FXGLAssetLoaderServi - Asset "/assets/sounds/blaster.wav" was not found!
09:09:34.253 [JavaFX Application Thread] WARN  FXGLAssetLoaderServi - Failed to load SOUND
09:09:34.399 [JavaFX Application Thread] WARN  FXGLAssetLoaderServi - Asset "/assets/sounds/blaster.wav" was not found!
09:09:34.400 [JavaFX Application Thread] WARN  FXGLAssetLoaderServi - Failed to load SOUND
09:09:34.701 [JavaFX Application Thread] WARN  FXGLAssetLoaderServi - Asset "/assets/sounds/blaster.wav" was not found!
09:09:34.701 [JavaFX Application Thread] WARN  FXGLAssetLoaderServi - Failed to load SOUND
09:09:36.244 [JavaFX Application Thread] WARN  FXGLAssetLoaderServi - Asset "/assets/sounds/blaster.wav" was not found!
09:09:36.244 [JavaFX Application Thread] WARN  FXGLAssetLoaderServi - Failed to load SOUND
09:09:36.409 [JavaFX Application Thread] WARN  FXGLAssetLoaderServi - Asset "/assets/sounds/blaster.wav" was not found!
09:09:36.409 [JavaFX Application Thread] WARN  FXGLAssetLoaderServi - Failed to load SOUND
09:09:36.551 [JavaFX Application Thread] WARN  FXGLAssetLoaderServi - Asset "/assets/sounds/blaster.wav" was not found!
09:09:36.551 [JavaFX Application Thread] WARN  FXGLAssetLoaderServi - Failed to load SOUND
09:09:36.701 [JavaFX Application Thread] WARN  FXGLAssetLoaderServi - Asset "/assets/sounds/blaster.wav" was not found!
09:09:36.702 [JavaFX Application Thread] WARN  FXGLAssetLoaderServi - Failed to load SOUND
09:09:36.849 [JavaFX Application Thread] WARN  FXGLAssetLoaderServi - Asset "/assets/sounds/blaster.wav" was not found!
09:09:36.849 [JavaFX Application Thread] WARN  FXGLAssetLoaderServi - Failed to load SOUND
09:09:36.999 [JavaFX Application Thread] WARN  FXGLAssetLoaderServi - Asset "/assets/sounds/blaster.wav" was not found!
09:09:36.999 [JavaFX Application Thread] WARN  FXGLAssetLoaderServi - Failed to load SOUND
09:09:37.158 [JavaFX Application Thread] WARN  FXGLAssetLoaderServi - Asset "/assets/sounds/blaster.wav" was not found!
09:09:37.158 [JavaFX Application Thread] WARN  FXGLAssetLoaderServi - Failed to load SOUND
09:09:37.299 [JavaFX Application Thread] WARN  FXGLAssetLoaderServi - Asset "/assets/sounds/blaster.wav" was not found!
09:09:37.299 [JavaFX Application Thread] WARN  FXGLAssetLoaderServi - Failed to load SOUND
09:09:37.451 [JavaFX Application Thread] WARN  FXGLAssetLoaderServi - Asset "/assets/sounds/blaster.wav" was not found!
09:09:37.451 [JavaFX Application Thread] WARN  FXGLAssetLoaderServi - Failed to load SOUND
09:09:37.601 [JavaFX Application Thread] WARN  FXGLAssetLoaderServi - Asset "/assets/sounds/blaster.wav" was not found!
09:09:37.601 [JavaFX Application Thread] WARN  FXGLAssetLoaderServi - Failed to load SOUND
09:09:37.748 [JavaFX Application Thread] WARN  FXGLAssetLoaderServi - Asset "/assets/sounds/blaster.wav" was not found!
09:09:37.748 [JavaFX Application Thread] WARN  FXGLAssetLoaderServi - Failed to load SOUND
09:09:37.889 [JavaFX Application Thread] WARN  FXGLAssetLoaderServi - Asset "/assets/sounds/blaster.wav" was not found!
09:09:37.889 [JavaFX Application Thread] WARN  FXGLAssetLoaderServi - Failed to load SOUND
09:09:38.654 [JavaFX Application Thread] WARN  FXGLAssetLoaderServi - Asset "/assets/sounds/blaster.wav" was not found!
09:09:38.654 [JavaFX Application Thread] WARN  FXGLAssetLoaderServi - Failed to load SOUND
09:09:38.804 [JavaFX Application Thread] WARN  FXGLAssetLoaderServi - Asset "/assets/sounds/blaster.wav" was not found!
09:09:38.804 [JavaFX Application Thread] WARN  FXGLAssetLoaderServi - Failed to load SOUND
09:09:38.943 [JavaFX Application Thread] WARN  FXGLAssetLoaderServi - Asset "/assets/sounds/blaster.wav" was not found!
09:09:38.944 [JavaFX Application Thread] WARN  FXGLAssetLoaderServi - Failed to load SOUND
09:09:39.085 [JavaFX Application Thread] WARN  FXGLAssetLoaderServi - Asset "/assets/sounds/blaster.wav" was not found!
09:09:39.085 [JavaFX Application Thread] WARN  FXGLAssetLoaderServi - Failed to load SOUND
09:09:39.232 [JavaFX Application Thread] WARN  FXGLAssetLoaderServi - Asset "/assets/sounds/blaster.wav" was not found!
09:09:39.232 [JavaFX Application Thread] WARN  FXGLAssetLoaderServi - Failed to load SOUND
09:09:39.375 [JavaFX Application Thread] WARN  FXGLAssetLoaderServi - Asset "/assets/sounds/blaster.wav" was not found!
09:09:39.376 [JavaFX Application Thread] WARN  FXGLAssetLoaderServi - Failed to load SOUND
09:09:39.506 [JavaFX Application Thread] WARN  FXGLAssetLoaderServi - Asset "/assets/sounds/blaster.wav" was not found!
09:09:39.507 [JavaFX Application Thread] WARN  FXGLAssetLoaderServi - Failed to load SOUND
09:09:40.681 [JavaFX Application Thread] WARN  FXGLAssetLoaderServi - Asset "/assets/sounds/blaster.wav" was not found!
09:09:40.682 [JavaFX Application Thread] WARN  FXGLAssetLoaderServi - Failed to load SOUND
09:09:40.957 [JavaFX Application Thread] WARN  FXGLAssetLoaderServi - Asset "/assets/sounds/blaster.wav" was not found!
09:09:40.958 [JavaFX Application Thread] WARN  FXGLAssetLoaderServi - Failed to load SOUND
09:09:41.151 [JavaFX Application Thread] WARN  FXGLAssetLoaderServi - Asset "/assets/sounds/blaster.wav" was not found!
09:09:41.151 [JavaFX Application Thread] WARN  FXGLAssetLoaderServi - Failed to load SOUND
09:09:41.335 [JavaFX Application Thread] WARN  FXGLAssetLoaderServi - Asset "/assets/sounds/blaster.wav" was not found!
09:09:41.335 [JavaFX Application Thread] WARN  FXGLAssetLoaderServi - Failed to load SOUND
09:09:41.507 [JavaFX Application Thread] WARN  FXGLAssetLoaderServi - Asset "/assets/sounds/blaster.wav" was not found!
09:09:41.507 [JavaFX Application Thread] WARN  FXGLAssetLoaderServi - Failed to load SOUND
09:09:41.715 [JavaFX Application Thread] WARN  FXGLAssetLoaderServi - Asset "/assets/sounds/blaster.wav" was not found!
09:09:41.715 [JavaFX Application Thread] WARN  FXGLAssetLoaderServi - Failed to load SOUND
09:09:41.913 [JavaFX Application Thread] WARN  FXGLAssetLoaderServi - Asset "/assets/sounds/blaster.wav" was not found!
09:09:41.914 [JavaFX Application Thread] WARN  FXGLAssetLoaderServi - Failed to load SOUND
09:09:42.120 [JavaFX Application Thread] WARN  FXGLAssetLoaderServi - Asset "/assets/sounds/blaster.wav" was not found!
09:09:42.120 [JavaFX Application Thread] WARN  FXGLAssetLoaderServi - Failed to load SOUND
09:09:42.289 [JavaFX Application Thread] WARN  FXGLAssetLoaderServi - Asset "/assets/sounds/blaster.wav" was not found!
09:09:42.290 [JavaFX Application Thread] WARN  FXGLAssetLoaderServi - Failed to load SOUND
09:09:42.465 [JavaFX Application Thread] WARN  FXGLAssetLoaderServi - Asset "/assets/sounds/blaster.wav" was not found!
09:09:42.465 [JavaFX Application Thread] WARN  FXGLAssetLoaderServi - Failed to load SOUND
09:09:42.637 [JavaFX Application Thread] WARN  FXGLAssetLoaderServi - Asset "/assets/sounds/blaster.wav" was not found!
09:09:42.637 [JavaFX Application Thread] WARN  FXGLAssetLoaderServi - Failed to load SOUND
09:09:42.826 [JavaFX Application Thread] WARN  FXGLAssetLoaderServi - Asset "/assets/sounds/blaster.wav" was not found!
09:09:42.827 [JavaFX Application Thread] WARN  FXGLAssetLoaderServi - Failed to load SOUND
09:09:43.010 [JavaFX Application Thread] WARN  FXGLAssetLoaderServi - Asset "/assets/sounds/blaster.wav" was not found!
09:09:43.010 [JavaFX Application Thread] WARN  FXGLAssetLoaderServi - Failed to load SOUND
09:09:43.178 [JavaFX Application Thread] WARN  FXGLAssetLoaderServi - Asset "/assets/sounds/blaster.wav" was not found!
09:09:43.178 [JavaFX Application Thread] WARN  FXGLAssetLoaderServi - Failed to load SOUND
09:09:43.372 [JavaFX Application Thread] WARN  FXGLAssetLoaderServi - Asset "/assets/sounds/blaster.wav" was not found!
09:09:43.372 [JavaFX Application Thread] WARN  FXGLAssetLoaderServi - Failed to load SOUND
09:09:43.551 [JavaFX Application Thread] WARN  FXGLAssetLoaderServi - Asset "/assets/sounds/blaster.wav" was not found!
09:09:43.551 [JavaFX Application Thread] WARN  FXGLAssetLoaderServi - Failed to load SOUND
09:09:43.713 [JavaFX Application Thread] WARN  FXGLAssetLoaderServi - Asset "/assets/sounds/blaster.wav" was not found!
09:09:43.714 [JavaFX Application Thread] WARN  FXGLAssetLoaderServi - Failed to load SOUND
09:09:43.889 [JavaFX Application Thread] WARN  FXGLAssetLoaderServi - Asset "/assets/sounds/blaster.wav" was not found!
09:09:43.890 [JavaFX Application Thread] WARN  FXGLAssetLoaderServi - Failed to load SOUND
09:09:44.038 [JavaFX Application Thread] WARN  FXGLAssetLoaderServi - Asset "/assets/sounds/blaster.wav" was not found!
09:09:44.038 [JavaFX Application Thread] WARN  FXGLAssetLoaderServi - Failed to load SOUND
09:09:45.037 [JavaFX Application Thread] WARN  FXGLAssetLoaderServi - Asset "/assets/sounds/blaster.wav" was not found!
09:09:45.037 [JavaFX Application Thread] WARN  FXGLAssetLoaderServi - Failed to load SOUND
09:09:45.194 [JavaFX Application Thread] WARN  FXGLAssetLoaderServi - Asset "/assets/sounds/blaster.wav" was not found!
09:09:45.194 [JavaFX Application Thread] WARN  FXGLAssetLoaderServi - Failed to load SOUND
09:09:45.363 [JavaFX Application Thread] WARN  FXGLAssetLoaderServi - Asset "/assets/sounds/blaster.wav" was not found!
09:09:45.363 [JavaFX Application Thread] WARN  FXGLAssetLoaderServi - Failed to load SOUND
09:09:45.479 [JavaFX Application Thread] WARN  FXGLAssetLoaderServi - Asset "/assets/sounds/blaster.wav" was not found!
09:09:45.479 [JavaFX Application Thread] WARN  FXGLAssetLoaderServi - Failed to load SOUND
09:09:45.662 [JavaFX Application Thread] WARN  FXGLAssetLoaderServi - Asset "/assets/sounds/blaster.wav" was not found!
09:09:45.662 [JavaFX Application Thread] WARN  FXGLAssetLoaderServi - Failed to load SOUND
09:09:45.833 [JavaFX Application Thread] WARN  FXGLAssetLoaderServi - Asset "/assets/sounds/blaster.wav" was not found!
09:09:45.833 [JavaFX Application Thread] WARN  FXGLAssetLoaderServi - Failed to load SOUND
09:09:46.008 [JavaFX Application Thread] WARN  FXGLAssetLoaderServi - Asset "/assets/sounds/blaster.wav" was not found!
09:09:46.009 [JavaFX Application Thread] WARN  FXGLAssetLoaderServi - Failed to load SOUND
09:09:46.164 [JavaFX Application Thread] WARN  FXGLAssetLoaderServi - Asset "/assets/sounds/blaster.wav" was not found!
09:09:46.165 [JavaFX Application Thread] WARN  FXGLAssetLoaderServi - Failed to load SOUND
09:09:46.328 [JavaFX Application Thread] WARN  FXGLAssetLoaderServi - Asset "/assets/sounds/blaster.wav" was not found!
09:09:46.328 [JavaFX Application Thread] WARN  FXGLAssetLoaderServi - Failed to load SOUND
09:09:46.505 [JavaFX Application Thread] WARN  FXGLAssetLoaderServi - Asset "/assets/sounds/blaster.wav" was not found!
09:09:46.505 [JavaFX Application Thread] WARN  FXGLAssetLoaderServi - Failed to load SOUND
09:09:46.680 [JavaFX Application Thread] WARN  FXGLAssetLoaderServi - Asset "/assets/sounds/blaster.wav" was not found!
09:09:46.680 [JavaFX Application Thread] WARN  FXGLAssetLoaderServi - Failed to load SOUND
09:09:46.851 [JavaFX Application Thread] WARN  FXGLAssetLoaderServi - Asset "/assets/sounds/blaster.wav" was not found!
09:09:46.851 [JavaFX Application Thread] WARN  FXGLAssetLoaderServi - Failed to load SOUND
09:09:47.018 [JavaFX Application Thread] WARN  FXGLAssetLoaderServi - Asset "/assets/sounds/blaster.wav" was not found!
09:09:47.018 [JavaFX Application Thread] WARN  FXGLAssetLoaderServi - Failed to load SOUND
09:09:47.187 [JavaFX Application Thread] WARN  FXGLAssetLoaderServi - Asset "/assets/sounds/blaster.wav" was not found!
09:09:47.188 [JavaFX Application Thread] WARN  FXGLAssetLoaderServi - Failed to load SOUND
09:09:47.389 [JavaFX Application Thread] WARN  FXGLAssetLoaderServi - Asset "/assets/sounds/blaster.wav" was not found!
09:09:47.389 [JavaFX Application Thread] WARN  FXGLAssetLoaderServi - Failed to load SOUND
09:09:47.569 [JavaFX Application Thread] WARN  FXGLAssetLoaderServi - Asset "/assets/sounds/blaster.wav" was not found!
09:09:47.569 [JavaFX Application Thread] WARN  FXGLAssetLoaderServi - Failed to load SOUND
09:09:47.751 [JavaFX Application Thread] WARN  FXGLAssetLoaderServi - Asset "/assets/sounds/blaster.wav" was not found!
09:09:47.751 [JavaFX Application Thread] WARN  FXGLAssetLoaderServi - Failed to load SOUND
09:09:47.918 [JavaFX Application Thread] WARN  FXGLAssetLoaderServi - Asset "/assets/sounds/blaster.wav" was not found!
09:09:47.918 [JavaFX Application Thread] WARN  FXGLAssetLoaderServi - Failed to load SOUND
09:09:48.128 [JavaFX Application Thread] WARN  FXGLAssetLoaderServi - Asset "/assets/sounds/blaster.wav" was not found!
09:09:48.129 [JavaFX Application Thread] WARN  FXGLAssetLoaderServi - Failed to load SOUND
09:09:48.305 [JavaFX Application Thread] WARN  FXGLAssetLoaderServi - Asset "/assets/sounds/blaster.wav" was not found!
09:09:48.305 [JavaFX Application Thread] WARN  FXGLAssetLoaderServi - Failed to load SOUND
09:09:48.453 [JavaFX Application Thread] WARN  FXGLAssetLoaderServi - Asset "/assets/sounds/blaster.wav" was not found!
09:09:48.453 [JavaFX Application Thread] WARN  FXGLAssetLoaderServi - Failed to load SOUND
09:09:48.621 [JavaFX Application Thread] WARN  FXGLAssetLoaderServi - Asset "/assets/sounds/blaster.wav" was not found!
09:09:48.622 [JavaFX Application Thread] WARN  FXGLAssetLoaderServi - Failed to load SOUND
09:09:48.799 [JavaFX Application Thread] WARN  FXGLAssetLoaderServi - Asset "/assets/sounds/blaster.wav" was not found!
09:09:48.799 [JavaFX Application Thread] WARN  FXGLAssetLoaderServi - Failed to load SOUND
09:09:48.966 [JavaFX Application Thread] WARN  FXGLAssetLoaderServi - Asset "/assets/sounds/blaster.wav" was not found!
09:09:48.967 [JavaFX Application Thread] WARN  FXGLAssetLoaderServi - Failed to load SOUND
09:09:49.124 [JavaFX Application Thread] WARN  FXGLAssetLoaderServi - Asset "/assets/sounds/blaster.wav" was not found!
09:09:49.124 [JavaFX Application Thread] WARN  FXGLAssetLoaderServi - Failed to load SOUND
09:09:49.296 [JavaFX Application Thread] WARN  FXGLAssetLoaderServi - Asset "/assets/sounds/blaster.wav" was not found!
09:09:49.296 [JavaFX Application Thread] WARN  FXGLAssetLoaderServi - Failed to load SOUND
09:09:49.464 [JavaFX Application Thread] WARN  FXGLAssetLoaderServi - Asset "/assets/sounds/blaster.wav" was not found!
09:09:49.464 [JavaFX Application Thread] WARN  FXGLAssetLoaderServi - Failed to load SOUND
09:09:49.619 [JavaFX Application Thread] WARN  FXGLAssetLoaderServi - Asset "/assets/sounds/blaster.wav" was not found!
09:09:49.619 [JavaFX Application Thread] WARN  FXGLAssetLoaderServi - Failed to load SOUND
09:09:49.762 [JavaFX Application Thread] WARN  FXGLAssetLoaderServi - Asset "/assets/sounds/blaster.wav" was not found!
09:09:49.762 [JavaFX Application Thread] WARN  FXGLAssetLoaderServi - Failed to load SOUND
09:09:49.931 [JavaFX Application Thread] WARN  FXGLAssetLoaderServi - Asset "/assets/sounds/blaster.wav" was not found!
09:09:49.931 [JavaFX Application Thread] WARN  FXGLAssetLoaderServi - Failed to load SOUND
09:09:50.101 [JavaFX Application Thread] WARN  FXGLAssetLoaderServi - Asset "/assets/sounds/blaster.wav" was not found!
09:09:50.101 [JavaFX Application Thread] WARN  FXGLAssetLoaderServi - Failed to load SOUND
09:09:50.254 [JavaFX Application Thread] WARN  FXGLAssetLoaderServi - Asset "/assets/sounds/blaster.wav" was not found!
09:09:50.254 [JavaFX Application Thread] WARN  FXGLAssetLoaderServi - Failed to load SOUND
09:09:50.391 [JavaFX Application Thread] WARN  FXGLAssetLoaderServi - Asset "/assets/sounds/blaster.wav" was not found!
09:09:50.391 [JavaFX Application Thread] WARN  FXGLAssetLoaderServi - Failed to load SOUND
09:09:50.552 [JavaFX Application Thread] WARN  FXGLAssetLoaderServi - Asset "/assets/sounds/blaster.wav" was not found!
09:09:50.552 [JavaFX Application Thread] WARN  FXGLAssetLoaderServi - Failed to load SOUND
09:09:50.720 [JavaFX Application Thread] WARN  FXGLAssetLoaderServi - Asset "/assets/sounds/blaster.wav" was not found!
09:09:50.720 [JavaFX Application Thread] WARN  FXGLAssetLoaderServi - Failed to load SOUND
09:09:50.871 [JavaFX Application Thread] WARN  FXGLAssetLoaderServi - Asset "/assets/sounds/blaster.wav" was not found!
09:09:50.871 [JavaFX Application Thread] WARN  FXGLAssetLoaderServi - Failed to load SOUND
09:09:51.028 [JavaFX Application Thread] WARN  FXGLAssetLoaderServi - Asset "/assets/sounds/blaster.wav" was not found!
09:09:51.028 [JavaFX Application Thread] WARN  FXGLAssetLoaderServi - Failed to load SOUND
09:09:51.214 [JavaFX Application Thread] WARN  FXGLAssetLoaderServi - Asset "/assets/sounds/blaster.wav" was not found!
09:09:51.214 [JavaFX Application Thread] WARN  FXGLAssetLoaderServi - Failed to load SOUND
09:09:51.377 [JavaFX Application Thread] WARN  FXGLAssetLoaderServi - Asset "/assets/sounds/blaster.wav" was not found!
09:09:51.377 [JavaFX Application Thread] WARN  FXGLAssetLoaderServi - Failed to load SOUND
09:09:51.546 [JavaFX Application Thread] WARN  FXGLAssetLoaderServi - Asset "/assets/sounds/blaster.wav" was not found!
09:09:51.547 [JavaFX Application Thread] WARN  FXGLAssetLoaderServi - Failed to load SOUND
09:09:51.681 [JavaFX Application Thread] WARN  FXGLAssetLoaderServi - Asset "/assets/sounds/blaster.wav" was not found!
09:09:51.681 [JavaFX Application Thread] WARN  FXGLAssetLoaderServi - Failed to load SOUND
09:09:51.814 [JavaFX Application Thread] WARN  FXGLAssetLoaderServi - Asset "/assets/sounds/blaster.wav" was not found!
09:09:51.814 [JavaFX Application Thread] WARN  FXGLAssetLoaderServi - Failed to load SOUND
09:09:51.990 [JavaFX Application Thread] WARN  FXGLAssetLoaderServi - Asset "/assets/sounds/blaster.wav" was not found!
09:09:51.991 [JavaFX Application Thread] WARN  FXGLAssetLoaderServi - Failed to load SOUND
09:09:52.148 [JavaFX Application Thread] WARN  FXGLAssetLoaderServi - Asset "/assets/sounds/blaster.wav" was not found!
09:09:52.148 [JavaFX Application Thread] WARN  FXGLAssetLoaderServi - Failed to load SOUND
09:09:52.297 [JavaFX Application Thread] WARN  FXGLAssetLoaderServi - Asset "/assets/sounds/blaster.wav" was not found!
09:09:52.297 [JavaFX Application Thread] WARN  FXGLAssetLoaderServi - Failed to load SOUND
09:09:52.431 [JavaFX Application Thread] WARN  FXGLAssetLoaderServi - Asset "/assets/sounds/blaster.wav" was not found!
09:09:52.431 [JavaFX Application Thread] WARN  FXGLAssetLoaderServi - Failed to load SOUND
09:09:52.618 [JavaFX Application Thread] WARN  FXGLAssetLoaderServi - Asset "/assets/sounds/blaster.wav" was not found!
09:09:52.619 [JavaFX Application Thread] WARN  FXGLAssetLoaderServi - Failed to load SOUND
09:09:52.785 [JavaFX Application Thread] WARN  FXGLAssetLoaderServi - Asset "/assets/sounds/blaster.wav" was not found!
09:09:52.785 [JavaFX Application Thread] WARN  FXGLAssetLoaderServi - Failed to load SOUND
09:09:52.944 [JavaFX Application Thread] WARN  FXGLAssetLoaderServi - Asset "/assets/sounds/blaster.wav" was not found!
09:09:52.944 [JavaFX Application Thread] WARN  FXGLAssetLoaderServi - Failed to load SOUND
09:09:53.099 [JavaFX Application Thread] WARN  FXGLAssetLoaderServi - Asset "/assets/sounds/blaster.wav" was not found!
09:09:53.099 [JavaFX Application Thread] WARN  FXGLAssetLoaderServi - Failed to load SOUND
09:09:53.435 [JavaFX Application Thread] WARN  FXGLAssetLoaderServi - Asset "/assets/sounds/blaster.wav" was not found!
09:09:53.435 [JavaFX Application Thread] WARN  FXGLAssetLoaderServi - Failed to load SOUND
09:09:53.588 [JavaFX Application Thread] WARN  FXGLAssetLoaderServi - Asset "/assets/sounds/blaster.wav" was not found!
09:09:53.589 [JavaFX Application Thread] WARN  FXGLAssetLoaderServi - Failed to load SOUND
09:09:53.749 [JavaFX Application Thread] WARN  FXGLAssetLoaderServi - Asset "/assets/sounds/blaster.wav" was not found!
09:09:53.749 [JavaFX Application Thread] WARN  FXGLAssetLoaderServi - Failed to load SOUND
09:09:53.899 [JavaFX Application Thread] WARN  FXGLAssetLoaderServi - Asset "/assets/sounds/blaster.wav" was not found!
09:09:53.900 [JavaFX Application Thread] WARN  FXGLAssetLoaderServi - Failed to load SOUND
09:09:54.120 [JavaFX Application Thread] WARN  FXGLAssetLoaderServi - Asset "/assets/sounds/blaster.wav" was not found!
09:09:54.120 [JavaFX Application Thread] WARN  FXGLAssetLoaderServi - Failed to load SOUND
09:09:54.278 [JavaFX Application Thread] WARN  FXGLAssetLoaderServi - Asset "/assets/sounds/blaster.wav" was not found!
09:09:54.278 [JavaFX Application Thread] WARN  FXGLAssetLoaderServi - Failed to load SOUND
09:09:54.428 [JavaFX Application Thread] WARN  FXGLAssetLoaderServi - Asset "/assets/sounds/blaster.wav" was not found!
09:09:54.429 [JavaFX Application Thread] WARN  FXGLAssetLoaderServi - Failed to load SOUND
09:09:54.585 [JavaFX Application Thread] WARN  FXGLAssetLoaderServi - Asset "/assets/sounds/blaster.wav" was not found!
09:09:54.585 [JavaFX Application Thread] WARN  FXGLAssetLoaderServi - Failed to load SOUND
09:09:54.741 [JavaFX Application Thread] WARN  FXGLAssetLoaderServi - Asset "/assets/sounds/blaster.wav" was not found!
09:09:54.741 [JavaFX Application Thread] WARN  FXGLAssetLoaderServi - Failed to load SOUND
09:09:54.928 [JavaFX Application Thread] WARN  FXGLAssetLoaderServi - Asset "/assets/sounds/blaster.wav" was not found!
09:09:54.928 [JavaFX Application Thread] WARN  FXGLAssetLoaderServi - Failed to load SOUND
09:09:55.085 [JavaFX Application Thread] WARN  FXGLAssetLoaderServi - Asset "/assets/sounds/blaster.wav" was not found!
09:09:55.086 [JavaFX Application Thread] WARN  FXGLAssetLoaderServi - Failed to load SOUND
09:09:55.230 [JavaFX Application Thread] WARN  FXGLAssetLoaderServi - Asset "/assets/sounds/blaster.wav" was not found!
09:09:55.230 [JavaFX Application Thread] WARN  FXGLAssetLoaderServi - Failed to load SOUND
09:09:55.356 [JavaFX Application Thread] WARN  FXGLAssetLoaderServi - Asset "/assets/sounds/blaster.wav" was not found!
09:09:55.357 [JavaFX Application Thread] WARN  FXGLAssetLoaderServi - Failed to load SOUND
09:09:55.496 [JavaFX Application Thread] WARN  FXGLAssetLoaderServi - Asset "/assets/sounds/blaster.wav" was not found!
09:09:55.497 [JavaFX Application Thread] WARN  FXGLAssetLoaderServi - Failed to load SOUND
09:09:55.692 [JavaFX Application Thread] WARN  FXGLAssetLoaderServi - Asset "/assets/sounds/blaster.wav" was not found!
09:09:55.692 [JavaFX Application Thread] WARN  FXGLAssetLoaderServi - Failed to load SOUND
09:09:55.826 [JavaFX Application Thread] WARN  FXGLAssetLoaderServi - Asset "/assets/sounds/blaster.wav" was not found!
09:09:55.827 [JavaFX Application Thread] WARN  FXGLAssetLoaderServi - Failed to load SOUND
09:09:55.973 [JavaFX Application Thread] WARN  FXGLAssetLoaderServi - Asset "/assets/sounds/blaster.wav" was not found!
09:09:55.973 [JavaFX Application Thread] WARN  FXGLAssetLoaderServi - Failed to load SOUND
09:09:56.114 [JavaFX Application Thread] WARN  FXGLAssetLoaderServi - Asset "/assets/sounds/blaster.wav" was not found!
09:09:56.115 [JavaFX Application Thread] WARN  FXGLAssetLoaderServi - Failed to load SOUND
09:09:56.250 [JavaFX Application Thread] WARN  FXGLAssetLoaderServi - Asset "/assets/sounds/blaster.wav" was not found!
09:09:56.250 [JavaFX Application Thread] WARN  FXGLAssetLoaderServi - Failed to load SOUND
09:09:56.430 [JavaFX Application Thread] WARN  FXGLAssetLoaderServi - Asset "/assets/sounds/blaster.wav" was not found!
09:09:56.430 [JavaFX Application Thread] WARN  FXGLAssetLoaderServi - Failed to load SOUND
09:09:56.574 [JavaFX Application Thread] WARN  FXGLAssetLoaderServi - Asset "/assets/sounds/blaster.wav" was not found!
09:09:56.574 [JavaFX Application Thread] WARN  FXGLAssetLoaderServi - Failed to load SOUND
09:09:56.746 [JavaFX Application Thread] WARN  FXGLAssetLoaderServi - Asset "/assets/sounds/blaster.wav" was not found!
09:09:56.746 [JavaFX Application Thread] WARN  FXGLAssetLoaderServi - Failed to load SOUND
09:09:56.897 [JavaFX Application Thread] WARN  FXGLAssetLoaderServi - Asset "/assets/sounds/blaster.wav" was not found!
09:09:56.897 [JavaFX Application Thread] WARN  FXGLAssetLoaderServi - Failed to load SOUND
09:09:57.079 [JavaFX Application Thread] WARN  FXGLAssetLoaderServi - Asset "/assets/sounds/blaster.wav" was not found!
09:09:57.079 [JavaFX Application Thread] WARN  FXGLAssetLoaderServi - Failed to load SOUND
09:09:57.222 [JavaFX Application Thread] WARN  FXGLAssetLoaderServi - Asset "/assets/sounds/blaster.wav" was not found!
09:09:57.222 [JavaFX Application Thread] WARN  FXGLAssetLoaderServi - Failed to load SOUND
09:09:57.373 [JavaFX Application Thread] WARN  FXGLAssetLoaderServi - Asset "/assets/sounds/blaster.wav" was not found!
09:09:57.373 [JavaFX Application Thread] WARN  FXGLAssetLoaderServi - Failed to load SOUND
09:09:57.509 [JavaFX Application Thread] WARN  FXGLAssetLoaderServi - Asset "/assets/sounds/blaster.wav" was not found!
09:09:57.510 [JavaFX Application Thread] WARN  FXGLAssetLoaderServi - Failed to load SOUND
09:09:57.666 [JavaFX Application Thread] WARN  FXGLAssetLoaderServi - Asset "/assets/sounds/blaster.wav" was not found!
09:09:57.666 [JavaFX Application Thread] WARN  FXGLAssetLoaderServi - Failed to load SOUND
09:09:57.812 [JavaFX Application Thread] WARN  FXGLAssetLoaderServi - Asset "/assets/sounds/blaster.wav" was not found!
09:09:57.812 [JavaFX Application Thread] WARN  FXGLAssetLoaderServi - Failed to load SOUND
09:09:57.915 [JavaFX Application Thread] WARN  FXGLAssetLoaderServi - Asset "/assets/sounds/blaster.wav" was not found!
09:09:57.915 [JavaFX Application Thread] WARN  FXGLAssetLoaderServi - Failed to load SOUND
09:09:58.272 [JavaFX Application Thread] WARN  FXGLAssetLoaderServi - Asset "/assets/sounds/blaster.wav" was not found!
09:09:58.272 [JavaFX Application Thread] WARN  FXGLAssetLoaderServi - Failed to load SOUND
09:09:58.418 [JavaFX Application Thread] WARN  FXGLAssetLoaderServi - Asset "/assets/sounds/blaster.wav" was not found!
09:09:58.418 [JavaFX Application Thread] WARN  FXGLAssetLoaderServi - Failed to load SOUND
09:09:58.608 [JavaFX Application Thread] WARN  FXGLAssetLoaderServi - Asset "/assets/sounds/blaster.wav" was not found!
09:09:58.608 [JavaFX Application Thread] WARN  FXGLAssetLoaderServi - Failed to load SOUND
09:09:58.767 [JavaFX Application Thread] WARN  FXGLAssetLoaderServi - Asset "/assets/sounds/blaster.wav" was not found!
09:09:58.767 [JavaFX Application Thread] WARN  FXGLAssetLoaderServi - Failed to load SOUND
09:09:58.916 [JavaFX Application Thread] WARN  FXGLAssetLoaderServi - Asset "/assets/sounds/blaster.wav" was not found!
09:09:58.916 [JavaFX Application Thread] WARN  FXGLAssetLoaderServi - Failed to load SOUND
09:09:59.049 [JavaFX Application Thread] WARN  FXGLAssetLoaderServi - Asset "/assets/sounds/blaster.wav" was not found!
09:09:59.049 [JavaFX Application Thread] WARN  FXGLAssetLoaderServi - Failed to load SOUND
09:10:12.286 [JavaFX Application Thread] DEBUG FXGLApplication      - Exiting FXGL
09:10:12.286 [JavaFX Application Thread] DEBUG LoopRunner           - Stopping loop
09:10:12.286 [JavaFX Application Thread] DEBUG SystemBundleService  - Saving FXGL system data
09:10:12.289 [JavaFX Application Thread] DEBUG FileSystemAccess     - Writing to: C:\Users\Martin\csci205_final_project\system\fxgl.bundle
09:10:12.292 [JavaFX Application Thread] DEBUG Async                - Shutting down background threads
09:10:12.292 [JavaFX Application Thread] DEBUG PrimaryStageWindow   - Closing main window
09:10:12.346 [JavaFX Application Thread] DEBUG Logger               - Closing Logger
