11:15:04.077 [main                     ] DEBUG Logger               - Configured Logger
11:15:04.104 [main                     ] DEBUG GameApplication      - Logging settings
Title: Untitled
Version: 0.0
Width: 800
Height: 600
Fullscreen: false
Intro: false
Profiling: false
Single step:false
App Mode: DEVELOPER
Menu Key: ESCAPE
Stage Style: DECORATED
Scene Factory: class com.almasb.fxgl.app.scene.SceneFactory

11:15:04.584 [JavaFX Application Thread] DEBUG FXGLApplication      - Initializing FXGL
11:15:04.589 [JavaFX Application Thread] INFO  Engine               - FXGL-17.1 (24.03.2022 17.34) on WINDOWS (J:21.0.4 FX:18)
11:15:04.589 [JavaFX Application Thread] DEBUG Engine               - JRE Vendor Name: Amazon.com Inc.
11:15:04.589 [JavaFX Application Thread] DEBUG Engine               - Running on OS: Windows 11 version 10.0
11:15:04.590 [JavaFX Application Thread] DEBUG Engine               - Architecture: amd64
11:15:04.590 [JavaFX Application Thread] INFO  Engine               - Source code and latest versions at: https://github.com/AlmasB/FXGL
11:15:04.590 [JavaFX Application Thread] INFO  Engine               -       Ask questions and discuss at: https://github.com/AlmasB/FXGL/discussions
11:15:04.590 [JavaFX Application Thread] INFO  Engine               -              Join the FXGL chat at: https://gitter.im/AlmasB/FXGL
11:15:04.697 [JavaFX Application Thread] DEBUG PrimaryStageWindow   - Creating a JavaFX scene
11:15:04.756 [JavaFX Application Thread] DEBUG PrimaryStageWindow   - Target settings size: 800.0 x 600.0
11:15:04.756 [JavaFX Application Thread] DEBUG PrimaryStageWindow   - Scaled scene size:    800.0 x 600.0
11:15:04.756 [JavaFX Application Thread] DEBUG PrimaryStageWindow   - Scaled ratio: (1.0, 1.0)
11:15:04.757 [JavaFX Application Thread] DEBUG PrimaryStageWindow   - Set initial scene to FXGLStartupScene
11:15:04.771 [JavaFX Application Thread] DEBUG PrimaryStageWindow   - Opening main window
11:15:04.861 [JavaFX Application Thread] DEBUG PrimaryStageWindow   - Window border size: (16.0, 39.0)
11:15:04.861 [JavaFX Application Thread] DEBUG PrimaryStageWindow   - Scaled size: 800.0 x 600.0
11:15:04.862 [JavaFX Application Thread] DEBUG PrimaryStageWindow   - Scaled ratio: (1.0, 1.0)
11:15:04.862 [JavaFX Application Thread] DEBUG PrimaryStageWindow   - Scene size: 800.0 x 600.0
11:15:04.862 [JavaFX Application Thread] DEBUG PrimaryStageWindow   - Stage size: 816.0 x 639.0
11:15:04.873 [FXGL Background Thread 1 ] DEBUG Engine               - Initializing environment variables
11:15:04.935 [FXGL Background Thread 1 ] DEBUG FXGLAssetLoaderServi - User app class for loading assets: class org.StarWarsFinalProject.GameApp
11:15:04.936 [FXGL Background Thread 1 ] DEBUG GameApplicationServi - Applying CSS: fxgl_dark.css
11:15:04.937 [FXGL Background Thread 1 ] DEBUG FXGLAssetLoaderServi - Loading from file system: jar:file:/C:/Users/conth/.gradle/caches/modules-2/files-2.1/com.github.almasb/fxgl/17.1/2a9509aedf54954c9b13849c18c6f495a81c542d/fxgl-17.1.jar!/fxglassets/ui/css/fxgl_dark.css
11:15:04.991 [FXGL Background Thread 1 ] DEBUG GameApplicationServi - Initializing application scenes
11:15:05.052 [FXGL Background Thread 1 ] DEBUG GameWorld            - Game world initialized
11:15:05.150 [FXGL Background Thread 1 ] DEBUG PhysicsWorld         - Physics world initialized: appHeight=600, physics.ppm=50.0
11:15:05.150 [FXGL Background Thread 1 ] DEBUG PhysicsWorld         - Using strategy: BRUTE_FORCE
11:15:05.156 [FXGL Background Thread 1 ] DEBUG GameScene            - Game scene initialized: 800x600
11:15:05.172 [FXGL Background Thread 1 ] DEBUG FXGL.DefaultMenu     - createMenuBodyGameMenu()
11:15:05.186 [FXGL Background Thread 1 ] DEBUG FXGL.DefaultMenu     - createOptionsMenu()
11:15:05.200 [FXGL Background Thread 1 ] DEBUG FXGLAssetLoaderServi - Loading from file system: jar:file:/C:/Users/conth/.gradle/caches/modules-2/files-2.1/com.github.almasb/fxgl/17.1/2a9509aedf54954c9b13849c18c6f495a81c542d/fxgl-17.1.jar!/fxglassets/textures/particles/smoke.png
11:15:05.333 [FXGL Background Thread 1 ] DEBUG FXGLAssetLoaderServi - Loading from file system: jar:file:/C:/Users/conth/.gradle/caches/modules-2/files-2.1/com.github.almasb/fxgl/17.1/2a9509aedf54954c9b13849c18c6f495a81c542d/fxgl-17.1.jar!/fxglassets/textures/particles/trace_horizontal.png
11:15:05.365 [FXGL Background Thread 1 ] DEBUG GameApplicationServi - Application scenes initialized
11:15:05.380 [FXGL Background Thread 1 ] DEBUG SystemBundleService  - Loading FXGL system data
11:15:05.386 [FXGL Background Thread 1 ] DEBUG FileSystemAccess     - Reading from: C:\Users\conth\Documents\csci205_final_project\system\fxgl.bundle
11:15:05.393 [FXGL Background Thread 1 ] DEBUG SystemBundleService  - Bundle FXGL: {}
11:15:05.393 [FXGL Background Thread 1 ] DEBUG UpdaterService       - Checking for updates
11:15:05.398 [FXGL Background Thread 4 ] DEBUG FXGLApplication      - Loading fonts
11:15:05.398 [FXGL Background Thread 4 ] DEBUG FXGLAssetLoaderServi - Loading from file system: jar:file:/C:/Users/conth/.gradle/caches/modules-2/files-2.1/com.github.almasb/fxgl/17.1/2a9509aedf54954c9b13849c18c6f495a81c542d/fxgl-17.1.jar!/fxglassets/ui/fonts/VarelaRound-Regular.ttf
11:15:05.399 [FXGL Background Thread 1 ] DEBUG FXGLApplication      - Loading default localization
11:15:05.400 [FXGL Background Thread 1 ] DEBUG FXGLAssetLoaderServi - Loading from file system: jar:file:/C:/Users/conth/.gradle/caches/modules-2/files-2.1/com.github.almasb/fxgl/17.1/2a9509aedf54954c9b13849c18c6f495a81c542d/fxgl-17.1.jar!/fxglassets/languages/english.lang
11:15:05.434 [FXGL Background Thread 1 ] INFO  FXGLApplication      - FXGL initialization took: 0.561 sec
11:15:05.437 [FXGL Background Thread 4 ] DEBUG FXGLAssetLoaderServi - Loading from file system: jar:file:/C:/Users/conth/.gradle/caches/modules-2/files-2.1/com.github.almasb/fxgl/17.1/2a9509aedf54954c9b13849c18c6f495a81c542d/fxgl-17.1.jar!/fxglassets/ui/fonts/Abel-Regular.ttf
11:15:05.438 [JavaFX Application Thread] DEBUG FXGLAssetLoaderServi - Loading from file system: jar:file:/C:/Users/conth/.gradle/caches/modules-2/files-2.1/com.github.almasb/fxgl/17.1/2a9509aedf54954c9b13849c18c6f495a81c542d/fxgl-17.1.jar!/fxglassets/textures/fxgl_icon.png
11:15:05.442 [FXGL Background Thread 4 ] DEBUG FXGLAssetLoaderServi - Loading from file system: jar:file:/C:/Users/conth/.gradle/caches/modules-2/files-2.1/com.github.almasb/fxgl/17.1/2a9509aedf54954c9b13849c18c6f495a81c542d/fxgl-17.1.jar!/fxglassets/ui/fonts/TerminalLandMono-Regular.otf
11:15:05.447 [FXGL Background Thread 4 ] DEBUG FXGLAssetLoaderServi - Loading from file system: jar:file:/C:/Users/conth/.gradle/caches/modules-2/files-2.1/com.github.almasb/fxgl/17.1/2a9509aedf54954c9b13849c18c6f495a81c542d/fxgl-17.1.jar!/fxglassets/ui/fonts/Courier-Prime.ttf
11:15:05.457 [JavaFX Application Thread] DEBUG FXGLAssetLoaderServi - Loading from file system: jar:file:/C:/Users/conth/.gradle/caches/modules-2/files-2.1/com.github.almasb/fxgl/17.1/2a9509aedf54954c9b13849c18c6f495a81c542d/fxgl-17.1.jar!/fxglassets/textures/fxgl_default_cursor.png
11:15:05.478 [JavaFX Application Thread] DEBUG Input                - Registered new binding: Screenshot - CTRL+8
11:15:05.479 [JavaFX Application Thread] DEBUG Input                - Registered new binding: System info dump - CTRL+9
11:15:05.480 [JavaFX Application Thread] DEBUG Input                - Registered new binding: Restart - CTRL+R
11:15:05.481 [JavaFX Application Thread] DEBUG Input                - Registered new binding: Toggle Debug Camera - CTRL+7
11:15:05.485 [JavaFX Application Thread] DEBUG LoopRunner           - Starting loop
11:15:05.485 [JavaFX Application Thread] DEBUG LoopRunner           - Initializing JavaFX AnimationTimerLoop
11:15:05.487 [JavaFX Application Thread] DEBUG GameApplicationServi - Starting new game
11:15:05.487 [JavaFX Application Thread] DEBUG Input                - Clearing active input actions
11:15:05.497 [JavaFX Application Thread] DEBUG GameApplicationServi - Removing overlay from FXGLStartupScene and adding to FXGLLoadingScene
11:15:05.497 [JavaFX Application Thread] DEBUG PrimaryStageWindow   - FXGLStartupScene -> FXGLLoadingScene
11:15:05.497 [JavaFX Application Thread] DEBUG GameApplicationServi - Clearing previous game
11:15:05.497 [JavaFX Application Thread] DEBUG GameScene            - Clearing game scene
11:15:05.497 [JavaFX Application Thread] DEBUG GameWorld            - Clearing game world
11:15:05.498 [JavaFX Application Thread] DEBUG PhysicsWorld         - Clearing physics world
11:15:05.501 [FXGL Background Thread 4 ] DEBUG FXGLApplication      - Initializing game
11:15:05.501 [JavaFX Application Thread] DEBUG FXGLApplication      - Registering font factories with UI factory
11:15:05.545 [FXGL Background Thread 4 ] DEBUG Input                - Registered new binding: Move Player Right - D
11:15:05.546 [FXGL Background Thread 4 ] DEBUG Input                - Registered new binding: Move Player Left - A
11:15:05.546 [FXGL Background Thread 4 ] DEBUG Input                - Registered new binding: Move Player Up - W
11:15:05.546 [FXGL Background Thread 4 ] DEBUG Input                - Registered new binding: Move Player Down - S
11:15:05.547 [FXGL Background Thread 4 ] DEBUG Input                - Registered new binding: Player Attack - Space
11:15:05.548 [FXGL Background Thread 4 ] DEBUG Input                - Registered new binding: Move Opp Right - Right
11:15:05.549 [FXGL Background Thread 4 ] DEBUG Input                - Registered new binding: Move Opp Left - Left
11:15:05.549 [FXGL Background Thread 4 ] DEBUG Input                - Registered new binding: Move Opp Up - Up
11:15:05.550 [FXGL Background Thread 4 ] DEBUG Input                - Registered new binding: Move Opp Down - Down
11:15:05.550 [FXGL Background Thread 4 ] DEBUG Input                - Registered new binding: Opponent Attacks - Enter
11:15:05.555 [FXGL Background Thread 4 ] INFO  FXGLApplication      - Game initialization took: 0.054 sec
11:15:05.570 [JavaFX Application Thread] DEBUG Input                - Clearing active input actions
11:15:05.576 [JavaFX Application Thread] DEBUG GameApplicationServi - Removing overlay from FXGLLoadingScene and adding to GameScene
11:15:05.576 [JavaFX Application Thread] DEBUG PrimaryStageWindow   - FXGLLoadingScene -> GameScene
11:15:06.058 [FXGL Background Thread 2 ] INFO  UpdaterService       - Your current version:  17.1
11:15:06.059 [FXGL Background Thread 2 ] INFO  UpdaterService       - Latest stable version: 21.1
11:15:06.302 [JavaFX Application Thread] DEBUG FXGLApplication      - Exiting FXGL
11:15:06.302 [JavaFX Application Thread] DEBUG LoopRunner           - Stopping loop
11:15:06.302 [JavaFX Application Thread] DEBUG SystemBundleService  - Saving FXGL system data
11:15:06.305 [JavaFX Application Thread] DEBUG FileSystemAccess     - Writing to: C:\Users\conth\Documents\csci205_final_project\system\fxgl.bundle
11:15:06.309 [JavaFX Application Thread] DEBUG Async                - Shutting down background threads
11:15:06.309 [JavaFX Application Thread] DEBUG PrimaryStageWindow   - Closing main window
11:15:06.350 [JavaFX Application Thread] DEBUG Logger               - Closing Logger
