11:46:40.122 [main                     ] DEBUG Logger               - Configured Logger
11:46:40.140 [main                     ] DEBUG GameApplication      - Logging settings
Title: Untitled
Version: 0.0
Width: 800
Height: 600
Fullscreen: false
Intro: false
Profiling: false
Single step:false
App Mode: DEVELOPER
Menu Key: ESCAPE
Stage Style: DECORATED
Scene Factory: class com.almasb.fxgl.app.scene.SceneFactory

11:46:40.612 [JavaFX Application Thread] DEBUG FXGLApplication      - Initializing FXGL
11:46:40.617 [JavaFX Application Thread] INFO  Engine               - FXGL-17.1 (24.03.2022 17.34) on WINDOWS (J:21.0.4 FX:18)
11:46:40.617 [JavaFX Application Thread] DEBUG Engine               - JRE Vendor Name: Amazon.com Inc.
11:46:40.617 [JavaFX Application Thread] DEBUG Engine               - Running on OS: Windows 11 version 10.0
11:46:40.617 [JavaFX Application Thread] DEBUG Engine               - Architecture: amd64
11:46:40.617 [JavaFX Application Thread] INFO  Engine               - Source code and latest versions at: https://github.com/AlmasB/FXGL
11:46:40.618 [JavaFX Application Thread] INFO  Engine               -       Ask questions and discuss at: https://github.com/AlmasB/FXGL/discussions
11:46:40.618 [JavaFX Application Thread] INFO  Engine               -              Join the FXGL chat at: https://gitter.im/AlmasB/FXGL
11:46:40.724 [JavaFX Application Thread] DEBUG PrimaryStageWindow   - Creating a JavaFX scene
11:46:40.782 [JavaFX Application Thread] DEBUG PrimaryStageWindow   - Target settings size: 800.0 x 600.0
11:46:40.782 [JavaFX Application Thread] DEBUG PrimaryStageWindow   - Scaled scene size:    800.0 x 600.0
11:46:40.783 [JavaFX Application Thread] DEBUG PrimaryStageWindow   - Scaled ratio: (1.0, 1.0)
11:46:40.785 [JavaFX Application Thread] DEBUG PrimaryStageWindow   - Set initial scene to FXGLStartupScene
11:46:40.798 [JavaFX Application Thread] DEBUG PrimaryStageWindow   - Opening main window
11:46:40.889 [JavaFX Application Thread] DEBUG PrimaryStageWindow   - Window border size: (16.0, 39.0)
11:46:40.890 [JavaFX Application Thread] DEBUG PrimaryStageWindow   - Scaled size: 800.0 x 600.0
11:46:40.890 [JavaFX Application Thread] DEBUG PrimaryStageWindow   - Scaled ratio: (1.0, 1.0)
11:46:40.890 [JavaFX Application Thread] DEBUG PrimaryStageWindow   - Scene size: 800.0 x 600.0
11:46:40.890 [JavaFX Application Thread] DEBUG PrimaryStageWindow   - Stage size: 816.0 x 639.0
11:46:40.902 [FXGL Background Thread 1 ] DEBUG Engine               - Initializing environment variables
11:46:40.968 [FXGL Background Thread 1 ] DEBUG FXGLAssetLoaderServi - User app class for loading assets: class org.StarWarsFinalProject.GameApp
11:46:40.969 [FXGL Background Thread 1 ] DEBUG GameApplicationServi - Applying CSS: fxgl_dark.css
11:46:40.969 [FXGL Background Thread 1 ] DEBUG FXGLAssetLoaderServi - Loading from file system: jar:file:/C:/Users/conth/.gradle/caches/modules-2/files-2.1/com.github.almasb/fxgl/17.1/2a9509aedf54954c9b13849c18c6f495a81c542d/fxgl-17.1.jar!/fxglassets/ui/css/fxgl_dark.css
11:46:41.017 [FXGL Background Thread 1 ] DEBUG GameApplicationServi - Initializing application scenes
11:46:41.076 [FXGL Background Thread 1 ] DEBUG GameWorld            - Game world initialized
11:46:41.159 [FXGL Background Thread 1 ] DEBUG PhysicsWorld         - Physics world initialized: appHeight=600, physics.ppm=50.0
11:46:41.159 [FXGL Background Thread 1 ] DEBUG PhysicsWorld         - Using strategy: BRUTE_FORCE
11:46:41.164 [FXGL Background Thread 1 ] DEBUG GameScene            - Game scene initialized: 800x600
11:46:41.177 [FXGL Background Thread 1 ] DEBUG FXGL.DefaultMenu     - createMenuBodyGameMenu()
11:46:41.192 [FXGL Background Thread 1 ] DEBUG FXGL.DefaultMenu     - createOptionsMenu()
11:46:41.202 [FXGL Background Thread 1 ] DEBUG FXGLAssetLoaderServi - Loading from file system: jar:file:/C:/Users/conth/.gradle/caches/modules-2/files-2.1/com.github.almasb/fxgl/17.1/2a9509aedf54954c9b13849c18c6f495a81c542d/fxgl-17.1.jar!/fxglassets/textures/particles/smoke.png
11:46:41.337 [FXGL Background Thread 1 ] DEBUG FXGLAssetLoaderServi - Loading from file system: jar:file:/C:/Users/conth/.gradle/caches/modules-2/files-2.1/com.github.almasb/fxgl/17.1/2a9509aedf54954c9b13849c18c6f495a81c542d/fxgl-17.1.jar!/fxglassets/textures/particles/trace_horizontal.png
11:46:41.386 [FXGL Background Thread 1 ] DEBUG GameApplicationServi - Application scenes initialized
11:46:41.401 [FXGL Background Thread 1 ] DEBUG SystemBundleService  - Loading FXGL system data
11:46:41.407 [FXGL Background Thread 1 ] DEBUG FileSystemAccess     - Reading from: C:\Users\conth\Documents\csci205_final_project\system\fxgl.bundle
11:46:41.417 [FXGL Background Thread 1 ] DEBUG SystemBundleService  - Bundle FXGL: {}
11:46:41.417 [FXGL Background Thread 1 ] DEBUG UpdaterService       - Checking for updates
11:46:41.421 [FXGL Background Thread 4 ] DEBUG FXGLApplication      - Loading fonts
11:46:41.422 [FXGL Background Thread 1 ] DEBUG FXGLApplication      - Loading default localization
11:46:41.422 [FXGL Background Thread 4 ] DEBUG FXGLAssetLoaderServi - Loading from file system: jar:file:/C:/Users/conth/.gradle/caches/modules-2/files-2.1/com.github.almasb/fxgl/17.1/2a9509aedf54954c9b13849c18c6f495a81c542d/fxgl-17.1.jar!/fxglassets/ui/fonts/VarelaRound-Regular.ttf
11:46:41.422 [FXGL Background Thread 1 ] DEBUG FXGLAssetLoaderServi - Loading from file system: jar:file:/C:/Users/conth/.gradle/caches/modules-2/files-2.1/com.github.almasb/fxgl/17.1/2a9509aedf54954c9b13849c18c6f495a81c542d/fxgl-17.1.jar!/fxglassets/languages/english.lang
11:46:41.453 [FXGL Background Thread 1 ] INFO  FXGLApplication      - FXGL initialization took: 0.551 sec
11:46:41.455 [JavaFX Application Thread] DEBUG FXGLAssetLoaderServi - Loading from file system: jar:file:/C:/Users/conth/.gradle/caches/modules-2/files-2.1/com.github.almasb/fxgl/17.1/2a9509aedf54954c9b13849c18c6f495a81c542d/fxgl-17.1.jar!/fxglassets/textures/fxgl_icon.png
11:46:41.465 [FXGL Background Thread 4 ] DEBUG FXGLAssetLoaderServi - Loading from file system: jar:file:/C:/Users/conth/.gradle/caches/modules-2/files-2.1/com.github.almasb/fxgl/17.1/2a9509aedf54954c9b13849c18c6f495a81c542d/fxgl-17.1.jar!/fxglassets/ui/fonts/Abel-Regular.ttf
11:46:41.470 [FXGL Background Thread 4 ] DEBUG FXGLAssetLoaderServi - Loading from file system: jar:file:/C:/Users/conth/.gradle/caches/modules-2/files-2.1/com.github.almasb/fxgl/17.1/2a9509aedf54954c9b13849c18c6f495a81c542d/fxgl-17.1.jar!/fxglassets/ui/fonts/TerminalLandMono-Regular.otf
11:46:41.475 [FXGL Background Thread 4 ] DEBUG FXGLAssetLoaderServi - Loading from file system: jar:file:/C:/Users/conth/.gradle/caches/modules-2/files-2.1/com.github.almasb/fxgl/17.1/2a9509aedf54954c9b13849c18c6f495a81c542d/fxgl-17.1.jar!/fxglassets/ui/fonts/Courier-Prime.ttf
11:46:41.481 [JavaFX Application Thread] DEBUG FXGLAssetLoaderServi - Loading from file system: jar:file:/C:/Users/conth/.gradle/caches/modules-2/files-2.1/com.github.almasb/fxgl/17.1/2a9509aedf54954c9b13849c18c6f495a81c542d/fxgl-17.1.jar!/fxglassets/textures/fxgl_default_cursor.png
11:46:41.507 [JavaFX Application Thread] DEBUG Input                - Registered new binding: Screenshot - CTRL+8
11:46:41.507 [JavaFX Application Thread] DEBUG Input                - Registered new binding: System info dump - CTRL+9
11:46:41.508 [JavaFX Application Thread] DEBUG Input                - Registered new binding: Restart - CTRL+R
11:46:41.509 [JavaFX Application Thread] DEBUG Input                - Registered new binding: Toggle Debug Camera - CTRL+7
11:46:41.512 [JavaFX Application Thread] DEBUG LoopRunner           - Starting loop
11:46:41.512 [JavaFX Application Thread] DEBUG LoopRunner           - Initializing JavaFX AnimationTimerLoop
11:46:41.515 [JavaFX Application Thread] DEBUG GameApplicationServi - Starting new game
11:46:41.516 [JavaFX Application Thread] DEBUG Input                - Clearing active input actions
11:46:41.528 [JavaFX Application Thread] DEBUG GameApplicationServi - Removing overlay from FXGLStartupScene and adding to FXGLLoadingScene
11:46:41.528 [JavaFX Application Thread] DEBUG PrimaryStageWindow   - FXGLStartupScene -> FXGLLoadingScene
11:46:41.529 [JavaFX Application Thread] DEBUG GameApplicationServi - Clearing previous game
11:46:41.529 [JavaFX Application Thread] DEBUG GameScene            - Clearing game scene
11:46:41.529 [JavaFX Application Thread] DEBUG GameWorld            - Clearing game world
11:46:41.529 [JavaFX Application Thread] DEBUG PhysicsWorld         - Clearing physics world
11:46:41.531 [FXGL Background Thread 4 ] DEBUG FXGLApplication      - Initializing game
11:46:41.531 [JavaFX Application Thread] DEBUG FXGLApplication      - Registering font factories with UI factory
11:46:41.589 [FXGL Background Thread 4 ] DEBUG Input                - Registered new binding: Move Player Right - D
11:46:41.589 [FXGL Background Thread 4 ] DEBUG Input                - Registered new binding: Move Player Left - A
11:46:41.589 [FXGL Background Thread 4 ] DEBUG Input                - Registered new binding: Move Player Up - W
11:46:41.590 [FXGL Background Thread 4 ] DEBUG Input                - Registered new binding: Move Player Down - S
11:46:41.590 [FXGL Background Thread 4 ] DEBUG Input                - Registered new binding: Player Attack - Space
11:46:41.591 [FXGL Background Thread 4 ] DEBUG Input                - Registered new binding: Move Opp Right - Right
11:46:41.591 [FXGL Background Thread 4 ] DEBUG Input                - Registered new binding: Move Opp Left - Left
11:46:41.592 [FXGL Background Thread 4 ] DEBUG Input                - Registered new binding: Move Opp Up - Up
11:46:41.593 [FXGL Background Thread 4 ] DEBUG Input                - Registered new binding: Move Opp Down - Down
11:46:41.594 [FXGL Background Thread 4 ] DEBUG Input                - Registered new binding: Opponent Attacks - Enter
11:46:41.597 [FXGL Background Thread 4 ] INFO  FXGLApplication      - Game initialization took: 0.066 sec
11:46:41.605 [JavaFX Application Thread] DEBUG Input                - Clearing active input actions
11:46:41.613 [JavaFX Application Thread] DEBUG GameApplicationServi - Removing overlay from FXGLLoadingScene and adding to GameScene
11:46:41.614 [JavaFX Application Thread] DEBUG PrimaryStageWindow   - FXGLLoadingScene -> GameScene
11:46:41.983 [FXGL Background Thread 2 ] INFO  UpdaterService       - Your current version:  17.1
11:46:41.983 [FXGL Background Thread 2 ] INFO  UpdaterService       - Latest stable version: 21.1
11:46:44.421 [FXGL Background Thread 3 ] DEBUG Engine               - Logging environment variables
11:46:44.422 [FXGL Background Thread 3 ] DEBUG Engine               - achievements: []
11:46:44.422 [FXGL Background Thread 3 ] DEBUG Engine               - actualHeight: 600.0
11:46:44.422 [FXGL Background Thread 3 ] DEBUG Engine               - actualHeightProperty: ReadOnlyDoubleProperty [value: 600.0]
11:46:44.423 [FXGL Background Thread 3 ] DEBUG Engine               - actualWidth: 800.0
11:46:44.423 [FXGL Background Thread 3 ] DEBUG Engine               - actualWidthProperty: ReadOnlyDoubleProperty [value: 800.0]
11:46:44.423 [FXGL Background Thread 3 ] DEBUG Engine               - appIcon: fxgl_icon.png
11:46:44.423 [FXGL Background Thread 3 ] DEBUG Engine               - applicationMode: DEVELOPER
11:46:44.423 [FXGL Background Thread 3 ] DEBUG Engine               - cSSList: [fxgl_dark.css]
11:46:44.424 [FXGL Background Thread 3 ] DEBUG Engine               - collisionDetectionStrategy: BRUTE_FORCE
11:46:44.424 [FXGL Background Thread 3 ] DEBUG Engine               - configClass: Optional.empty
11:46:44.424 [FXGL Background Thread 3 ] DEBUG Engine               - credits: []
11:46:44.424 [FXGL Background Thread 3 ] DEBUG Engine               - defaultCursor: CursorInfo(imageName=fxgl_default_cursor.png, hotspotX=7.0, hotspotY=6.0)
11:46:44.425 [FXGL Background Thread 3 ] DEBUG Engine               - devBBoxColorProperty: ObjectProperty [value: 0xff0000ff]
11:46:44.425 [FXGL Background Thread 3 ] DEBUG Engine               - devEnableDebugCameraProperty: BooleanProperty [value: false]
11:46:44.425 [FXGL Background Thread 3 ] DEBUG Engine               - devSensorColorProperty: ObjectProperty [value: 0xffff00ff]
11:46:44.425 [FXGL Background Thread 3 ] DEBUG Engine               - devShowBBoxProperty: BooleanProperty [value: false]
11:46:44.426 [FXGL Background Thread 3 ] DEBUG Engine               - devShowPositionProperty: BooleanProperty [value: false]
11:46:44.426 [FXGL Background Thread 3 ] DEBUG Engine               - enabledMenuItems: []
11:46:44.426 [FXGL Background Thread 3 ] DEBUG Engine               - engineServices: [class com.almasb.fxgl.app.services.FXGLAssetLoaderService, class com.almasb.fxgl.app.FXGLApplication$GameApplicationService, class com.almasb.fxgl.app.services.FXGLDialogService, class com.almasb.fxgl.app.services.IOTaskExecutorService, class com.almasb.fxgl.io.FileSystemService, class com.almasb.fxgl.localization.LocalizationService, class com.almasb.fxgl.app.services.SystemBundleService, class com.almasb.fxgl.profile.SaveLoadService, class com.almasb.fxgl.ui.FXGLUIFactoryServiceProvider, class com.almasb.fxgl.ui.FXGLDialogFactoryServiceProvider, class com.almasb.fxgl.audio.AudioPlayer, class com.almasb.fxgl.notification.impl.NotificationServiceProvider, class com.almasb.fxgl.achievement.AchievementService, class com.almasb.fxgl.cutscene.CutsceneService, class com.almasb.fxgl.minigames.MiniGameService, class com.almasb.fxgl.net.NetService, class com.almasb.fxgl.app.services.UpdaterService, class com.almasb.fxgl.dev.DevService]
11:46:44.426 [FXGL Background Thread 3 ] DEBUG Engine               - fontGame: Abel-Regular.ttf
11:46:44.426 [FXGL Background Thread 3 ] DEBUG Engine               - fontMono: TerminalLandMono-Regular.otf
11:46:44.426 [FXGL Background Thread 3 ] DEBUG Engine               - fontText: Courier-Prime.ttf
11:46:44.426 [FXGL Background Thread 3 ] DEBUG Engine               - fontUI: VarelaRound-Regular.ttf
11:46:44.427 [FXGL Background Thread 3 ] DEBUG Engine               - fullScreen: BooleanProperty [value: false]
11:46:44.427 [FXGL Background Thread 3 ] DEBUG Engine               - gameDifficulty: MEDIUM
11:46:44.427 [FXGL Background Thread 3 ] DEBUG Engine               - gameDifficultyProperty: ObjectProperty [value: MEDIUM]
11:46:44.427 [FXGL Background Thread 3 ] DEBUG Engine               - globalMusicVolume: 0.5
11:46:44.427 [FXGL Background Thread 3 ] DEBUG Engine               - globalMusicVolumeProperty: DoubleProperty [value: 0.5]
11:46:44.427 [FXGL Background Thread 3 ] DEBUG Engine               - globalSoundVolume: 0.5
11:46:44.427 [FXGL Background Thread 3 ] DEBUG Engine               - globalSoundVolumeProperty: DoubleProperty [value: 0.5]
11:46:44.427 [FXGL Background Thread 3 ] DEBUG Engine               - height: 600
11:46:44.428 [FXGL Background Thread 3 ] DEBUG Engine               - is3D: false
11:46:44.428 [FXGL Background Thread 3 ] DEBUG Engine               - isAndroid: false
11:46:44.428 [FXGL Background Thread 3 ] DEBUG Engine               - isBrowser: false
11:46:44.428 [FXGL Background Thread 3 ] DEBUG Engine               - isClickFeedbackEnabled: false
11:46:44.428 [FXGL Background Thread 3 ] DEBUG Engine               - isCloseConfirmation: false
11:46:44.428 [FXGL Background Thread 3 ] DEBUG Engine               - isDesktop: true
11:46:44.428 [FXGL Background Thread 3 ] DEBUG Engine               - isDeveloperMenuEnabled: false
11:46:44.428 [FXGL Background Thread 3 ] DEBUG Engine               - isEmbedded: false
11:46:44.429 [FXGL Background Thread 3 ] DEBUG Engine               - isEntityPreloadEnabled: true
11:46:44.431 [FXGL Background Thread 3 ] DEBUG Engine               - isExperimentalTiledLargeMap: false
11:46:44.431 [FXGL Background Thread 3 ] DEBUG Engine               - isFileSystemWriteAllowed: true
11:46:44.431 [FXGL Background Thread 3 ] DEBUG Engine               - isFullScreenAllowed: false
11:46:44.431 [FXGL Background Thread 3 ] DEBUG Engine               - isFullScreenFromStart: false
11:46:44.431 [FXGL Background Thread 3 ] DEBUG Engine               - isGameMenuEnabled: true
11:46:44.431 [FXGL Background Thread 3 ] DEBUG Engine               - isIOS: false
11:46:44.432 [FXGL Background Thread 3 ] DEBUG Engine               - isIntroEnabled: false
11:46:44.432 [FXGL Background Thread 3 ] DEBUG Engine               - isLinux: false
11:46:44.432 [FXGL Background Thread 3 ] DEBUG Engine               - isMac: false
11:46:44.432 [FXGL Background Thread 3 ] DEBUG Engine               - isMainMenuEnabled: false
11:46:44.432 [FXGL Background Thread 3 ] DEBUG Engine               - isManualResizeEnabled: false
11:46:44.432 [FXGL Background Thread 3 ] DEBUG Engine               - isMobile: false
11:46:44.432 [FXGL Background Thread 3 ] DEBUG Engine               - isNative: false
11:46:44.432 [FXGL Background Thread 3 ] DEBUG Engine               - isPauseMusicWhenMinimized: true
11:46:44.432 [FXGL Background Thread 3 ] DEBUG Engine               - isPreserveResizeRatio: false
11:46:44.432 [FXGL Background Thread 3 ] DEBUG Engine               - isProfilingEnabled: false
11:46:44.432 [FXGL Background Thread 3 ] DEBUG Engine               - isScaleAffectedOnResize: true
11:46:44.432 [FXGL Background Thread 3 ] DEBUG Engine               - isSingleStep: false
11:46:44.432 [FXGL Background Thread 3 ] DEBUG Engine               - isUserProfileEnabled: false
11:46:44.433 [FXGL Background Thread 3 ] DEBUG Engine               - isWindows: true
11:46:44.433 [FXGL Background Thread 3 ] DEBUG Engine               - language: ObjectProperty [value: ENGLISH]
11:46:44.433 [FXGL Background Thread 3 ] DEBUG Engine               - menuKey: ESCAPE
11:46:44.433 [FXGL Background Thread 3 ] DEBUG Engine               - mouseSensitivity: 0.2
11:46:44.433 [FXGL Background Thread 3 ] DEBUG Engine               - notificationViewClass: class com.almasb.fxgl.notification.view.XboxNotificationView
11:46:44.433 [FXGL Background Thread 3 ] DEBUG Engine               - pixelsPerMeter: 50.0
11:46:44.433 [FXGL Background Thread 3 ] DEBUG Engine               - platform: WINDOWS
11:46:44.433 [FXGL Background Thread 3 ] DEBUG Engine               - prefHeightProperty: ReadOnlyDoubleProperty [value: 600.0]
11:46:44.433 [FXGL Background Thread 3 ] DEBUG Engine               - prefWidthProperty: ReadOnlyDoubleProperty [value: 800.0]
11:46:44.433 [FXGL Background Thread 3 ] DEBUG Engine               - profileDir: profiles/
11:46:44.434 [FXGL Background Thread 3 ] DEBUG Engine               - profileName: StringProperty [value: DEFAULT]
11:46:44.434 [FXGL Background Thread 3 ] DEBUG Engine               - randomSeed: -1
11:46:44.438 [FXGL Background Thread 3 ] DEBUG Engine               - runtimeInfo: RuntimeInfo(platform=WINDOWS, version=17.1, build=24.03.2022 17.34)
11:46:44.438 [FXGL Background Thread 3 ] DEBUG Engine               - saveFileExt: sav
11:46:44.438 [FXGL Background Thread 3 ] DEBUG Engine               - scaledHeightProp$fxgl: DoubleProperty [bound, value: 600.0]
11:46:44.438 [FXGL Background Thread 3 ] DEBUG Engine               - scaledWidthProp$fxgl: DoubleProperty [bound, value: 800.0]
11:46:44.438 [FXGL Background Thread 3 ] DEBUG Engine               - sceneFactory: com.almasb.fxgl.app.scene.SceneFactory@d5e0fbf
11:46:44.438 [FXGL Background Thread 3 ] DEBUG Engine               - secondsIn24h: 60
11:46:44.439 [FXGL Background Thread 3 ] DEBUG Engine               - soundMenuBack: menu/back.wav
11:46:44.439 [FXGL Background Thread 3 ] DEBUG Engine               - soundMenuPress: menu/press.wav
11:46:44.439 [FXGL Background Thread 3 ] DEBUG Engine               - soundMenuSelect: menu/select.wav
11:46:44.439 [FXGL Background Thread 3 ] DEBUG Engine               - soundNotification: core/notification.wav
11:46:44.439 [FXGL Background Thread 3 ] DEBUG Engine               - stageStyle: DECORATED
11:46:44.440 [FXGL Background Thread 3 ] DEBUG Engine               - supportedLanguages: [ENGLISH, FRENCH, GERMAN, HUNGARIAN, RUSSIAN]
11:46:44.440 [FXGL Background Thread 3 ] DEBUG Engine               - ticksPerSecond: -1
11:46:44.440 [FXGL Background Thread 3 ] DEBUG Engine               - title: Untitled
11:46:44.440 [FXGL Background Thread 3 ] DEBUG Engine               - urlGithub: https://github.com/AlmasB/FXGL
11:46:44.440 [FXGL Background Thread 3 ] DEBUG Engine               - urlLeaderboard: http://fxgl-top.herokuapp.com/
11:46:44.440 [FXGL Background Thread 3 ] DEBUG Engine               - urlPOM: https://raw.githubusercontent.com/AlmasB/FXGL/release/README.md
11:46:44.440 [FXGL Background Thread 3 ] DEBUG Engine               - userAppClass: class org.StarWarsFinalProject.GameApp
11:46:44.440 [FXGL Background Thread 3 ] DEBUG Engine               - version: 0.0
11:46:44.440 [FXGL Background Thread 3 ] DEBUG Engine               - versionCheckDays: 7
11:46:44.440 [FXGL Background Thread 3 ] DEBUG Engine               - width: 800
11:46:44.441 [FXGL Background Thread 3 ] DEBUG Engine               - Logging services
11:46:44.441 [FXGL Background Thread 3 ] DEBUG Engine               - class com.almasb.fxgl.app.services.FXGLAssetLoaderService
11:46:44.441 [FXGL Background Thread 3 ] DEBUG Engine               - class com.almasb.fxgl.app.FXGLApplication$GameApplicationService
11:46:44.441 [FXGL Background Thread 3 ] DEBUG Engine               - class com.almasb.fxgl.app.services.FXGLDialogService
11:46:44.441 [FXGL Background Thread 3 ] DEBUG Engine               - class com.almasb.fxgl.app.services.IOTaskExecutorService
11:46:44.441 [FXGL Background Thread 3 ] DEBUG Engine               - class com.almasb.fxgl.io.FileSystemService
11:46:44.441 [FXGL Background Thread 3 ] DEBUG Engine               - class com.almasb.fxgl.localization.LocalizationService
11:46:44.441 [FXGL Background Thread 3 ] DEBUG Engine               - class com.almasb.fxgl.app.services.SystemBundleService
11:46:44.441 [FXGL Background Thread 3 ] DEBUG Engine               - class com.almasb.fxgl.profile.SaveLoadService
11:46:44.441 [FXGL Background Thread 3 ] DEBUG Engine               - class com.almasb.fxgl.ui.FXGLUIFactoryServiceProvider
11:46:44.441 [FXGL Background Thread 3 ] DEBUG Engine               - class com.almasb.fxgl.ui.FXGLDialogFactoryServiceProvider
11:46:44.441 [FXGL Background Thread 3 ] DEBUG Engine               - class com.almasb.fxgl.audio.AudioPlayer
11:46:44.441 [FXGL Background Thread 3 ] DEBUG Engine               - class com.almasb.fxgl.notification.impl.NotificationServiceProvider
11:46:44.441 [FXGL Background Thread 3 ] DEBUG Engine               - class com.almasb.fxgl.achievement.AchievementService
11:46:44.441 [FXGL Background Thread 3 ] DEBUG Engine               - class com.almasb.fxgl.cutscene.CutsceneService
11:46:44.442 [FXGL Background Thread 3 ] DEBUG Engine               - class com.almasb.fxgl.minigames.MiniGameService
11:46:44.442 [FXGL Background Thread 3 ] DEBUG Engine               - class com.almasb.fxgl.net.NetService
11:46:44.442 [FXGL Background Thread 3 ] DEBUG Engine               - class com.almasb.fxgl.app.services.UpdaterService
11:46:44.442 [FXGL Background Thread 3 ] DEBUG Engine               - class com.almasb.fxgl.dev.DevService
11:46:47.631 [JavaFX Application Thread] DEBUG FXGLApplication      - Exiting FXGL
11:46:47.632 [JavaFX Application Thread] DEBUG LoopRunner           - Stopping loop
11:46:47.632 [JavaFX Application Thread] DEBUG SystemBundleService  - Saving FXGL system data
11:46:47.637 [JavaFX Application Thread] DEBUG FileSystemAccess     - Writing to: C:\Users\conth\Documents\csci205_final_project\system\fxgl.bundle
11:46:47.641 [JavaFX Application Thread] DEBUG Async                - Shutting down background threads
11:46:47.641 [JavaFX Application Thread] DEBUG PrimaryStageWindow   - Closing main window
11:46:47.680 [JavaFX Application Thread] DEBUG Logger               - Closing Logger
