11:07:12.738 [main                     ] DEBUG Logger               - Configured Logger
11:07:12.752 [main                     ] DEBUG GameApplication      - Logging settings
Title: Untitled
Version: 0.0
Width: 800
Height: 600
Fullscreen: false
Intro: false
Profiling: false
Single step:false
App Mode: DEVELOPER
Menu Key: ESCAPE
Stage Style: DECORATED
Scene Factory: class com.almasb.fxgl.app.scene.SceneFactory

11:07:13.244 [JavaFX Application Thread] DEBUG FXGLApplication      - Initializing FXGL
11:07:13.247 [JavaFX Application Thread] INFO  Engine               - FXGL-17.1 (24.03.2022 17.34) on WINDOWS (J:21.0.4 FX:18)
11:07:13.247 [JavaFX Application Thread] DEBUG Engine               - JRE Vendor Name: Amazon.com Inc.
11:07:13.248 [JavaFX Application Thread] DEBUG Engine               - Running on OS: Windows 11 version 10.0
11:07:13.248 [JavaFX Application Thread] DEBUG Engine               - Architecture: amd64
11:07:13.248 [JavaFX Application Thread] INFO  Engine               - Source code and latest versions at: https://github.com/AlmasB/FXGL
11:07:13.248 [JavaFX Application Thread] INFO  Engine               -       Ask questions and discuss at: https://github.com/AlmasB/FXGL/discussions
11:07:13.248 [JavaFX Application Thread] INFO  Engine               -              Join the FXGL chat at: https://gitter.im/AlmasB/FXGL
11:07:13.348 [JavaFX Application Thread] DEBUG PrimaryStageWindow   - Creating a JavaFX scene
11:07:13.393 [JavaFX Application Thread] DEBUG PrimaryStageWindow   - Target settings size: 800.0 x 600.0
11:07:13.394 [JavaFX Application Thread] DEBUG PrimaryStageWindow   - Scaled scene size:    800.0 x 600.0
11:07:13.394 [JavaFX Application Thread] DEBUG PrimaryStageWindow   - Scaled ratio: (1.0, 1.0)
11:07:13.396 [JavaFX Application Thread] DEBUG PrimaryStageWindow   - Set initial scene to FXGLStartupScene
11:07:13.407 [JavaFX Application Thread] DEBUG PrimaryStageWindow   - Opening main window
11:07:13.495 [JavaFX Application Thread] DEBUG PrimaryStageWindow   - Window border size: (16.0, 39.0)
11:07:13.495 [JavaFX Application Thread] DEBUG PrimaryStageWindow   - Scaled size: 800.0 x 600.0
11:07:13.495 [JavaFX Application Thread] DEBUG PrimaryStageWindow   - Scaled ratio: (1.0, 1.0)
11:07:13.497 [JavaFX Application Thread] DEBUG PrimaryStageWindow   - Scene size: 800.0 x 600.0
11:07:13.497 [JavaFX Application Thread] DEBUG PrimaryStageWindow   - Stage size: 816.0 x 639.0
11:07:13.503 [FXGL Background Thread 1 ] DEBUG Engine               - Initializing environment variables
11:07:13.576 [FXGL Background Thread 1 ] DEBUG FXGLAssetLoaderServi - User app class for loading assets: class org.StarWarsFinalProject.GameApp
11:07:13.576 [FXGL Background Thread 1 ] DEBUG GameApplicationServi - Applying CSS: fxgl_dark.css
11:07:13.577 [FXGL Background Thread 1 ] DEBUG FXGLAssetLoaderServi - Loading from file system: jar:file:/C:/Users/conth/.gradle/caches/modules-2/files-2.1/com.github.almasb/fxgl/17.1/2a9509aedf54954c9b13849c18c6f495a81c542d/fxgl-17.1.jar!/fxglassets/ui/css/fxgl_dark.css
11:07:13.621 [FXGL Background Thread 1 ] DEBUG GameApplicationServi - Initializing application scenes
11:07:13.683 [FXGL Background Thread 1 ] DEBUG GameWorld            - Game world initialized
11:07:13.765 [FXGL Background Thread 1 ] DEBUG PhysicsWorld         - Physics world initialized: appHeight=600, physics.ppm=50.0
11:07:13.766 [FXGL Background Thread 1 ] DEBUG PhysicsWorld         - Using strategy: BRUTE_FORCE
11:07:13.769 [FXGL Background Thread 1 ] DEBUG GameScene            - Game scene initialized: 800x600
11:07:13.783 [FXGL Background Thread 1 ] DEBUG FXGL.DefaultMenu     - createMenuBodyGameMenu()
11:07:13.801 [FXGL Background Thread 1 ] DEBUG FXGL.DefaultMenu     - createOptionsMenu()
11:07:13.812 [FXGL Background Thread 1 ] DEBUG FXGLAssetLoaderServi - Loading from file system: jar:file:/C:/Users/conth/.gradle/caches/modules-2/files-2.1/com.github.almasb/fxgl/17.1/2a9509aedf54954c9b13849c18c6f495a81c542d/fxgl-17.1.jar!/fxglassets/textures/particles/smoke.png
11:07:13.932 [FXGL Background Thread 1 ] DEBUG FXGLAssetLoaderServi - Loading from file system: jar:file:/C:/Users/conth/.gradle/caches/modules-2/files-2.1/com.github.almasb/fxgl/17.1/2a9509aedf54954c9b13849c18c6f495a81c542d/fxgl-17.1.jar!/fxglassets/textures/particles/trace_horizontal.png
11:07:13.968 [FXGL Background Thread 1 ] DEBUG GameApplicationServi - Application scenes initialized
11:07:13.983 [FXGL Background Thread 1 ] DEBUG SystemBundleService  - Loading FXGL system data
11:07:13.989 [FXGL Background Thread 1 ] DEBUG FileSystemAccess     - Reading from: C:\Users\conth\Documents\csci205_final_project\system\fxgl.bundle
11:07:13.998 [FXGL Background Thread 1 ] DEBUG SystemBundleService  - Bundle FXGL: {}
11:07:13.998 [FXGL Background Thread 1 ] DEBUG UpdaterService       - Checking for updates
11:07:14.002 [FXGL Background Thread 4 ] DEBUG FXGLApplication      - Loading fonts
11:07:14.003 [FXGL Background Thread 1 ] DEBUG FXGLApplication      - Loading default localization
11:07:14.003 [FXGL Background Thread 4 ] DEBUG FXGLAssetLoaderServi - Loading from file system: jar:file:/C:/Users/conth/.gradle/caches/modules-2/files-2.1/com.github.almasb/fxgl/17.1/2a9509aedf54954c9b13849c18c6f495a81c542d/fxgl-17.1.jar!/fxglassets/ui/fonts/VarelaRound-Regular.ttf
11:07:14.004 [FXGL Background Thread 1 ] DEBUG FXGLAssetLoaderServi - Loading from file system: jar:file:/C:/Users/conth/.gradle/caches/modules-2/files-2.1/com.github.almasb/fxgl/17.1/2a9509aedf54954c9b13849c18c6f495a81c542d/fxgl-17.1.jar!/fxglassets/languages/english.lang
11:07:14.041 [FXGL Background Thread 1 ] INFO  FXGLApplication      - FXGL initialization took: 0.537 sec
11:07:14.042 [FXGL Background Thread 4 ] DEBUG FXGLAssetLoaderServi - Loading from file system: jar:file:/C:/Users/conth/.gradle/caches/modules-2/files-2.1/com.github.almasb/fxgl/17.1/2a9509aedf54954c9b13849c18c6f495a81c542d/fxgl-17.1.jar!/fxglassets/ui/fonts/Abel-Regular.ttf
11:07:14.043 [JavaFX Application Thread] DEBUG FXGLAssetLoaderServi - Loading from file system: jar:file:/C:/Users/conth/.gradle/caches/modules-2/files-2.1/com.github.almasb/fxgl/17.1/2a9509aedf54954c9b13849c18c6f495a81c542d/fxgl-17.1.jar!/fxglassets/textures/fxgl_icon.png
11:07:14.046 [FXGL Background Thread 4 ] DEBUG FXGLAssetLoaderServi - Loading from file system: jar:file:/C:/Users/conth/.gradle/caches/modules-2/files-2.1/com.github.almasb/fxgl/17.1/2a9509aedf54954c9b13849c18c6f495a81c542d/fxgl-17.1.jar!/fxglassets/ui/fonts/TerminalLandMono-Regular.otf
11:07:14.050 [FXGL Background Thread 4 ] DEBUG FXGLAssetLoaderServi - Loading from file system: jar:file:/C:/Users/conth/.gradle/caches/modules-2/files-2.1/com.github.almasb/fxgl/17.1/2a9509aedf54954c9b13849c18c6f495a81c542d/fxgl-17.1.jar!/fxglassets/ui/fonts/Courier-Prime.ttf
11:07:14.070 [JavaFX Application Thread] DEBUG FXGLAssetLoaderServi - Loading from file system: jar:file:/C:/Users/conth/.gradle/caches/modules-2/files-2.1/com.github.almasb/fxgl/17.1/2a9509aedf54954c9b13849c18c6f495a81c542d/fxgl-17.1.jar!/fxglassets/textures/fxgl_default_cursor.png
11:07:14.088 [JavaFX Application Thread] DEBUG Input                - Registered new binding: Screenshot - CTRL+8
11:07:14.090 [JavaFX Application Thread] DEBUG Input                - Registered new binding: System info dump - CTRL+9
11:07:14.092 [JavaFX Application Thread] DEBUG Input                - Registered new binding: Restart - CTRL+R
11:07:14.094 [JavaFX Application Thread] DEBUG Input                - Registered new binding: Toggle Debug Camera - CTRL+7
11:07:14.099 [JavaFX Application Thread] DEBUG LoopRunner           - Starting loop
11:07:14.100 [JavaFX Application Thread] DEBUG LoopRunner           - Initializing JavaFX AnimationTimerLoop
11:07:14.101 [JavaFX Application Thread] DEBUG GameApplicationServi - Starting new game
11:07:14.102 [JavaFX Application Thread] DEBUG Input                - Clearing active input actions
11:07:14.118 [JavaFX Application Thread] DEBUG GameApplicationServi - Removing overlay from FXGLStartupScene and adding to FXGLLoadingScene
11:07:14.118 [JavaFX Application Thread] DEBUG PrimaryStageWindow   - FXGLStartupScene -> FXGLLoadingScene
11:07:14.118 [JavaFX Application Thread] DEBUG GameApplicationServi - Clearing previous game
11:07:14.118 [JavaFX Application Thread] DEBUG GameScene            - Clearing game scene
11:07:14.118 [JavaFX Application Thread] DEBUG GameWorld            - Clearing game world
11:07:14.118 [JavaFX Application Thread] DEBUG PhysicsWorld         - Clearing physics world
11:07:14.122 [JavaFX Application Thread] DEBUG FXGLApplication      - Registering font factories with UI factory
11:07:14.122 [FXGL Background Thread 4 ] DEBUG FXGLApplication      - Initializing game
11:07:14.187 [FXGL Background Thread 4 ] DEBUG Input                - Registered new binding: Move Player Right - D
11:07:14.187 [FXGL Background Thread 4 ] DEBUG Input                - Registered new binding: Move Player Left - A
11:07:14.188 [FXGL Background Thread 4 ] DEBUG Input                - Registered new binding: Move Player Up - W
11:07:14.188 [FXGL Background Thread 4 ] DEBUG Input                - Registered new binding: Move Player Down - S
11:07:14.188 [FXGL Background Thread 4 ] DEBUG Input                - Registered new binding: Player Attack - Space
11:07:14.190 [FXGL Background Thread 4 ] DEBUG Input                - Registered new binding: Move Opp Right - Right
11:07:14.190 [FXGL Background Thread 4 ] DEBUG Input                - Registered new binding: Move Opp Left - Left
11:07:14.190 [FXGL Background Thread 4 ] DEBUG Input                - Registered new binding: Move Opp Up - Up
11:07:14.190 [FXGL Background Thread 4 ] DEBUG Input                - Registered new binding: Move Opp Down - Down
11:07:14.191 [FXGL Background Thread 4 ] DEBUG Input                - Registered new binding: Opponent Attacks - Enter
11:07:14.193 [FXGL Background Thread 4 ] INFO  FXGLApplication      - Game initialization took: 0.072 sec
11:07:14.194 [JavaFX Application Thread] DEBUG Input                - Clearing active input actions
11:07:14.201 [JavaFX Application Thread] DEBUG GameApplicationServi - Removing overlay from FXGLLoadingScene and adding to GameScene
11:07:14.201 [JavaFX Application Thread] DEBUG PrimaryStageWindow   - FXGLLoadingScene -> GameScene
11:07:14.553 [FXGL Background Thread 2 ] INFO  UpdaterService       - Your current version:  17.1
11:07:14.553 [FXGL Background Thread 2 ] INFO  UpdaterService       - Latest stable version: 21.1
11:07:17.001 [FXGL Background Thread 3 ] DEBUG Engine               - Logging environment variables
11:07:17.001 [FXGL Background Thread 3 ] DEBUG Engine               - achievements: []
11:07:17.001 [FXGL Background Thread 3 ] DEBUG Engine               - actualHeight: 600.0
11:07:17.001 [FXGL Background Thread 3 ] DEBUG Engine               - actualHeightProperty: ReadOnlyDoubleProperty [value: 600.0]
11:07:17.001 [FXGL Background Thread 3 ] DEBUG Engine               - actualWidth: 800.0
11:07:17.003 [FXGL Background Thread 3 ] DEBUG Engine               - actualWidthProperty: ReadOnlyDoubleProperty [value: 800.0]
11:07:17.003 [FXGL Background Thread 3 ] DEBUG Engine               - appIcon: fxgl_icon.png
11:07:17.003 [FXGL Background Thread 3 ] DEBUG Engine               - applicationMode: DEVELOPER
11:07:17.003 [FXGL Background Thread 3 ] DEBUG Engine               - cSSList: [fxgl_dark.css]
11:07:17.003 [FXGL Background Thread 3 ] DEBUG Engine               - collisionDetectionStrategy: BRUTE_FORCE
11:07:17.004 [FXGL Background Thread 3 ] DEBUG Engine               - configClass: Optional.empty
11:07:17.004 [FXGL Background Thread 3 ] DEBUG Engine               - credits: []
11:07:17.004 [FXGL Background Thread 3 ] DEBUG Engine               - defaultCursor: CursorInfo(imageName=fxgl_default_cursor.png, hotspotX=7.0, hotspotY=6.0)
11:07:17.004 [FXGL Background Thread 3 ] DEBUG Engine               - devBBoxColorProperty: ObjectProperty [value: 0xff0000ff]
11:07:17.005 [FXGL Background Thread 3 ] DEBUG Engine               - devEnableDebugCameraProperty: BooleanProperty [value: false]
11:07:17.005 [FXGL Background Thread 3 ] DEBUG Engine               - devSensorColorProperty: ObjectProperty [value: 0xffff00ff]
11:07:17.005 [FXGL Background Thread 3 ] DEBUG Engine               - devShowBBoxProperty: BooleanProperty [value: false]
11:07:17.005 [FXGL Background Thread 3 ] DEBUG Engine               - devShowPositionProperty: BooleanProperty [value: false]
11:07:17.005 [FXGL Background Thread 3 ] DEBUG Engine               - enabledMenuItems: []
11:07:17.006 [FXGL Background Thread 3 ] DEBUG Engine               - engineServices: [class com.almasb.fxgl.app.services.FXGLAssetLoaderService, class com.almasb.fxgl.app.FXGLApplication$GameApplicationService, class com.almasb.fxgl.app.services.FXGLDialogService, class com.almasb.fxgl.app.services.IOTaskExecutorService, class com.almasb.fxgl.io.FileSystemService, class com.almasb.fxgl.localization.LocalizationService, class com.almasb.fxgl.app.services.SystemBundleService, class com.almasb.fxgl.profile.SaveLoadService, class com.almasb.fxgl.ui.FXGLUIFactoryServiceProvider, class com.almasb.fxgl.ui.FXGLDialogFactoryServiceProvider, class com.almasb.fxgl.audio.AudioPlayer, class com.almasb.fxgl.notification.impl.NotificationServiceProvider, class com.almasb.fxgl.achievement.AchievementService, class com.almasb.fxgl.cutscene.CutsceneService, class com.almasb.fxgl.minigames.MiniGameService, class com.almasb.fxgl.net.NetService, class com.almasb.fxgl.app.services.UpdaterService, class com.almasb.fxgl.dev.DevService]
11:07:17.006 [FXGL Background Thread 3 ] DEBUG Engine               - fontGame: Abel-Regular.ttf
11:07:17.006 [FXGL Background Thread 3 ] DEBUG Engine               - fontMono: TerminalLandMono-Regular.otf
11:07:17.006 [FXGL Background Thread 3 ] DEBUG Engine               - fontText: Courier-Prime.ttf
11:07:17.006 [FXGL Background Thread 3 ] DEBUG Engine               - fontUI: VarelaRound-Regular.ttf
11:07:17.006 [FXGL Background Thread 3 ] DEBUG Engine               - fullScreen: BooleanProperty [value: false]
11:07:17.006 [FXGL Background Thread 3 ] DEBUG Engine               - gameDifficulty: MEDIUM
11:07:17.006 [FXGL Background Thread 3 ] DEBUG Engine               - gameDifficultyProperty: ObjectProperty [value: MEDIUM]
11:07:17.006 [FXGL Background Thread 3 ] DEBUG Engine               - globalMusicVolume: 0.5
11:07:17.006 [FXGL Background Thread 3 ] DEBUG Engine               - globalMusicVolumeProperty: DoubleProperty [value: 0.5]
11:07:17.006 [FXGL Background Thread 3 ] DEBUG Engine               - globalSoundVolume: 0.5
11:07:17.006 [FXGL Background Thread 3 ] DEBUG Engine               - globalSoundVolumeProperty: DoubleProperty [value: 0.5]
11:07:17.006 [FXGL Background Thread 3 ] DEBUG Engine               - height: 600
11:07:17.006 [FXGL Background Thread 3 ] DEBUG Engine               - is3D: false
11:07:17.006 [FXGL Background Thread 3 ] DEBUG Engine               - isAndroid: false
11:07:17.006 [FXGL Background Thread 3 ] DEBUG Engine               - isBrowser: false
11:07:17.006 [FXGL Background Thread 3 ] DEBUG Engine               - isClickFeedbackEnabled: false
11:07:17.006 [FXGL Background Thread 3 ] DEBUG Engine               - isCloseConfirmation: false
11:07:17.006 [FXGL Background Thread 3 ] DEBUG Engine               - isDesktop: true
11:07:17.006 [FXGL Background Thread 3 ] DEBUG Engine               - isDeveloperMenuEnabled: false
11:07:17.007 [FXGL Background Thread 3 ] DEBUG Engine               - isEmbedded: false
11:07:17.007 [FXGL Background Thread 3 ] DEBUG Engine               - isEntityPreloadEnabled: true
11:07:17.007 [FXGL Background Thread 3 ] DEBUG Engine               - isExperimentalTiledLargeMap: false
11:07:17.007 [FXGL Background Thread 3 ] DEBUG Engine               - isFileSystemWriteAllowed: true
11:07:17.007 [FXGL Background Thread 3 ] DEBUG Engine               - isFullScreenAllowed: false
11:07:17.007 [FXGL Background Thread 3 ] DEBUG Engine               - isFullScreenFromStart: false
11:07:17.007 [FXGL Background Thread 3 ] DEBUG Engine               - isGameMenuEnabled: true
11:07:17.007 [FXGL Background Thread 3 ] DEBUG Engine               - isIOS: false
11:07:17.007 [FXGL Background Thread 3 ] DEBUG Engine               - isIntroEnabled: false
11:07:17.007 [FXGL Background Thread 3 ] DEBUG Engine               - isLinux: false
11:07:17.007 [FXGL Background Thread 3 ] DEBUG Engine               - isMac: false
11:07:17.007 [FXGL Background Thread 3 ] DEBUG Engine               - isMainMenuEnabled: false
11:07:17.007 [FXGL Background Thread 3 ] DEBUG Engine               - isManualResizeEnabled: false
11:07:17.007 [FXGL Background Thread 3 ] DEBUG Engine               - isMobile: false
11:07:17.007 [FXGL Background Thread 3 ] DEBUG Engine               - isNative: false
11:07:17.007 [FXGL Background Thread 3 ] DEBUG Engine               - isPauseMusicWhenMinimized: true
11:07:17.007 [FXGL Background Thread 3 ] DEBUG Engine               - isPreserveResizeRatio: false
11:07:17.007 [FXGL Background Thread 3 ] DEBUG Engine               - isProfilingEnabled: false
11:07:17.007 [FXGL Background Thread 3 ] DEBUG Engine               - isScaleAffectedOnResize: true
11:07:17.007 [FXGL Background Thread 3 ] DEBUG Engine               - isSingleStep: false
11:07:17.008 [FXGL Background Thread 3 ] DEBUG Engine               - isUserProfileEnabled: false
11:07:17.008 [FXGL Background Thread 3 ] DEBUG Engine               - isWindows: true
11:07:17.008 [FXGL Background Thread 3 ] DEBUG Engine               - language: ObjectProperty [value: ENGLISH]
11:07:17.008 [FXGL Background Thread 3 ] DEBUG Engine               - menuKey: ESCAPE
11:07:17.008 [FXGL Background Thread 3 ] DEBUG Engine               - mouseSensitivity: 0.2
11:07:17.008 [FXGL Background Thread 3 ] DEBUG Engine               - notificationViewClass: class com.almasb.fxgl.notification.view.XboxNotificationView
11:07:17.008 [FXGL Background Thread 3 ] DEBUG Engine               - pixelsPerMeter: 50.0
11:07:17.008 [FXGL Background Thread 3 ] DEBUG Engine               - platform: WINDOWS
11:07:17.008 [FXGL Background Thread 3 ] DEBUG Engine               - prefHeightProperty: ReadOnlyDoubleProperty [value: 600.0]
11:07:17.008 [FXGL Background Thread 3 ] DEBUG Engine               - prefWidthProperty: ReadOnlyDoubleProperty [value: 800.0]
11:07:17.008 [FXGL Background Thread 3 ] DEBUG Engine               - profileDir: profiles/
11:07:17.008 [FXGL Background Thread 3 ] DEBUG Engine               - profileName: StringProperty [value: DEFAULT]
11:07:17.008 [FXGL Background Thread 3 ] DEBUG Engine               - randomSeed: -1
11:07:17.008 [FXGL Background Thread 3 ] DEBUG Engine               - runtimeInfo: RuntimeInfo(platform=WINDOWS, version=17.1, build=24.03.2022 17.34)
11:07:17.008 [FXGL Background Thread 3 ] DEBUG Engine               - saveFileExt: sav
11:07:17.008 [FXGL Background Thread 3 ] DEBUG Engine               - scaledHeightProp$fxgl: DoubleProperty [bound, value: 600.0]
11:07:17.008 [FXGL Background Thread 3 ] DEBUG Engine               - scaledWidthProp$fxgl: DoubleProperty [bound, value: 800.0]
11:07:17.008 [FXGL Background Thread 3 ] DEBUG Engine               - sceneFactory: com.almasb.fxgl.app.scene.SceneFactory@51df1b4f
11:07:17.008 [FXGL Background Thread 3 ] DEBUG Engine               - secondsIn24h: 60
11:07:17.008 [FXGL Background Thread 3 ] DEBUG Engine               - soundMenuBack: menu/back.wav
11:07:17.008 [FXGL Background Thread 3 ] DEBUG Engine               - soundMenuPress: menu/press.wav
11:07:17.008 [FXGL Background Thread 3 ] DEBUG Engine               - soundMenuSelect: menu/select.wav
11:07:17.008 [FXGL Background Thread 3 ] DEBUG Engine               - soundNotification: core/notification.wav
11:07:17.008 [FXGL Background Thread 3 ] DEBUG Engine               - stageStyle: DECORATED
11:07:17.010 [FXGL Background Thread 3 ] DEBUG Engine               - supportedLanguages: [ENGLISH, FRENCH, GERMAN, HUNGARIAN, RUSSIAN]
11:07:17.010 [FXGL Background Thread 3 ] DEBUG Engine               - ticksPerSecond: -1
11:07:17.010 [FXGL Background Thread 3 ] DEBUG Engine               - title: Untitled
11:07:17.010 [FXGL Background Thread 3 ] DEBUG Engine               - urlGithub: https://github.com/AlmasB/FXGL
11:07:17.010 [FXGL Background Thread 3 ] DEBUG Engine               - urlLeaderboard: http://fxgl-top.herokuapp.com/
11:07:17.010 [FXGL Background Thread 3 ] DEBUG Engine               - urlPOM: https://raw.githubusercontent.com/AlmasB/FXGL/release/README.md
11:07:17.010 [FXGL Background Thread 3 ] DEBUG Engine               - userAppClass: class org.StarWarsFinalProject.GameApp
11:07:17.010 [FXGL Background Thread 3 ] DEBUG Engine               - version: 0.0
11:07:17.010 [FXGL Background Thread 3 ] DEBUG Engine               - versionCheckDays: 7
11:07:17.010 [FXGL Background Thread 3 ] DEBUG Engine               - width: 800
11:07:17.010 [FXGL Background Thread 3 ] DEBUG Engine               - Logging services
11:07:17.010 [FXGL Background Thread 3 ] DEBUG Engine               - class com.almasb.fxgl.app.services.FXGLAssetLoaderService
11:07:17.010 [FXGL Background Thread 3 ] DEBUG Engine               - class com.almasb.fxgl.app.FXGLApplication$GameApplicationService
11:07:17.010 [FXGL Background Thread 3 ] DEBUG Engine               - class com.almasb.fxgl.app.services.FXGLDialogService
11:07:17.010 [FXGL Background Thread 3 ] DEBUG Engine               - class com.almasb.fxgl.app.services.IOTaskExecutorService
11:07:17.010 [FXGL Background Thread 3 ] DEBUG Engine               - class com.almasb.fxgl.io.FileSystemService
11:07:17.010 [FXGL Background Thread 3 ] DEBUG Engine               - class com.almasb.fxgl.localization.LocalizationService
11:07:17.010 [FXGL Background Thread 3 ] DEBUG Engine               - class com.almasb.fxgl.app.services.SystemBundleService
11:07:17.010 [FXGL Background Thread 3 ] DEBUG Engine               - class com.almasb.fxgl.profile.SaveLoadService
11:07:17.010 [FXGL Background Thread 3 ] DEBUG Engine               - class com.almasb.fxgl.ui.FXGLUIFactoryServiceProvider
11:07:17.010 [FXGL Background Thread 3 ] DEBUG Engine               - class com.almasb.fxgl.ui.FXGLDialogFactoryServiceProvider
11:07:17.010 [FXGL Background Thread 3 ] DEBUG Engine               - class com.almasb.fxgl.audio.AudioPlayer
11:07:17.010 [FXGL Background Thread 3 ] DEBUG Engine               - class com.almasb.fxgl.notification.impl.NotificationServiceProvider
11:07:17.010 [FXGL Background Thread 3 ] DEBUG Engine               - class com.almasb.fxgl.achievement.AchievementService
11:07:17.010 [FXGL Background Thread 3 ] DEBUG Engine               - class com.almasb.fxgl.cutscene.CutsceneService
11:07:17.010 [FXGL Background Thread 3 ] DEBUG Engine               - class com.almasb.fxgl.minigames.MiniGameService
11:07:17.010 [FXGL Background Thread 3 ] DEBUG Engine               - class com.almasb.fxgl.net.NetService
11:07:17.010 [FXGL Background Thread 3 ] DEBUG Engine               - class com.almasb.fxgl.app.services.UpdaterService
11:07:17.010 [FXGL Background Thread 3 ] DEBUG Engine               - class com.almasb.fxgl.dev.DevService
11:08:03.837 [JavaFX Application Thread] DEBUG FXGLApplication      - Exiting FXGL
11:08:03.837 [JavaFX Application Thread] DEBUG LoopRunner           - Stopping loop
11:08:03.838 [JavaFX Application Thread] DEBUG SystemBundleService  - Saving FXGL system data
11:08:03.843 [JavaFX Application Thread] DEBUG FileSystemAccess     - Writing to: C:\Users\conth\Documents\csci205_final_project\system\fxgl.bundle
11:08:03.847 [JavaFX Application Thread] DEBUG Async                - Shutting down background threads
11:08:03.847 [JavaFX Application Thread] DEBUG PrimaryStageWindow   - Closing main window
11:08:03.871 [JavaFX Application Thread] DEBUG Logger               - Closing Logger
