11:14:44.011 [main                     ] DEBUG Logger               - Configured Logger
11:14:44.046 [main                     ] DEBUG GameApplication      - Logging settings
Title: Untitled
Version: 0.0
Width: 800
Height: 600
Fullscreen: false
Intro: false
Profiling: false
Single step:false
App Mode: DEVELOPER
Menu Key: ESCAPE
Stage Style: DECORATED
Scene Factory: class com.almasb.fxgl.app.scene.SceneFactory

11:14:44.559 [JavaFX Application Thread] DEBUG FXGLApplication      - Initializing FXGL
11:14:44.564 [JavaFX Application Thread] INFO  Engine               - FXGL-17.1 (24.03.2022 17.34) on WINDOWS (J:21.0.4 FX:18)
11:14:44.565 [JavaFX Application Thread] DEBUG Engine               - JRE Vendor Name: Amazon.com Inc.
11:14:44.565 [JavaFX Application Thread] DEBUG Engine               - Running on OS: Windows 11 version 10.0
11:14:44.565 [JavaFX Application Thread] DEBUG Engine               - Architecture: amd64
11:14:44.565 [JavaFX Application Thread] INFO  Engine               - Source code and latest versions at: https://github.com/AlmasB/FXGL
11:14:44.566 [JavaFX Application Thread] INFO  Engine               -       Ask questions and discuss at: https://github.com/AlmasB/FXGL/discussions
11:14:44.566 [JavaFX Application Thread] INFO  Engine               -              Join the FXGL chat at: https://gitter.im/AlmasB/FXGL
11:14:44.674 [JavaFX Application Thread] DEBUG PrimaryStageWindow   - Creating a JavaFX scene
11:14:44.725 [JavaFX Application Thread] DEBUG PrimaryStageWindow   - Target settings size: 800.0 x 600.0
11:14:44.725 [JavaFX Application Thread] DEBUG PrimaryStageWindow   - Scaled scene size:    800.0 x 600.0
11:14:44.726 [JavaFX Application Thread] DEBUG PrimaryStageWindow   - Scaled ratio: (1.0, 1.0)
11:14:44.727 [JavaFX Application Thread] DEBUG PrimaryStageWindow   - Set initial scene to FXGLStartupScene
11:14:44.737 [JavaFX Application Thread] DEBUG PrimaryStageWindow   - Opening main window
11:14:44.825 [JavaFX Application Thread] DEBUG PrimaryStageWindow   - Window border size: (16.0, 39.0)
11:14:44.826 [JavaFX Application Thread] DEBUG PrimaryStageWindow   - Scaled size: 800.0 x 600.0
11:14:44.826 [JavaFX Application Thread] DEBUG PrimaryStageWindow   - Scaled ratio: (1.0, 1.0)
11:14:44.826 [JavaFX Application Thread] DEBUG PrimaryStageWindow   - Scene size: 800.0 x 600.0
11:14:44.826 [JavaFX Application Thread] DEBUG PrimaryStageWindow   - Stage size: 816.0 x 639.0
11:14:44.836 [FXGL Background Thread 1 ] DEBUG Engine               - Initializing environment variables
11:14:44.902 [FXGL Background Thread 1 ] DEBUG FXGLAssetLoaderServi - User app class for loading assets: class org.StarWarsFinalProject.GameApp
11:14:44.902 [FXGL Background Thread 1 ] DEBUG GameApplicationServi - Applying CSS: fxgl_dark.css
11:14:44.903 [FXGL Background Thread 1 ] DEBUG FXGLAssetLoaderServi - Loading from file system: jar:file:/C:/Users/conth/.gradle/caches/modules-2/files-2.1/com.github.almasb/fxgl/17.1/2a9509aedf54954c9b13849c18c6f495a81c542d/fxgl-17.1.jar!/fxglassets/ui/css/fxgl_dark.css
11:14:44.951 [FXGL Background Thread 1 ] DEBUG GameApplicationServi - Initializing application scenes
11:14:45.018 [FXGL Background Thread 1 ] DEBUG GameWorld            - Game world initialized
11:14:45.091 [FXGL Background Thread 1 ] DEBUG PhysicsWorld         - Physics world initialized: appHeight=600, physics.ppm=50.0
11:14:45.092 [FXGL Background Thread 1 ] DEBUG PhysicsWorld         - Using strategy: BRUTE_FORCE
11:14:45.095 [FXGL Background Thread 1 ] DEBUG GameScene            - Game scene initialized: 800x600
11:14:45.107 [FXGL Background Thread 1 ] DEBUG FXGL.DefaultMenu     - createMenuBodyGameMenu()
11:14:45.125 [FXGL Background Thread 1 ] DEBUG FXGL.DefaultMenu     - createOptionsMenu()
11:14:45.137 [FXGL Background Thread 1 ] DEBUG FXGLAssetLoaderServi - Loading from file system: jar:file:/C:/Users/conth/.gradle/caches/modules-2/files-2.1/com.github.almasb/fxgl/17.1/2a9509aedf54954c9b13849c18c6f495a81c542d/fxgl-17.1.jar!/fxglassets/textures/particles/smoke.png
11:14:45.271 [FXGL Background Thread 1 ] DEBUG FXGLAssetLoaderServi - Loading from file system: jar:file:/C:/Users/conth/.gradle/caches/modules-2/files-2.1/com.github.almasb/fxgl/17.1/2a9509aedf54954c9b13849c18c6f495a81c542d/fxgl-17.1.jar!/fxglassets/textures/particles/trace_horizontal.png
11:14:45.320 [FXGL Background Thread 1 ] DEBUG GameApplicationServi - Application scenes initialized
11:14:45.335 [FXGL Background Thread 1 ] DEBUG SystemBundleService  - Loading FXGL system data
11:14:45.338 [FXGL Background Thread 1 ] DEBUG FileSystemAccess     - Reading from: C:\Users\conth\Documents\csci205_final_project\system\fxgl.bundle
11:14:45.348 [FXGL Background Thread 1 ] DEBUG SystemBundleService  - Bundle FXGL: {}
11:14:45.348 [FXGL Background Thread 1 ] DEBUG UpdaterService       - Checking for updates
11:14:45.353 [FXGL Background Thread 4 ] DEBUG FXGLApplication      - Loading fonts
11:14:45.354 [FXGL Background Thread 4 ] DEBUG FXGLAssetLoaderServi - Loading from file system: jar:file:/C:/Users/conth/.gradle/caches/modules-2/files-2.1/com.github.almasb/fxgl/17.1/2a9509aedf54954c9b13849c18c6f495a81c542d/fxgl-17.1.jar!/fxglassets/ui/fonts/VarelaRound-Regular.ttf
11:14:45.354 [FXGL Background Thread 1 ] DEBUG FXGLApplication      - Loading default localization
11:14:45.355 [FXGL Background Thread 1 ] DEBUG FXGLAssetLoaderServi - Loading from file system: jar:file:/C:/Users/conth/.gradle/caches/modules-2/files-2.1/com.github.almasb/fxgl/17.1/2a9509aedf54954c9b13849c18c6f495a81c542d/fxgl-17.1.jar!/fxglassets/languages/english.lang
11:14:45.403 [FXGL Background Thread 4 ] DEBUG FXGLAssetLoaderServi - Loading from file system: jar:file:/C:/Users/conth/.gradle/caches/modules-2/files-2.1/com.github.almasb/fxgl/17.1/2a9509aedf54954c9b13849c18c6f495a81c542d/fxgl-17.1.jar!/fxglassets/ui/fonts/Abel-Regular.ttf
11:14:45.407 [FXGL Background Thread 1 ] INFO  FXGLApplication      - FXGL initialization took: 0.570 sec
11:14:45.407 [FXGL Background Thread 4 ] DEBUG FXGLAssetLoaderServi - Loading from file system: jar:file:/C:/Users/conth/.gradle/caches/modules-2/files-2.1/com.github.almasb/fxgl/17.1/2a9509aedf54954c9b13849c18c6f495a81c542d/fxgl-17.1.jar!/fxglassets/ui/fonts/TerminalLandMono-Regular.otf
11:14:45.409 [JavaFX Application Thread] DEBUG FXGLAssetLoaderServi - Loading from file system: jar:file:/C:/Users/conth/.gradle/caches/modules-2/files-2.1/com.github.almasb/fxgl/17.1/2a9509aedf54954c9b13849c18c6f495a81c542d/fxgl-17.1.jar!/fxglassets/textures/fxgl_icon.png
11:14:45.414 [FXGL Background Thread 4 ] DEBUG FXGLAssetLoaderServi - Loading from file system: jar:file:/C:/Users/conth/.gradle/caches/modules-2/files-2.1/com.github.almasb/fxgl/17.1/2a9509aedf54954c9b13849c18c6f495a81c542d/fxgl-17.1.jar!/fxglassets/ui/fonts/Courier-Prime.ttf
11:14:45.442 [JavaFX Application Thread] DEBUG FXGLAssetLoaderServi - Loading from file system: jar:file:/C:/Users/conth/.gradle/caches/modules-2/files-2.1/com.github.almasb/fxgl/17.1/2a9509aedf54954c9b13849c18c6f495a81c542d/fxgl-17.1.jar!/fxglassets/textures/fxgl_default_cursor.png
11:14:45.462 [JavaFX Application Thread] DEBUG Input                - Registered new binding: Screenshot - CTRL+8
11:14:45.464 [JavaFX Application Thread] DEBUG Input                - Registered new binding: System info dump - CTRL+9
11:14:45.465 [JavaFX Application Thread] DEBUG Input                - Registered new binding: Restart - CTRL+R
11:14:45.466 [JavaFX Application Thread] DEBUG Input                - Registered new binding: Toggle Debug Camera - CTRL+7
11:14:45.471 [JavaFX Application Thread] DEBUG LoopRunner           - Starting loop
11:14:45.472 [JavaFX Application Thread] DEBUG LoopRunner           - Initializing JavaFX AnimationTimerLoop
11:14:45.477 [JavaFX Application Thread] DEBUG GameApplicationServi - Starting new game
11:14:45.478 [JavaFX Application Thread] DEBUG Input                - Clearing active input actions
11:14:45.491 [JavaFX Application Thread] DEBUG GameApplicationServi - Removing overlay from FXGLStartupScene and adding to FXGLLoadingScene
11:14:45.492 [JavaFX Application Thread] DEBUG PrimaryStageWindow   - FXGLStartupScene -> FXGLLoadingScene
11:14:45.492 [JavaFX Application Thread] DEBUG GameApplicationServi - Clearing previous game
11:14:45.492 [JavaFX Application Thread] DEBUG GameScene            - Clearing game scene
11:14:45.492 [JavaFX Application Thread] DEBUG GameWorld            - Clearing game world
11:14:45.492 [JavaFX Application Thread] DEBUG PhysicsWorld         - Clearing physics world
11:14:45.494 [FXGL Background Thread 4 ] DEBUG FXGLApplication      - Initializing game
11:14:45.507 [JavaFX Application Thread] DEBUG FXGLApplication      - Registering font factories with UI factory
11:14:45.539 [FXGL Background Thread 4 ] DEBUG Input                - Registered new binding: Move Player Right - D
11:14:45.539 [FXGL Background Thread 4 ] DEBUG Input                - Registered new binding: Move Player Left - A
11:14:45.539 [FXGL Background Thread 4 ] DEBUG Input                - Registered new binding: Move Player Up - W
11:14:45.539 [FXGL Background Thread 4 ] DEBUG Input                - Registered new binding: Move Player Down - S
11:14:45.539 [FXGL Background Thread 4 ] DEBUG Input                - Registered new binding: Player Attack - Space
11:14:45.541 [FXGL Background Thread 4 ] DEBUG Input                - Registered new binding: Move Opp Right - Right
11:14:45.541 [FXGL Background Thread 4 ] DEBUG Input                - Registered new binding: Move Opp Left - Left
11:14:45.541 [FXGL Background Thread 4 ] DEBUG Input                - Registered new binding: Move Opp Up - Up
11:14:45.542 [FXGL Background Thread 4 ] DEBUG Input                - Registered new binding: Move Opp Down - Down
11:14:45.542 [FXGL Background Thread 4 ] DEBUG Input                - Registered new binding: Opponent Attacks - Enter
11:14:45.546 [FXGL Background Thread 4 ] INFO  FXGLApplication      - Game initialization took: 0.052 sec
11:14:45.567 [JavaFX Application Thread] DEBUG Input                - Clearing active input actions
11:14:45.577 [JavaFX Application Thread] DEBUG GameApplicationServi - Removing overlay from FXGLLoadingScene and adding to GameScene
11:14:45.578 [JavaFX Application Thread] DEBUG PrimaryStageWindow   - FXGLLoadingScene -> GameScene
11:14:45.934 [FXGL Background Thread 2 ] INFO  UpdaterService       - Your current version:  17.1
11:14:45.935 [FXGL Background Thread 2 ] INFO  UpdaterService       - Latest stable version: 21.1
11:14:48.046 [JavaFX Application Thread] DEBUG FXGLApplication      - Exiting FXGL
11:14:48.046 [JavaFX Application Thread] DEBUG LoopRunner           - Stopping loop
11:14:48.047 [JavaFX Application Thread] DEBUG SystemBundleService  - Saving FXGL system data
11:14:48.054 [JavaFX Application Thread] DEBUG FileSystemAccess     - Writing to: C:\Users\conth\Documents\csci205_final_project\system\fxgl.bundle
11:14:48.060 [JavaFX Application Thread] DEBUG Async                - Shutting down background threads
11:14:48.061 [JavaFX Application Thread] DEBUG PrimaryStageWindow   - Closing main window
11:14:48.096 [JavaFX Application Thread] DEBUG Logger               - Closing Logger
