11:17:34.468 [main                     ] DEBUG Logger               - Configured Logger
11:17:34.517 [main                     ] DEBUG GameApplication      - Logging settings
Title: Star Wars Game
Version: 1.0
Width: 800
Height: 600
Fullscreen: false
Intro: false
Profiling: false
Single step:false
App Mode: DEVELOPER
Menu Key: ESCAPE
Stage Style: DECORATED
Scene Factory: class com.almasb.fxgl.app.scene.SceneFactory

11:17:35.185 [JavaFX Application Thread] DEBUG FXGLApplication      - Initializing FXGL
11:17:35.192 [JavaFX Application Thread] INFO  Engine               - FXGL-17.1 (24.03.2022 17.34) on WINDOWS (J:21.0.2 FX:18)
11:17:35.192 [JavaFX Application Thread] DEBUG Engine               - JRE Vendor Name: Oracle Corporation
11:17:35.194 [JavaFX Application Thread] DEBUG Engine               - Running on OS: Windows 11 version 10.0
11:17:35.194 [JavaFX Application Thread] DEBUG Engine               - Architecture: amd64
11:17:35.194 [JavaFX Application Thread] INFO  Engine               - Source code and latest versions at: https://github.com/AlmasB/FXGL
11:17:35.194 [JavaFX Application Thread] INFO  Engine               -       Ask questions and discuss at: https://github.com/AlmasB/FXGL/discussions
11:17:35.195 [JavaFX Application Thread] INFO  Engine               -              Join the FXGL chat at: https://gitter.im/AlmasB/FXGL
11:17:35.334 [JavaFX Application Thread] DEBUG PrimaryStageWindow   - Creating a JavaFX scene
11:17:35.401 [JavaFX Application Thread] DEBUG PrimaryStageWindow   - Target settings size: 800.0 x 600.0
11:17:35.402 [JavaFX Application Thread] DEBUG PrimaryStageWindow   - Scaled scene size:    800.0 x 600.0
11:17:35.403 [JavaFX Application Thread] DEBUG PrimaryStageWindow   - Scaled ratio: (1.0, 1.0)
11:17:35.404 [JavaFX Application Thread] DEBUG PrimaryStageWindow   - Set initial scene to FXGLStartupScene
11:17:35.415 [JavaFX Application Thread] DEBUG PrimaryStageWindow   - Opening main window
11:17:35.551 [JavaFX Application Thread] DEBUG PrimaryStageWindow   - Window border size: (13.0, 35.5)
11:17:35.552 [JavaFX Application Thread] DEBUG PrimaryStageWindow   - Scaled size: 800.0 x 600.0
11:17:35.552 [JavaFX Application Thread] DEBUG PrimaryStageWindow   - Scaled ratio: (1.0, 1.0)
11:17:35.553 [JavaFX Application Thread] DEBUG PrimaryStageWindow   - Scene size: 800.0 x 600.0
11:17:35.553 [JavaFX Application Thread] DEBUG PrimaryStageWindow   - Stage size: 813.0 x 635.5
11:17:35.563 [FXGL Background Thread 1 ] DEBUG Engine               - Initializing environment variables
11:17:35.638 [FXGL Background Thread 1 ] DEBUG FXGLAssetLoaderServi - User app class for loading assets: class org.StarWarsFinalProject.GameApp
11:17:35.638 [FXGL Background Thread 1 ] DEBUG GameApplicationServi - Applying CSS: fxgl_dark.css
11:17:35.639 [FXGL Background Thread 1 ] DEBUG FXGLAssetLoaderServi - Loading from file system: jar:file:/C:/Users/Martin/.gradle/caches/modules-2/files-2.1/com.github.almasb/fxgl/17.1/2a9509aedf54954c9b13849c18c6f495a81c542d/fxgl-17.1.jar!/fxglassets/ui/css/fxgl_dark.css
11:17:35.700 [FXGL Background Thread 1 ] DEBUG GameApplicationServi - Initializing application scenes
11:17:35.795 [FXGL Background Thread 1 ] DEBUG GameWorld            - Game world initialized
11:17:35.940 [FXGL Background Thread 1 ] DEBUG PhysicsWorld         - Physics world initialized: appHeight=600, physics.ppm=50.0
11:17:35.941 [FXGL Background Thread 1 ] DEBUG PhysicsWorld         - Using strategy: BRUTE_FORCE
11:17:35.945 [FXGL Background Thread 1 ] DEBUG GameScene            - Game scene initialized: 800x600
11:17:35.954 [FXGL Background Thread 1 ] DEBUG FXGL.DefaultMenu     - createMenuBodyGameMenu()
11:17:35.967 [FXGL Background Thread 1 ] DEBUG FXGL.DefaultMenu     - createOptionsMenu()
11:17:35.976 [FXGL Background Thread 1 ] DEBUG FXGLAssetLoaderServi - Loading from file system: jar:file:/C:/Users/Martin/.gradle/caches/modules-2/files-2.1/com.github.almasb/fxgl/17.1/2a9509aedf54954c9b13849c18c6f495a81c542d/fxgl-17.1.jar!/fxglassets/textures/particles/smoke.png
11:17:36.095 [FXGL Background Thread 1 ] DEBUG FXGLAssetLoaderServi - Loading from file system: jar:file:/C:/Users/Martin/.gradle/caches/modules-2/files-2.1/com.github.almasb/fxgl/17.1/2a9509aedf54954c9b13849c18c6f495a81c542d/fxgl-17.1.jar!/fxglassets/textures/particles/trace_horizontal.png
11:17:36.114 [FXGL Background Thread 1 ] DEBUG GameApplicationServi - Application scenes initialized
11:17:36.128 [FXGL Background Thread 1 ] DEBUG SystemBundleService  - Loading FXGL system data
11:17:36.132 [FXGL Background Thread 1 ] DEBUG FileSystemAccess     - Reading from: C:\Users\Martin\csci205_final_project\system\fxgl.bundle
11:17:36.140 [FXGL Background Thread 1 ] DEBUG SystemBundleService  - Bundle FXGL: {}
11:17:36.140 [FXGL Background Thread 1 ] DEBUG UpdaterService       - Checking for updates
11:17:36.145 [FXGL Background Thread 4 ] DEBUG FXGLApplication      - Loading fonts
11:17:36.146 [FXGL Background Thread 4 ] DEBUG FXGLAssetLoaderServi - Loading from file system: jar:file:/C:/Users/Martin/.gradle/caches/modules-2/files-2.1/com.github.almasb/fxgl/17.1/2a9509aedf54954c9b13849c18c6f495a81c542d/fxgl-17.1.jar!/fxglassets/ui/fonts/VarelaRound-Regular.ttf
11:17:36.147 [FXGL Background Thread 1 ] DEBUG FXGLApplication      - Loading default localization
11:17:36.148 [FXGL Background Thread 1 ] DEBUG FXGLAssetLoaderServi - Loading from file system: jar:file:/C:/Users/Martin/.gradle/caches/modules-2/files-2.1/com.github.almasb/fxgl/17.1/2a9509aedf54954c9b13849c18c6f495a81c542d/fxgl-17.1.jar!/fxglassets/languages/english.lang
11:17:36.212 [FXGL Background Thread 4 ] DEBUG FXGLAssetLoaderServi - Loading from file system: jar:file:/C:/Users/Martin/.gradle/caches/modules-2/files-2.1/com.github.almasb/fxgl/17.1/2a9509aedf54954c9b13849c18c6f495a81c542d/fxgl-17.1.jar!/fxglassets/ui/fonts/Abel-Regular.ttf
11:17:36.217 [FXGL Background Thread 4 ] DEBUG FXGLAssetLoaderServi - Loading from file system: jar:file:/C:/Users/Martin/.gradle/caches/modules-2/files-2.1/com.github.almasb/fxgl/17.1/2a9509aedf54954c9b13849c18c6f495a81c542d/fxgl-17.1.jar!/fxglassets/ui/fonts/TerminalLandMono-Regular.otf
11:17:36.222 [FXGL Background Thread 1 ] INFO  FXGLApplication      - FXGL initialization took: 0.659 sec
11:17:36.223 [FXGL Background Thread 4 ] DEBUG FXGLAssetLoaderServi - Loading from file system: jar:file:/C:/Users/Martin/.gradle/caches/modules-2/files-2.1/com.github.almasb/fxgl/17.1/2a9509aedf54954c9b13849c18c6f495a81c542d/fxgl-17.1.jar!/fxglassets/ui/fonts/Courier-Prime.ttf
11:17:36.224 [JavaFX Application Thread] DEBUG FXGLAssetLoaderServi - Loading from file system: jar:file:/C:/Users/Martin/.gradle/caches/modules-2/files-2.1/com.github.almasb/fxgl/17.1/2a9509aedf54954c9b13849c18c6f495a81c542d/fxgl-17.1.jar!/fxglassets/textures/fxgl_icon.png
11:17:36.253 [JavaFX Application Thread] DEBUG FXGLAssetLoaderServi - Loading from file system: jar:file:/C:/Users/Martin/.gradle/caches/modules-2/files-2.1/com.github.almasb/fxgl/17.1/2a9509aedf54954c9b13849c18c6f495a81c542d/fxgl-17.1.jar!/fxglassets/textures/fxgl_default_cursor.png
11:17:36.261 [JavaFX Application Thread] DEBUG Input                - Registered new binding: Screenshot - CTRL+8
11:17:36.262 [JavaFX Application Thread] DEBUG Input                - Registered new binding: System info dump - CTRL+9
11:17:36.263 [JavaFX Application Thread] DEBUG Input                - Registered new binding: Restart - CTRL+R
11:17:36.263 [JavaFX Application Thread] DEBUG Input                - Registered new binding: Toggle Debug Camera - CTRL+7
11:17:36.266 [JavaFX Application Thread] DEBUG LoopRunner           - Starting loop
11:17:36.266 [JavaFX Application Thread] DEBUG LoopRunner           - Initializing JavaFX AnimationTimerLoop
11:17:36.270 [JavaFX Application Thread] DEBUG GameApplicationServi - Starting new game
11:17:36.270 [JavaFX Application Thread] DEBUG Input                - Clearing active input actions
11:17:36.291 [JavaFX Application Thread] DEBUG GameApplicationServi - Removing overlay from FXGLStartupScene and adding to FXGLLoadingScene
11:17:36.292 [JavaFX Application Thread] DEBUG PrimaryStageWindow   - FXGLStartupScene -> FXGLLoadingScene
11:17:36.292 [JavaFX Application Thread] DEBUG GameApplicationServi - Clearing previous game
11:17:36.292 [JavaFX Application Thread] DEBUG GameScene            - Clearing game scene
11:17:36.292 [JavaFX Application Thread] DEBUG GameWorld            - Clearing game world
11:17:36.292 [JavaFX Application Thread] DEBUG PhysicsWorld         - Clearing physics world
11:17:36.294 [FXGL Background Thread 4 ] DEBUG FXGLApplication      - Initializing game
11:17:36.294 [JavaFX Application Thread] DEBUG FXGLApplication      - Registering font factories with UI factory
11:17:36.359 [FXGL Background Thread 4 ] DEBUG Input                - Registered new binding: Move Player Right - D
11:17:36.360 [FXGL Background Thread 4 ] DEBUG Input                - Registered new binding: Move Player Left - A
11:17:36.361 [FXGL Background Thread 4 ] DEBUG Input                - Registered new binding: Move Player Up - W
11:17:36.361 [FXGL Background Thread 4 ] DEBUG Input                - Registered new binding: Move Player Down - S
11:17:36.362 [FXGL Background Thread 4 ] DEBUG Input                - Registered new binding: Shoot Blaster - Space
11:17:36.366 [FXGL Background Thread 4 ] INFO  FXGLApplication      - Game initialization took: 0.071 sec
11:17:36.388 [JavaFX Application Thread] DEBUG Input                - Clearing active input actions
11:17:36.395 [JavaFX Application Thread] DEBUG GameApplicationServi - Removing overlay from FXGLLoadingScene and adding to GameScene
11:17:36.395 [JavaFX Application Thread] DEBUG PrimaryStageWindow   - FXGLLoadingScene -> GameScene
11:17:36.689 [FXGL Background Thread 2 ] INFO  UpdaterService       - Your current version:  17.1
11:17:36.689 [FXGL Background Thread 2 ] INFO  UpdaterService       - Latest stable version: 21.1
11:17:39.143 [FXGL Background Thread 3 ] DEBUG Engine               - Logging environment variables
11:17:39.145 [FXGL Background Thread 3 ] DEBUG Engine               - achievements: []
11:17:39.145 [FXGL Background Thread 3 ] DEBUG Engine               - actualHeight: 600.0
11:17:39.145 [FXGL Background Thread 3 ] DEBUG Engine               - actualHeightProperty: ReadOnlyDoubleProperty [value: 600.0]
11:17:39.145 [FXGL Background Thread 3 ] DEBUG Engine               - actualWidth: 800.0
11:17:39.146 [FXGL Background Thread 3 ] DEBUG Engine               - actualWidthProperty: ReadOnlyDoubleProperty [value: 800.0]
11:17:39.146 [FXGL Background Thread 3 ] DEBUG Engine               - appIcon: fxgl_icon.png
11:17:39.146 [FXGL Background Thread 3 ] DEBUG Engine               - applicationMode: DEVELOPER
11:17:39.146 [FXGL Background Thread 3 ] DEBUG Engine               - cSSList: [fxgl_dark.css]
11:17:39.146 [FXGL Background Thread 3 ] DEBUG Engine               - collisionDetectionStrategy: BRUTE_FORCE
11:17:39.146 [FXGL Background Thread 3 ] DEBUG Engine               - configClass: Optional.empty
11:17:39.146 [FXGL Background Thread 3 ] DEBUG Engine               - credits: []
11:17:39.147 [FXGL Background Thread 3 ] DEBUG Engine               - defaultCursor: CursorInfo(imageName=fxgl_default_cursor.png, hotspotX=7.0, hotspotY=6.0)
11:17:39.147 [FXGL Background Thread 3 ] DEBUG Engine               - devBBoxColorProperty: ObjectProperty [value: 0xff0000ff]
11:17:39.147 [FXGL Background Thread 3 ] DEBUG Engine               - devEnableDebugCameraProperty: BooleanProperty [value: false]
11:17:39.147 [FXGL Background Thread 3 ] DEBUG Engine               - devSensorColorProperty: ObjectProperty [value: 0xffff00ff]
11:17:39.147 [FXGL Background Thread 3 ] DEBUG Engine               - devShowBBoxProperty: BooleanProperty [value: false]
11:17:39.147 [FXGL Background Thread 3 ] DEBUG Engine               - devShowPositionProperty: BooleanProperty [value: false]
11:17:39.147 [FXGL Background Thread 3 ] DEBUG Engine               - enabledMenuItems: []
11:17:39.148 [FXGL Background Thread 3 ] DEBUG Engine               - engineServices: [class com.almasb.fxgl.app.services.FXGLAssetLoaderService, class com.almasb.fxgl.app.FXGLApplication$GameApplicationService, class com.almasb.fxgl.app.services.FXGLDialogService, class com.almasb.fxgl.app.services.IOTaskExecutorService, class com.almasb.fxgl.io.FileSystemService, class com.almasb.fxgl.localization.LocalizationService, class com.almasb.fxgl.app.services.SystemBundleService, class com.almasb.fxgl.profile.SaveLoadService, class com.almasb.fxgl.ui.FXGLUIFactoryServiceProvider, class com.almasb.fxgl.ui.FXGLDialogFactoryServiceProvider, class com.almasb.fxgl.audio.AudioPlayer, class com.almasb.fxgl.notification.impl.NotificationServiceProvider, class com.almasb.fxgl.achievement.AchievementService, class com.almasb.fxgl.cutscene.CutsceneService, class com.almasb.fxgl.minigames.MiniGameService, class com.almasb.fxgl.net.NetService, class com.almasb.fxgl.app.services.UpdaterService, class com.almasb.fxgl.dev.DevService]
11:17:39.148 [FXGL Background Thread 3 ] DEBUG Engine               - fontGame: Abel-Regular.ttf
11:17:39.148 [FXGL Background Thread 3 ] DEBUG Engine               - fontMono: TerminalLandMono-Regular.otf
11:17:39.148 [FXGL Background Thread 3 ] DEBUG Engine               - fontText: Courier-Prime.ttf
11:17:39.148 [FXGL Background Thread 3 ] DEBUG Engine               - fontUI: VarelaRound-Regular.ttf
11:17:39.148 [FXGL Background Thread 3 ] DEBUG Engine               - fullScreen: BooleanProperty [value: false]
11:17:39.148 [FXGL Background Thread 3 ] DEBUG Engine               - gameDifficulty: MEDIUM
11:17:39.148 [FXGL Background Thread 3 ] DEBUG Engine               - gameDifficultyProperty: ObjectProperty [value: MEDIUM]
11:17:39.148 [FXGL Background Thread 3 ] DEBUG Engine               - globalMusicVolume: 0.5
11:17:39.148 [FXGL Background Thread 3 ] DEBUG Engine               - globalMusicVolumeProperty: DoubleProperty [value: 0.5]
11:17:39.148 [FXGL Background Thread 3 ] DEBUG Engine               - globalSoundVolume: 0.5
11:17:39.148 [FXGL Background Thread 3 ] DEBUG Engine               - globalSoundVolumeProperty: DoubleProperty [value: 0.5]
11:17:39.148 [FXGL Background Thread 3 ] DEBUG Engine               - height: 600
11:17:39.148 [FXGL Background Thread 3 ] DEBUG Engine               - is3D: false
11:17:39.149 [FXGL Background Thread 3 ] DEBUG Engine               - isAndroid: false
11:17:39.149 [FXGL Background Thread 3 ] DEBUG Engine               - isBrowser: false
11:17:39.149 [FXGL Background Thread 3 ] DEBUG Engine               - isClickFeedbackEnabled: false
11:17:39.149 [FXGL Background Thread 3 ] DEBUG Engine               - isCloseConfirmation: false
11:17:39.149 [FXGL Background Thread 3 ] DEBUG Engine               - isDesktop: true
11:17:39.149 [FXGL Background Thread 3 ] DEBUG Engine               - isDeveloperMenuEnabled: false
11:17:39.149 [FXGL Background Thread 3 ] DEBUG Engine               - isEmbedded: false
11:17:39.150 [FXGL Background Thread 3 ] DEBUG Engine               - isEntityPreloadEnabled: true
11:17:39.150 [FXGL Background Thread 3 ] DEBUG Engine               - isExperimentalTiledLargeMap: false
11:17:39.150 [FXGL Background Thread 3 ] DEBUG Engine               - isFileSystemWriteAllowed: true
11:17:39.150 [FXGL Background Thread 3 ] DEBUG Engine               - isFullScreenAllowed: false
11:17:39.150 [FXGL Background Thread 3 ] DEBUG Engine               - isFullScreenFromStart: false
11:17:39.150 [FXGL Background Thread 3 ] DEBUG Engine               - isGameMenuEnabled: true
11:17:39.150 [FXGL Background Thread 3 ] DEBUG Engine               - isIOS: false
11:17:39.152 [FXGL Background Thread 3 ] DEBUG Engine               - isIntroEnabled: false
11:17:39.152 [FXGL Background Thread 3 ] DEBUG Engine               - isLinux: false
11:17:39.152 [FXGL Background Thread 3 ] DEBUG Engine               - isMac: false
11:17:39.152 [FXGL Background Thread 3 ] DEBUG Engine               - isMainMenuEnabled: false
11:17:39.153 [FXGL Background Thread 3 ] DEBUG Engine               - isManualResizeEnabled: false
11:17:39.154 [FXGL Background Thread 3 ] DEBUG Engine               - isMobile: false
11:17:39.154 [FXGL Background Thread 3 ] DEBUG Engine               - isNative: false
11:17:39.154 [FXGL Background Thread 3 ] DEBUG Engine               - isPauseMusicWhenMinimized: true
11:17:39.155 [FXGL Background Thread 3 ] DEBUG Engine               - isPreserveResizeRatio: false
11:17:39.155 [FXGL Background Thread 3 ] DEBUG Engine               - isProfilingEnabled: false
11:17:39.155 [FXGL Background Thread 3 ] DEBUG Engine               - isScaleAffectedOnResize: true
11:17:39.155 [FXGL Background Thread 3 ] DEBUG Engine               - isSingleStep: false
11:17:39.155 [FXGL Background Thread 3 ] DEBUG Engine               - isUserProfileEnabled: false
11:17:39.155 [FXGL Background Thread 3 ] DEBUG Engine               - isWindows: true
11:17:39.155 [FXGL Background Thread 3 ] DEBUG Engine               - language: ObjectProperty [value: ENGLISH]
11:17:39.155 [FXGL Background Thread 3 ] DEBUG Engine               - menuKey: ESCAPE
11:17:39.155 [FXGL Background Thread 3 ] DEBUG Engine               - mouseSensitivity: 0.2
11:17:39.155 [FXGL Background Thread 3 ] DEBUG Engine               - notificationViewClass: class com.almasb.fxgl.notification.view.XboxNotificationView
11:17:39.155 [FXGL Background Thread 3 ] DEBUG Engine               - pixelsPerMeter: 50.0
11:17:39.155 [FXGL Background Thread 3 ] DEBUG Engine               - platform: WINDOWS
11:17:39.155 [FXGL Background Thread 3 ] DEBUG Engine               - prefHeightProperty: ReadOnlyDoubleProperty [value: 600.0]
11:17:39.155 [FXGL Background Thread 3 ] DEBUG Engine               - prefWidthProperty: ReadOnlyDoubleProperty [value: 800.0]
11:17:39.155 [FXGL Background Thread 3 ] DEBUG Engine               - profileDir: profiles/
11:17:39.155 [FXGL Background Thread 3 ] DEBUG Engine               - profileName: StringProperty [value: DEFAULT]
11:17:39.155 [FXGL Background Thread 3 ] DEBUG Engine               - randomSeed: -1
11:17:39.156 [FXGL Background Thread 3 ] DEBUG Engine               - runtimeInfo: RuntimeInfo(platform=WINDOWS, version=17.1, build=24.03.2022 17.34)
11:17:39.156 [FXGL Background Thread 3 ] DEBUG Engine               - saveFileExt: sav
11:17:39.156 [FXGL Background Thread 3 ] DEBUG Engine               - scaledHeightProp$fxgl: DoubleProperty [bound, value: 600.0]
11:17:39.156 [FXGL Background Thread 3 ] DEBUG Engine               - scaledWidthProp$fxgl: DoubleProperty [bound, value: 800.0]
11:17:39.156 [FXGL Background Thread 3 ] DEBUG Engine               - sceneFactory: com.almasb.fxgl.app.scene.SceneFactory@3dda9043
11:17:39.156 [FXGL Background Thread 3 ] DEBUG Engine               - secondsIn24h: 60
11:17:39.156 [FXGL Background Thread 3 ] DEBUG Engine               - soundMenuBack: menu/back.wav
11:17:39.157 [FXGL Background Thread 3 ] DEBUG Engine               - soundMenuPress: menu/press.wav
11:17:39.157 [FXGL Background Thread 3 ] DEBUG Engine               - soundMenuSelect: menu/select.wav
11:17:39.157 [FXGL Background Thread 3 ] DEBUG Engine               - soundNotification: core/notification.wav
11:17:39.157 [FXGL Background Thread 3 ] DEBUG Engine               - stageStyle: DECORATED
11:17:39.157 [FXGL Background Thread 3 ] DEBUG Engine               - supportedLanguages: [ENGLISH, FRENCH, GERMAN, HUNGARIAN, RUSSIAN]
11:17:39.157 [FXGL Background Thread 3 ] DEBUG Engine               - ticksPerSecond: -1
11:17:39.157 [FXGL Background Thread 3 ] DEBUG Engine               - title: Star Wars Game
11:17:39.157 [FXGL Background Thread 3 ] DEBUG Engine               - urlGithub: https://github.com/AlmasB/FXGL
11:17:39.157 [FXGL Background Thread 3 ] DEBUG Engine               - urlLeaderboard: http://fxgl-top.herokuapp.com/
11:17:39.157 [FXGL Background Thread 3 ] DEBUG Engine               - urlPOM: https://raw.githubusercontent.com/AlmasB/FXGL/release/README.md
11:17:39.157 [FXGL Background Thread 3 ] DEBUG Engine               - userAppClass: class org.StarWarsFinalProject.GameApp
11:17:39.157 [FXGL Background Thread 3 ] DEBUG Engine               - version: 1.0
11:17:39.157 [FXGL Background Thread 3 ] DEBUG Engine               - versionCheckDays: 7
11:17:39.157 [FXGL Background Thread 3 ] DEBUG Engine               - width: 800
11:17:39.157 [FXGL Background Thread 3 ] DEBUG Engine               - Logging services
11:17:39.157 [FXGL Background Thread 3 ] DEBUG Engine               - class com.almasb.fxgl.app.services.FXGLAssetLoaderService
11:17:39.157 [FXGL Background Thread 3 ] DEBUG Engine               - class com.almasb.fxgl.app.FXGLApplication$GameApplicationService
11:17:39.158 [FXGL Background Thread 3 ] DEBUG Engine               - class com.almasb.fxgl.app.services.FXGLDialogService
11:17:39.158 [FXGL Background Thread 3 ] DEBUG Engine               - class com.almasb.fxgl.app.services.IOTaskExecutorService
11:17:39.158 [FXGL Background Thread 3 ] DEBUG Engine               - class com.almasb.fxgl.io.FileSystemService
11:17:39.158 [FXGL Background Thread 3 ] DEBUG Engine               - class com.almasb.fxgl.localization.LocalizationService
11:17:39.158 [FXGL Background Thread 3 ] DEBUG Engine               - class com.almasb.fxgl.app.services.SystemBundleService
11:17:39.158 [FXGL Background Thread 3 ] DEBUG Engine               - class com.almasb.fxgl.profile.SaveLoadService
11:17:39.158 [FXGL Background Thread 3 ] DEBUG Engine               - class com.almasb.fxgl.ui.FXGLUIFactoryServiceProvider
11:17:39.158 [FXGL Background Thread 3 ] DEBUG Engine               - class com.almasb.fxgl.ui.FXGLDialogFactoryServiceProvider
11:17:39.158 [FXGL Background Thread 3 ] DEBUG Engine               - class com.almasb.fxgl.audio.AudioPlayer
11:17:39.158 [FXGL Background Thread 3 ] DEBUG Engine               - class com.almasb.fxgl.notification.impl.NotificationServiceProvider
11:17:39.158 [FXGL Background Thread 3 ] DEBUG Engine               - class com.almasb.fxgl.achievement.AchievementService
11:17:39.158 [FXGL Background Thread 3 ] DEBUG Engine               - class com.almasb.fxgl.cutscene.CutsceneService
11:17:39.158 [FXGL Background Thread 3 ] DEBUG Engine               - class com.almasb.fxgl.minigames.MiniGameService
11:17:39.158 [FXGL Background Thread 3 ] DEBUG Engine               - class com.almasb.fxgl.net.NetService
11:17:39.158 [FXGL Background Thread 3 ] DEBUG Engine               - class com.almasb.fxgl.app.services.UpdaterService
11:17:39.158 [FXGL Background Thread 3 ] DEBUG Engine               - class com.almasb.fxgl.dev.DevService
11:18:31.922 [JavaFX Application Thread] DEBUG FXGLApplication      - Exiting FXGL
11:18:31.922 [JavaFX Application Thread] DEBUG LoopRunner           - Stopping loop
11:18:31.922 [JavaFX Application Thread] DEBUG SystemBundleService  - Saving FXGL system data
11:18:31.925 [JavaFX Application Thread] DEBUG FileSystemAccess     - Writing to: C:\Users\Martin\csci205_final_project\system\fxgl.bundle
11:18:31.929 [JavaFX Application Thread] DEBUG Async                - Shutting down background threads
11:18:31.929 [JavaFX Application Thread] DEBUG PrimaryStageWindow   - Closing main window
11:18:32.004 [JavaFX Application Thread] DEBUG Logger               - Closing Logger
