10:32:07.673 [main                     ] DEBUG Logger               - Configured Logger
10:32:07.704 [main                     ] DEBUG GameApplication      - Logging settings
Title: Star Wars Game
Version: 1.0
Width: 800
Height: 600
Fullscreen: false
Intro: false
Profiling: false
Single step:false
App Mode: DEVELOPER
Menu Key: ESCAPE
Stage Style: DECORATED
Scene Factory: class com.almasb.fxgl.app.scene.SceneFactory

10:32:08.278 [JavaFX Application Thread] DEBUG FXGLApplication      - Initializing FXGL
10:32:08.285 [JavaFX Application Thread] INFO  Engine               - FXGL-17.1 (24.03.2022 17.34) on WINDOWS (J:21.0.2 FX:18)
10:32:08.286 [JavaFX Application Thread] DEBUG Engine               - JRE Vendor Name: Oracle Corporation
10:32:08.286 [JavaFX Application Thread] DEBUG Engine               - Running on OS: Windows 11 version 10.0
10:32:08.286 [JavaFX Application Thread] DEBUG Engine               - Architecture: amd64
10:32:08.286 [JavaFX Application Thread] INFO  Engine               - Source code and latest versions at: https://github.com/AlmasB/FXGL
10:32:08.287 [JavaFX Application Thread] INFO  Engine               -       Ask questions and discuss at: https://github.com/AlmasB/FXGL/discussions
10:32:08.287 [JavaFX Application Thread] INFO  Engine               -              Join the FXGL chat at: https://gitter.im/AlmasB/FXGL
10:32:08.422 [JavaFX Application Thread] DEBUG PrimaryStageWindow   - Creating a JavaFX scene
10:32:08.471 [JavaFX Application Thread] DEBUG PrimaryStageWindow   - Target settings size: 800.0 x 600.0
10:32:08.472 [JavaFX Application Thread] DEBUG PrimaryStageWindow   - Scaled scene size:    800.0 x 600.0
10:32:08.472 [JavaFX Application Thread] DEBUG PrimaryStageWindow   - Scaled ratio: (1.0, 1.0)
10:32:08.473 [JavaFX Application Thread] DEBUG PrimaryStageWindow   - Set initial scene to FXGLStartupScene
10:32:08.483 [JavaFX Application Thread] DEBUG PrimaryStageWindow   - Opening main window
10:32:08.627 [JavaFX Application Thread] DEBUG PrimaryStageWindow   - Window border size: (13.0, 35.5)
10:32:08.628 [JavaFX Application Thread] DEBUG PrimaryStageWindow   - Scaled size: 800.0 x 600.0
10:32:08.628 [JavaFX Application Thread] DEBUG PrimaryStageWindow   - Scaled ratio: (1.0, 1.0)
10:32:08.629 [JavaFX Application Thread] DEBUG PrimaryStageWindow   - Scene size: 800.0 x 600.0
10:32:08.630 [JavaFX Application Thread] DEBUG PrimaryStageWindow   - Stage size: 813.0 x 635.5
10:32:08.639 [FXGL Background Thread 1 ] DEBUG Engine               - Initializing environment variables
10:32:08.768 [FXGL Background Thread 1 ] DEBUG FXGLAssetLoaderServi - User app class for loading assets: class org.StarWarsFinalProject.GameApp
10:32:08.768 [FXGL Background Thread 1 ] DEBUG GameApplicationServi - Applying CSS: fxgl_dark.css
10:32:08.769 [FXGL Background Thread 1 ] DEBUG FXGLAssetLoaderServi - Loading from file system: jar:file:/C:/Users/Martin/.gradle/caches/modules-2/files-2.1/com.github.almasb/fxgl/17.1/2a9509aedf54954c9b13849c18c6f495a81c542d/fxgl-17.1.jar!/fxglassets/ui/css/fxgl_dark.css
10:32:08.838 [FXGL Background Thread 1 ] DEBUG GameApplicationServi - Initializing application scenes
10:32:08.902 [FXGL Background Thread 1 ] DEBUG GameWorld            - Game world initialized
10:32:09.099 [FXGL Background Thread 1 ] DEBUG PhysicsWorld         - Physics world initialized: appHeight=600, physics.ppm=50.0
10:32:09.099 [FXGL Background Thread 1 ] DEBUG PhysicsWorld         - Using strategy: BRUTE_FORCE
10:32:09.104 [FXGL Background Thread 1 ] DEBUG GameScene            - Game scene initialized: 800x600
10:32:09.114 [FXGL Background Thread 1 ] DEBUG FXGL.DefaultMenu     - createMenuBodyGameMenu()
10:32:09.129 [FXGL Background Thread 1 ] DEBUG FXGL.DefaultMenu     - createOptionsMenu()
10:32:09.143 [FXGL Background Thread 1 ] DEBUG FXGLAssetLoaderServi - Loading from file system: jar:file:/C:/Users/Martin/.gradle/caches/modules-2/files-2.1/com.github.almasb/fxgl/17.1/2a9509aedf54954c9b13849c18c6f495a81c542d/fxgl-17.1.jar!/fxglassets/textures/particles/smoke.png
10:32:09.281 [FXGL Background Thread 1 ] DEBUG FXGLAssetLoaderServi - Loading from file system: jar:file:/C:/Users/Martin/.gradle/caches/modules-2/files-2.1/com.github.almasb/fxgl/17.1/2a9509aedf54954c9b13849c18c6f495a81c542d/fxgl-17.1.jar!/fxglassets/textures/particles/trace_horizontal.png
10:32:09.303 [FXGL Background Thread 1 ] DEBUG GameApplicationServi - Application scenes initialized
10:32:09.320 [FXGL Background Thread 1 ] DEBUG SystemBundleService  - Loading FXGL system data
10:32:09.324 [FXGL Background Thread 1 ] DEBUG FileSystemAccess     - Reading from: C:\Users\Martin\csci205_final_project\system\fxgl.bundle
10:32:09.334 [FXGL Background Thread 1 ] DEBUG SystemBundleService  - Bundle FXGL: {}
10:32:09.334 [FXGL Background Thread 1 ] DEBUG UpdaterService       - Checking for updates
10:32:09.337 [FXGL Background Thread 4 ] DEBUG FXGLApplication      - Loading fonts
10:32:09.337 [FXGL Background Thread 1 ] DEBUG FXGLApplication      - Loading default localization
10:32:09.338 [FXGL Background Thread 4 ] DEBUG FXGLAssetLoaderServi - Loading from file system: jar:file:/C:/Users/Martin/.gradle/caches/modules-2/files-2.1/com.github.almasb/fxgl/17.1/2a9509aedf54954c9b13849c18c6f495a81c542d/fxgl-17.1.jar!/fxglassets/ui/fonts/VarelaRound-Regular.ttf
10:32:09.338 [FXGL Background Thread 1 ] DEBUG FXGLAssetLoaderServi - Loading from file system: jar:file:/C:/Users/Martin/.gradle/caches/modules-2/files-2.1/com.github.almasb/fxgl/17.1/2a9509aedf54954c9b13849c18c6f495a81c542d/fxgl-17.1.jar!/fxglassets/languages/english.lang
10:32:09.377 [FXGL Background Thread 1 ] INFO  FXGLApplication      - FXGL initialization took: 0.737 sec
10:32:09.379 [JavaFX Application Thread] DEBUG FXGLAssetLoaderServi - Loading from file system: jar:file:/C:/Users/Martin/.gradle/caches/modules-2/files-2.1/com.github.almasb/fxgl/17.1/2a9509aedf54954c9b13849c18c6f495a81c542d/fxgl-17.1.jar!/fxglassets/textures/fxgl_icon.png
10:32:09.391 [FXGL Background Thread 4 ] DEBUG FXGLAssetLoaderServi - Loading from file system: jar:file:/C:/Users/Martin/.gradle/caches/modules-2/files-2.1/com.github.almasb/fxgl/17.1/2a9509aedf54954c9b13849c18c6f495a81c542d/fxgl-17.1.jar!/fxglassets/ui/fonts/Abel-Regular.ttf
10:32:09.398 [FXGL Background Thread 4 ] DEBUG FXGLAssetLoaderServi - Loading from file system: jar:file:/C:/Users/Martin/.gradle/caches/modules-2/files-2.1/com.github.almasb/fxgl/17.1/2a9509aedf54954c9b13849c18c6f495a81c542d/fxgl-17.1.jar!/fxglassets/ui/fonts/TerminalLandMono-Regular.otf
10:32:09.405 [FXGL Background Thread 4 ] DEBUG FXGLAssetLoaderServi - Loading from file system: jar:file:/C:/Users/Martin/.gradle/caches/modules-2/files-2.1/com.github.almasb/fxgl/17.1/2a9509aedf54954c9b13849c18c6f495a81c542d/fxgl-17.1.jar!/fxglassets/ui/fonts/Courier-Prime.ttf
10:32:09.405 [JavaFX Application Thread] DEBUG FXGLAssetLoaderServi - Loading from file system: jar:file:/C:/Users/Martin/.gradle/caches/modules-2/files-2.1/com.github.almasb/fxgl/17.1/2a9509aedf54954c9b13849c18c6f495a81c542d/fxgl-17.1.jar!/fxglassets/textures/fxgl_default_cursor.png
10:32:09.428 [JavaFX Application Thread] DEBUG Input                - Registered new binding: Screenshot - CTRL+8
10:32:09.429 [JavaFX Application Thread] DEBUG Input                - Registered new binding: System info dump - CTRL+9
10:32:09.430 [JavaFX Application Thread] DEBUG Input                - Registered new binding: Restart - CTRL+R
10:32:09.431 [JavaFX Application Thread] DEBUG Input                - Registered new binding: Toggle Debug Camera - CTRL+7
10:32:09.432 [JavaFX Application Thread] DEBUG LoopRunner           - Starting loop
10:32:09.432 [JavaFX Application Thread] DEBUG LoopRunner           - Initializing JavaFX AnimationTimerLoop
10:32:09.434 [JavaFX Application Thread] DEBUG GameApplicationServi - Starting new game
10:32:09.435 [JavaFX Application Thread] DEBUG Input                - Clearing active input actions
10:32:09.461 [JavaFX Application Thread] DEBUG GameApplicationServi - Removing overlay from FXGLStartupScene and adding to FXGLLoadingScene
10:32:09.461 [JavaFX Application Thread] DEBUG PrimaryStageWindow   - FXGLStartupScene -> FXGLLoadingScene
10:32:09.461 [JavaFX Application Thread] DEBUG GameApplicationServi - Clearing previous game
10:32:09.462 [JavaFX Application Thread] DEBUG GameScene            - Clearing game scene
10:32:09.462 [JavaFX Application Thread] DEBUG GameWorld            - Clearing game world
10:32:09.462 [JavaFX Application Thread] DEBUG PhysicsWorld         - Clearing physics world
10:32:09.467 [JavaFX Application Thread] DEBUG FXGLApplication      - Registering font factories with UI factory
10:32:09.466 [FXGL Background Thread 4 ] DEBUG FXGLApplication      - Initializing game
10:32:09.584 [FXGL Background Thread 4 ] DEBUG Input                - Registered new binding: Move Player Right - D
10:32:09.585 [FXGL Background Thread 4 ] DEBUG Input                - Registered new binding: Move Player Left - A
10:32:09.585 [FXGL Background Thread 4 ] DEBUG Input                - Registered new binding: Move Player Up - W
10:32:09.586 [FXGL Background Thread 4 ] DEBUG Input                - Registered new binding: Move Player Down - S
10:32:09.587 [FXGL Background Thread 4 ] DEBUG Input                - Registered new binding: Shoot Blaster - Space
10:32:09.589 [FXGL Background Thread 4 ] INFO  FXGLApplication      - Game initialization took: 0.123 sec
10:32:09.603 [JavaFX Application Thread] DEBUG Input                - Clearing active input actions
10:32:09.610 [JavaFX Application Thread] DEBUG GameApplicationServi - Removing overlay from FXGLLoadingScene and adding to GameScene
10:32:09.611 [JavaFX Application Thread] DEBUG PrimaryStageWindow   - FXGLLoadingScene -> GameScene
10:32:10.190 [FXGL Background Thread 2 ] INFO  UpdaterService       - Your current version:  17.1
10:32:10.191 [FXGL Background Thread 2 ] INFO  UpdaterService       - Latest stable version: 21.1
10:32:12.337 [FXGL Background Thread 3 ] DEBUG Engine               - Logging environment variables
10:32:12.339 [FXGL Background Thread 3 ] DEBUG Engine               - achievements: []
10:32:12.339 [FXGL Background Thread 3 ] DEBUG Engine               - actualHeight: 600.0
10:32:12.340 [FXGL Background Thread 3 ] DEBUG Engine               - actualHeightProperty: ReadOnlyDoubleProperty [value: 600.0]
10:32:12.340 [FXGL Background Thread 3 ] DEBUG Engine               - actualWidth: 800.0
10:32:12.340 [FXGL Background Thread 3 ] DEBUG Engine               - actualWidthProperty: ReadOnlyDoubleProperty [value: 800.0]
10:32:12.340 [FXGL Background Thread 3 ] DEBUG Engine               - appIcon: fxgl_icon.png
10:32:12.340 [FXGL Background Thread 3 ] DEBUG Engine               - applicationMode: DEVELOPER
10:32:12.340 [FXGL Background Thread 3 ] DEBUG Engine               - cSSList: [fxgl_dark.css]
10:32:12.341 [FXGL Background Thread 3 ] DEBUG Engine               - collisionDetectionStrategy: BRUTE_FORCE
10:32:12.341 [FXGL Background Thread 3 ] DEBUG Engine               - configClass: Optional.empty
10:32:12.341 [FXGL Background Thread 3 ] DEBUG Engine               - credits: []
10:32:12.341 [FXGL Background Thread 3 ] DEBUG Engine               - defaultCursor: CursorInfo(imageName=fxgl_default_cursor.png, hotspotX=7.0, hotspotY=6.0)
10:32:12.342 [FXGL Background Thread 3 ] DEBUG Engine               - devBBoxColorProperty: ObjectProperty [value: 0xff0000ff]
10:32:12.342 [FXGL Background Thread 3 ] DEBUG Engine               - devEnableDebugCameraProperty: BooleanProperty [value: false]
10:32:12.342 [FXGL Background Thread 3 ] DEBUG Engine               - devSensorColorProperty: ObjectProperty [value: 0xffff00ff]
10:32:12.342 [FXGL Background Thread 3 ] DEBUG Engine               - devShowBBoxProperty: BooleanProperty [value: false]
10:32:12.342 [FXGL Background Thread 3 ] DEBUG Engine               - devShowPositionProperty: BooleanProperty [value: false]
10:32:12.343 [FXGL Background Thread 3 ] DEBUG Engine               - enabledMenuItems: []
10:32:12.343 [FXGL Background Thread 3 ] DEBUG Engine               - engineServices: [class com.almasb.fxgl.app.services.FXGLAssetLoaderService, class com.almasb.fxgl.app.FXGLApplication$GameApplicationService, class com.almasb.fxgl.app.services.FXGLDialogService, class com.almasb.fxgl.app.services.IOTaskExecutorService, class com.almasb.fxgl.io.FileSystemService, class com.almasb.fxgl.localization.LocalizationService, class com.almasb.fxgl.app.services.SystemBundleService, class com.almasb.fxgl.profile.SaveLoadService, class com.almasb.fxgl.ui.FXGLUIFactoryServiceProvider, class com.almasb.fxgl.ui.FXGLDialogFactoryServiceProvider, class com.almasb.fxgl.audio.AudioPlayer, class com.almasb.fxgl.notification.impl.NotificationServiceProvider, class com.almasb.fxgl.achievement.AchievementService, class com.almasb.fxgl.cutscene.CutsceneService, class com.almasb.fxgl.minigames.MiniGameService, class com.almasb.fxgl.net.NetService, class com.almasb.fxgl.app.services.UpdaterService, class com.almasb.fxgl.dev.DevService]
10:32:12.343 [FXGL Background Thread 3 ] DEBUG Engine               - fontGame: Abel-Regular.ttf
10:32:12.343 [FXGL Background Thread 3 ] DEBUG Engine               - fontMono: TerminalLandMono-Regular.otf
10:32:12.343 [FXGL Background Thread 3 ] DEBUG Engine               - fontText: Courier-Prime.ttf
10:32:12.343 [FXGL Background Thread 3 ] DEBUG Engine               - fontUI: VarelaRound-Regular.ttf
10:32:12.343 [FXGL Background Thread 3 ] DEBUG Engine               - fullScreen: BooleanProperty [value: false]
10:32:12.343 [FXGL Background Thread 3 ] DEBUG Engine               - gameDifficulty: MEDIUM
10:32:12.343 [FXGL Background Thread 3 ] DEBUG Engine               - gameDifficultyProperty: ObjectProperty [value: MEDIUM]
10:32:12.344 [FXGL Background Thread 3 ] DEBUG Engine               - globalMusicVolume: 0.5
10:32:12.344 [FXGL Background Thread 3 ] DEBUG Engine               - globalMusicVolumeProperty: DoubleProperty [value: 0.5]
10:32:12.344 [FXGL Background Thread 3 ] DEBUG Engine               - globalSoundVolume: 0.5
10:32:12.344 [FXGL Background Thread 3 ] DEBUG Engine               - globalSoundVolumeProperty: DoubleProperty [value: 0.5]
10:32:12.344 [FXGL Background Thread 3 ] DEBUG Engine               - height: 600
10:32:12.344 [FXGL Background Thread 3 ] DEBUG Engine               - is3D: false
10:32:12.344 [FXGL Background Thread 3 ] DEBUG Engine               - isAndroid: false
10:32:12.344 [FXGL Background Thread 3 ] DEBUG Engine               - isBrowser: false
10:32:12.344 [FXGL Background Thread 3 ] DEBUG Engine               - isClickFeedbackEnabled: false
10:32:12.344 [FXGL Background Thread 3 ] DEBUG Engine               - isCloseConfirmation: false
10:32:12.344 [FXGL Background Thread 3 ] DEBUG Engine               - isDesktop: true
10:32:12.344 [FXGL Background Thread 3 ] DEBUG Engine               - isDeveloperMenuEnabled: false
10:32:12.345 [FXGL Background Thread 3 ] DEBUG Engine               - isEmbedded: false
10:32:12.345 [FXGL Background Thread 3 ] DEBUG Engine               - isEntityPreloadEnabled: true
10:32:12.345 [FXGL Background Thread 3 ] DEBUG Engine               - isExperimentalTiledLargeMap: false
10:32:12.345 [FXGL Background Thread 3 ] DEBUG Engine               - isFileSystemWriteAllowed: true
10:32:12.345 [FXGL Background Thread 3 ] DEBUG Engine               - isFullScreenAllowed: false
10:32:12.345 [FXGL Background Thread 3 ] DEBUG Engine               - isFullScreenFromStart: false
10:32:12.345 [FXGL Background Thread 3 ] DEBUG Engine               - isGameMenuEnabled: true
10:32:12.345 [FXGL Background Thread 3 ] DEBUG Engine               - isIOS: false
10:32:12.345 [FXGL Background Thread 3 ] DEBUG Engine               - isIntroEnabled: false
10:32:12.345 [FXGL Background Thread 3 ] DEBUG Engine               - isLinux: false
10:32:12.345 [FXGL Background Thread 3 ] DEBUG Engine               - isMac: false
10:32:12.346 [FXGL Background Thread 3 ] DEBUG Engine               - isMainMenuEnabled: false
10:32:12.346 [FXGL Background Thread 3 ] DEBUG Engine               - isManualResizeEnabled: false
10:32:12.346 [FXGL Background Thread 3 ] DEBUG Engine               - isMobile: false
10:32:12.346 [FXGL Background Thread 3 ] DEBUG Engine               - isNative: false
10:32:12.346 [FXGL Background Thread 3 ] DEBUG Engine               - isPauseMusicWhenMinimized: true
10:32:12.346 [FXGL Background Thread 3 ] DEBUG Engine               - isPreserveResizeRatio: false
10:32:12.347 [FXGL Background Thread 3 ] DEBUG Engine               - isProfilingEnabled: false
10:32:12.347 [FXGL Background Thread 3 ] DEBUG Engine               - isScaleAffectedOnResize: true
10:32:12.347 [FXGL Background Thread 3 ] DEBUG Engine               - isSingleStep: false
10:32:12.347 [FXGL Background Thread 3 ] DEBUG Engine               - isUserProfileEnabled: false
10:32:12.348 [FXGL Background Thread 3 ] DEBUG Engine               - isWindows: true
10:32:12.348 [FXGL Background Thread 3 ] DEBUG Engine               - language: ObjectProperty [value: ENGLISH]
10:32:12.348 [FXGL Background Thread 3 ] DEBUG Engine               - menuKey: ESCAPE
10:32:12.348 [FXGL Background Thread 3 ] DEBUG Engine               - mouseSensitivity: 0.2
10:32:12.348 [FXGL Background Thread 3 ] DEBUG Engine               - notificationViewClass: class com.almasb.fxgl.notification.view.XboxNotificationView
10:32:12.348 [FXGL Background Thread 3 ] DEBUG Engine               - pixelsPerMeter: 50.0
10:32:12.348 [FXGL Background Thread 3 ] DEBUG Engine               - platform: WINDOWS
10:32:12.348 [FXGL Background Thread 3 ] DEBUG Engine               - prefHeightProperty: ReadOnlyDoubleProperty [value: 600.0]
10:32:12.348 [FXGL Background Thread 3 ] DEBUG Engine               - prefWidthProperty: ReadOnlyDoubleProperty [value: 800.0]
10:32:12.348 [FXGL Background Thread 3 ] DEBUG Engine               - profileDir: profiles/
10:32:12.348 [FXGL Background Thread 3 ] DEBUG Engine               - profileName: StringProperty [value: DEFAULT]
10:32:12.348 [FXGL Background Thread 3 ] DEBUG Engine               - randomSeed: -1
10:32:12.349 [FXGL Background Thread 3 ] DEBUG Engine               - runtimeInfo: RuntimeInfo(platform=WINDOWS, version=17.1, build=24.03.2022 17.34)
10:32:12.349 [FXGL Background Thread 3 ] DEBUG Engine               - saveFileExt: sav
10:32:12.349 [FXGL Background Thread 3 ] DEBUG Engine               - scaledHeightProp$fxgl: DoubleProperty [bound, value: 600.0]
10:32:12.350 [FXGL Background Thread 3 ] DEBUG Engine               - scaledWidthProp$fxgl: DoubleProperty [bound, value: 800.0]
10:32:12.350 [FXGL Background Thread 3 ] DEBUG Engine               - sceneFactory: com.almasb.fxgl.app.scene.SceneFactory@7663ab72
10:32:12.350 [FXGL Background Thread 3 ] DEBUG Engine               - secondsIn24h: 60
10:32:12.350 [FXGL Background Thread 3 ] DEBUG Engine               - soundMenuBack: menu/back.wav
10:32:12.350 [FXGL Background Thread 3 ] DEBUG Engine               - soundMenuPress: menu/press.wav
10:32:12.350 [FXGL Background Thread 3 ] DEBUG Engine               - soundMenuSelect: menu/select.wav
10:32:12.350 [FXGL Background Thread 3 ] DEBUG Engine               - soundNotification: core/notification.wav
10:32:12.350 [FXGL Background Thread 3 ] DEBUG Engine               - stageStyle: DECORATED
10:32:12.350 [FXGL Background Thread 3 ] DEBUG Engine               - supportedLanguages: [ENGLISH, FRENCH, GERMAN, HUNGARIAN, RUSSIAN]
10:32:12.351 [FXGL Background Thread 3 ] DEBUG Engine               - ticksPerSecond: -1
10:32:12.351 [FXGL Background Thread 3 ] DEBUG Engine               - title: Star Wars Game
10:32:12.351 [FXGL Background Thread 3 ] DEBUG Engine               - urlGithub: https://github.com/AlmasB/FXGL
10:32:12.351 [FXGL Background Thread 3 ] DEBUG Engine               - urlLeaderboard: http://fxgl-top.herokuapp.com/
10:32:12.351 [FXGL Background Thread 3 ] DEBUG Engine               - urlPOM: https://raw.githubusercontent.com/AlmasB/FXGL/release/README.md
10:32:12.351 [FXGL Background Thread 3 ] DEBUG Engine               - userAppClass: class org.StarWarsFinalProject.GameApp
10:32:12.351 [FXGL Background Thread 3 ] DEBUG Engine               - version: 1.0
10:32:12.351 [FXGL Background Thread 3 ] DEBUG Engine               - versionCheckDays: 7
10:32:12.352 [FXGL Background Thread 3 ] DEBUG Engine               - width: 800
10:32:12.352 [FXGL Background Thread 3 ] DEBUG Engine               - Logging services
10:32:12.352 [FXGL Background Thread 3 ] DEBUG Engine               - class com.almasb.fxgl.app.services.FXGLAssetLoaderService
10:32:12.352 [FXGL Background Thread 3 ] DEBUG Engine               - class com.almasb.fxgl.app.FXGLApplication$GameApplicationService
10:32:12.352 [FXGL Background Thread 3 ] DEBUG Engine               - class com.almasb.fxgl.app.services.FXGLDialogService
10:32:12.352 [FXGL Background Thread 3 ] DEBUG Engine               - class com.almasb.fxgl.app.services.IOTaskExecutorService
10:32:12.352 [FXGL Background Thread 3 ] DEBUG Engine               - class com.almasb.fxgl.io.FileSystemService
10:32:12.352 [FXGL Background Thread 3 ] DEBUG Engine               - class com.almasb.fxgl.localization.LocalizationService
10:32:12.352 [FXGL Background Thread 3 ] DEBUG Engine               - class com.almasb.fxgl.app.services.SystemBundleService
10:32:12.352 [FXGL Background Thread 3 ] DEBUG Engine               - class com.almasb.fxgl.profile.SaveLoadService
10:32:12.352 [FXGL Background Thread 3 ] DEBUG Engine               - class com.almasb.fxgl.ui.FXGLUIFactoryServiceProvider
10:32:12.352 [FXGL Background Thread 3 ] DEBUG Engine               - class com.almasb.fxgl.ui.FXGLDialogFactoryServiceProvider
10:32:12.352 [FXGL Background Thread 3 ] DEBUG Engine               - class com.almasb.fxgl.audio.AudioPlayer
10:32:12.352 [FXGL Background Thread 3 ] DEBUG Engine               - class com.almasb.fxgl.notification.impl.NotificationServiceProvider
10:32:12.352 [FXGL Background Thread 3 ] DEBUG Engine               - class com.almasb.fxgl.achievement.AchievementService
10:32:12.352 [FXGL Background Thread 3 ] DEBUG Engine               - class com.almasb.fxgl.cutscene.CutsceneService
10:32:12.352 [FXGL Background Thread 3 ] DEBUG Engine               - class com.almasb.fxgl.minigames.MiniGameService
10:32:12.352 [FXGL Background Thread 3 ] DEBUG Engine               - class com.almasb.fxgl.net.NetService
10:32:12.352 [FXGL Background Thread 3 ] DEBUG Engine               - class com.almasb.fxgl.app.services.UpdaterService
10:32:12.352 [FXGL Background Thread 3 ] DEBUG Engine               - class com.almasb.fxgl.dev.DevService
10:32:24.337 [JavaFX Application Thread] DEBUG FXGLApplication      - Exiting FXGL
10:32:24.337 [JavaFX Application Thread] DEBUG LoopRunner           - Stopping loop
10:32:24.337 [JavaFX Application Thread] DEBUG SystemBundleService  - Saving FXGL system data
10:32:24.341 [JavaFX Application Thread] DEBUG FileSystemAccess     - Writing to: C:\Users\Martin\csci205_final_project\system\fxgl.bundle
10:32:24.349 [JavaFX Application Thread] DEBUG Async                - Shutting down background threads
10:32:24.349 [JavaFX Application Thread] DEBUG PrimaryStageWindow   - Closing main window
10:32:24.448 [JavaFX Application Thread] DEBUG Logger               - Closing Logger
